#
# There is insufficient memory for the Java Runtime Environment to continue.
# Native memory allocation (malloc) failed to allocate 672336 bytes for Chunk::new
# Possible reasons:
#   The system is out of physical RAM or swap space
#   The process is running with CompressedOops enabled, and the Java Heap may be blocking the growth of the native heap
# Possible solutions:
#   Reduce memory load on the system
#   Increase physical memory or swap space
#   Check if swap backing store is full
#   Decrease Java heap size (-Xmx/-Xms)
#   Decrease number of Java threads
#   Decrease Java thread stack sizes (-Xss)
#   Set larger code cache with -XX:ReservedCodeCacheSize=
#   JVM is running with Unscaled Compressed Oops mode in which the Java heap is
#     placed in the first 4GB address space. The Java Heap base address is the
#     maximum limit for the native heap growth. Please use -XX:HeapBaseMinAddress
#     to set the Java Heap base and to place the Java Heap above 4GB virtual address.
# This output file may be truncated or incomplete.
#
#  Out of Memory Error (arena.cpp:168), pid=40936, tid=1664
#
# JRE version: Java(TM) SE Runtime Environment (21.0.3+7) (build 21.0.3+7-LTS-152)
# Java VM: Java HotSpot(TM) 64-Bit Server VM (21.0.3+7-LTS-152, mixed mode, sharing, tiered, compressed oops, compressed class ptrs, g1 gc, windows-amd64)
# No core dump will be written. Minidumps are not enabled by default on client versions of Windows
#

---------------  S U M M A R Y ------------

Command Line: -Dfile.encoding=UTF-8 -Dstdout.encoding=UTF-8 -Dstderr.encoding=UTF-8 -XX:+ShowCodeDetailsInExceptionMessages com.superBoy.FoodieHub.FoodieHubApplication

Host: AMD Ryzen 7 6800H with Radeon Graphics         , 16 cores, 7G,  Windows 11 , 64 bit Build 26100 (10.0.26100.7920)
Time: Sun Mar 22 22:39:47 2026 India Standard Time elapsed time: 128.516968 seconds (0d 0h 2m 8s)

---------------  T H R E A D  ---------------

Current thread (0x000001eb27f36430):  JavaThread "C2 CompilerThread0" daemon [_thread_in_native, id=1664, stack(0x000000ca90100000,0x000000ca90200000) (1024K)]


Current CompileTask:
C2: 128517 9860       4       org.springframework.boot.devtools.filewatch.DirectorySnapshot::collectFiles (99 bytes)

Stack: [0x000000ca90100000,0x000000ca90200000]
Native frames: (J=compiled Java code, j=interpreted, Vv=VM code, C=native code)
V  [jvm.dll+0x6c63b9]
V  [jvm.dll+0x84fa11]
V  [jvm.dll+0x851f3e]
V  [jvm.dll+0x852613]
V  [jvm.dll+0x27cd46]
V  [jvm.dll+0xc4aad]
V  [jvm.dll+0xc4fe3]
V  [jvm.dll+0x3b1d22]
V  [jvm.dll+0x37e485]
V  [jvm.dll+0x37d8fa]
V  [jvm.dll+0x245b40]
V  [jvm.dll+0x24511f]
V  [jvm.dll+0x1c689e]
V  [jvm.dll+0x254609]
V  [jvm.dll+0x252b9a]
V  [jvm.dll+0x3eb056]
V  [jvm.dll+0x7f9ffb]
V  [jvm.dll+0x6c4a9d]
C  [ucrtbase.dll+0x37b0]
C  [KERNEL32.DLL+0x2e8d7]
C  [ntdll.dll+0x8c48c]


---------------  P R O C E S S  ---------------

Threads class SMR info:
_java_thread_list=0x000001eb7324a1d0, length=31, elements={
0x000001eb27f128e0, 0x000001eb27f160c0, 0x000001eb27f1e340, 0x000001eb27f1fe20,
0x000001eb27f20f60, 0x000001eb27f229a0, 0x000001eb27f36430, 0x000001eb27f39060,
0x000001eb27f236c0, 0x000001eb27f23d50, 0x000001eb6ff9dc70, 0x000001eb6ff9bba0,
0x000001eb6ff9e300, 0x000001eb6ff9d5e0, 0x000001eb6ff9e990, 0x000001eb71e712d0,
0x000001eb71e71960, 0x000001eb71e6f200, 0x000001eb71e6e4e0, 0x000001eb71e72680,
0x000001eb71e71ff0, 0x000001eb71e72d10, 0x000001eb71e705b0, 0x000001eb71e6f890,
0x000001eb71e733a0, 0x000001eb71e73a30, 0x000001eb71e740c0, 0x000001eb71e70c40,
0x000001eb71e74750, 0x000001eb71e74de0, 0x000001eb71e75470
}

Java Threads: ( => current thread )
  0x000001eb27f128e0 JavaThread "Reference Handler"          daemon [_thread_blocked, id=18992, stack(0x000000ca8fb00000,0x000000ca8fc00000) (1024K)]
  0x000001eb27f160c0 JavaThread "Finalizer"                  daemon [_thread_blocked, id=41380, stack(0x000000ca8fc00000,0x000000ca8fd00000) (1024K)]
  0x000001eb27f1e340 JavaThread "Signal Dispatcher"          daemon [_thread_blocked, id=37952, stack(0x000000ca8fd00000,0x000000ca8fe00000) (1024K)]
  0x000001eb27f1fe20 JavaThread "Attach Listener"            daemon [_thread_blocked, id=15084, stack(0x000000ca8fe00000,0x000000ca8ff00000) (1024K)]
  0x000001eb27f20f60 JavaThread "Service Thread"             daemon [_thread_blocked, id=13612, stack(0x000000ca8ff00000,0x000000ca90000000) (1024K)]
  0x000001eb27f229a0 JavaThread "Monitor Deflation Thread"   daemon [_thread_blocked, id=29332, stack(0x000000ca90000000,0x000000ca90100000) (1024K)]
=>0x000001eb27f36430 JavaThread "C2 CompilerThread0"         daemon [_thread_in_native, id=1664, stack(0x000000ca90100000,0x000000ca90200000) (1024K)]
  0x000001eb27f39060 JavaThread "C1 CompilerThread0"         daemon [_thread_blocked, id=37908, stack(0x000000ca90200000,0x000000ca90300000) (1024K)]
  0x000001eb27f236c0 JavaThread "Notification Thread"        daemon [_thread_blocked, id=36568, stack(0x000000ca90500000,0x000000ca90600000) (1024K)]
  0x000001eb27f23d50 JavaThread "Common-Cleaner"             daemon [_thread_blocked, id=37456, stack(0x000000ca90600000,0x000000ca90700000) (1024K)]
  0x000001eb6ff9dc70 JavaThread "Catalina-utility-1"                [_thread_blocked, id=40364, stack(0x000000ca91900000,0x000000ca91a00000) (1024K)]
  0x000001eb6ff9bba0 JavaThread "Catalina-utility-2"                [_thread_blocked, id=20000, stack(0x000000ca91a00000,0x000000ca91b00000) (1024K)]
  0x000001eb6ff9e300 JavaThread "container-0"                       [_thread_blocked, id=23404, stack(0x000000ca91b00000,0x000000ca91c00000) (1024K)]
  0x000001eb6ff9d5e0 JavaThread "mysql-cj-abandoned-connection-cleanup" daemon [_thread_blocked, id=11464, stack(0x000000ca91c00000,0x000000ca91d00000) (1024K)]
  0x000001eb6ff9e990 JavaThread "HikariPool-1 housekeeper"   daemon [_thread_blocked, id=40824, stack(0x000000ca91e00000,0x000000ca91f00000) (1024K)]
  0x000001eb71e712d0 JavaThread "idle-connection-reaper"     daemon [_thread_blocked, id=41224, stack(0x000000ca91f00000,0x000000ca92000000) (1024K)]
  0x000001eb71e71960 JavaThread "File Watcher"               daemon [_thread_blocked, id=12072, stack(0x000000ca92000000,0x000000ca92100000) (1024K)]
  0x000001eb71e6f200 JavaThread "Live Reload Server"         daemon [_thread_in_native, id=13904, stack(0x000000ca92200000,0x000000ca92300000) (1024K)]
  0x000001eb71e6e4e0 JavaThread "http-nio-5050-exec-1"       daemon [_thread_blocked, id=2060, stack(0x000000ca92100000,0x000000ca92200000) (1024K)]
  0x000001eb71e72680 JavaThread "http-nio-5050-exec-2"       daemon [_thread_blocked, id=39956, stack(0x000000ca92300000,0x000000ca92400000) (1024K)]
  0x000001eb71e71ff0 JavaThread "http-nio-5050-exec-3"       daemon [_thread_blocked, id=1072, stack(0x000000ca92400000,0x000000ca92500000) (1024K)]
  0x000001eb71e72d10 JavaThread "http-nio-5050-exec-4"       daemon [_thread_blocked, id=10124, stack(0x000000ca92500000,0x000000ca92600000) (1024K)]
  0x000001eb71e705b0 JavaThread "http-nio-5050-exec-5"       daemon [_thread_blocked, id=26052, stack(0x000000ca92600000,0x000000ca92700000) (1024K)]
  0x000001eb71e6f890 JavaThread "http-nio-5050-exec-6"       daemon [_thread_blocked, id=38164, stack(0x000000ca92700000,0x000000ca92800000) (1024K)]
  0x000001eb71e733a0 JavaThread "http-nio-5050-exec-7"       daemon [_thread_blocked, id=34748, stack(0x000000ca92800000,0x000000ca92900000) (1024K)]
  0x000001eb71e73a30 JavaThread "http-nio-5050-exec-8"       daemon [_thread_blocked, id=39292, stack(0x000000ca92900000,0x000000ca92a00000) (1024K)]
  0x000001eb71e740c0 JavaThread "http-nio-5050-exec-9"       daemon [_thread_blocked, id=32928, stack(0x000000ca92a00000,0x000000ca92b00000) (1024K)]
  0x000001eb71e70c40 JavaThread "http-nio-5050-exec-10"      daemon [_thread_blocked, id=38608, stack(0x000000ca92b00000,0x000000ca92c00000) (1024K)]
  0x000001eb71e74750 JavaThread "http-nio-5050-Poller"       daemon [_thread_in_native, id=27168, stack(0x000000ca92c00000,0x000000ca92d00000) (1024K)]
  0x000001eb71e74de0 JavaThread "http-nio-5050-Acceptor"     daemon [_thread_in_native, id=12988, stack(0x000000ca92d00000,0x000000ca92e00000) (1024K)]
  0x000001eb71e75470 JavaThread "DestroyJavaVM"                     [_thread_blocked, id=2936, stack(0x000000ca8f300000,0x000000ca8f400000) (1024K)]
Total: 31

Other Threads:
  0x000001eb27ef32a0 VMThread "VM Thread"                           [id=28756, stack(0x000000ca8fa00000,0x000000ca8fb00000) (1024K)]
  0x000001eb27edc2a0 WatcherThread "VM Periodic Task Thread"        [id=37928, stack(0x000000ca8f900000,0x000000ca8fa00000) (1024K)]
  0x000001eb090fb520 WorkerThread "GC Thread#0"                     [id=15668, stack(0x000000ca8f400000,0x000000ca8f500000) (1024K)]
  0x000001eb6dc28f80 WorkerThread "GC Thread#1"                     [id=36644, stack(0x000000ca90a00000,0x000000ca90b00000) (1024K)]
  0x000001eb6dc296c0 WorkerThread "GC Thread#2"                     [id=20452, stack(0x000000ca90b00000,0x000000ca90c00000) (1024K)]
  0x000001eb6dc29320 WorkerThread "GC Thread#3"                     [id=17236, stack(0x000000ca90c00000,0x000000ca90d00000) (1024K)]
  0x000001eb6dc29a60 WorkerThread "GC Thread#4"                     [id=15076, stack(0x000000ca90d00000,0x000000ca90e00000) (1024K)]
  0x000001eb6dc2a1a0 WorkerThread "GC Thread#5"                     [id=40228, stack(0x000000ca90e00000,0x000000ca90f00000) (1024K)]
  0x000001eb6dc2a8e0 WorkerThread "GC Thread#6"                     [id=23736, stack(0x000000ca91000000,0x000000ca91100000) (1024K)]
  0x000001eb6e6463f0 WorkerThread "GC Thread#7"                     [id=29500, stack(0x000000ca91100000,0x000000ca91200000) (1024K)]
  0x000001eb6e648830 WorkerThread "GC Thread#8"                     [id=38804, stack(0x000000ca91200000,0x000000ca91300000) (1024K)]
  0x000001eb6e646b30 WorkerThread "GC Thread#9"                     [id=10780, stack(0x000000ca90f00000,0x000000ca91000000) (1024K)]
  0x000001eb6e648f70 WorkerThread "GC Thread#10"                    [id=27012, stack(0x000000ca91400000,0x000000ca91500000) (1024K)]
  0x000001eb6e6479b0 WorkerThread "GC Thread#11"                    [id=35504, stack(0x000000ca91500000,0x000000ca91600000) (1024K)]
  0x000001eb6e649310 WorkerThread "GC Thread#12"                    [id=12400, stack(0x000000ca91600000,0x000000ca91700000) (1024K)]
  0x000001eb0910abc0 ConcurrentGCThread "G1 Main Marker"            [id=16204, stack(0x000000ca8f500000,0x000000ca8f600000) (1024K)]
  0x000001eb0910cce0 WorkerThread "G1 Conc#0"                       [id=4156, stack(0x000000ca8f600000,0x000000ca8f700000) (1024K)]
  0x000001eb6e646ed0 WorkerThread "G1 Conc#1"                       [id=29864, stack(0x000000ca91700000,0x000000ca91800000) (1024K)]
  0x000001eb6e6496b0 WorkerThread "G1 Conc#2"                       [id=10904, stack(0x000000ca91800000,0x000000ca91900000) (1024K)]
  0x000001eb27da9180 ConcurrentGCThread "G1 Refine#0"               [id=21112, stack(0x000000ca8f700000,0x000000ca8f800000) (1024K)]
  0x000001eb27dab9b0 ConcurrentGCThread "G1 Service"                [id=29792, stack(0x000000ca8f800000,0x000000ca8f900000) (1024K)]
Total: 21

Threads with active compile tasks:
C2 CompilerThread0   128608 9860       4       org.springframework.boot.devtools.filewatch.DirectorySnapshot::collectFiles (99 bytes)
Total: 1

VM state: not at safepoint (normal execution)

VM Mutex/Monitor currently owned by a thread: None

Heap address: 0x000000008ce00000, size: 1842 MB, Compressed Oops mode: 32-bit

CDS archive(s) mapped at: [0x000001eb28000000-0x000001eb28c90000-0x000001eb28c90000), size 13172736, SharedBaseAddress: 0x000001eb28000000, ArchiveRelocationMode: 1.
Compressed class space mapped at: 0x000001eb29000000-0x000001eb69000000, reserved size: 1073741824
Narrow klass base: 0x000001eb28000000, Narrow klass shift: 0, Narrow klass range: 0x100000000

GC Precious Log:
 CardTable entry size: 512
 Card Set container configuration: InlinePtr #cards 5 size 8 Array Of Cards #cards 12 size 40 Howl #buckets 4 coarsen threshold 1843 Howl Bitmap #cards 512 size 80 coarsen threshold 460 Card regions per heap region 1 cards per card region 2048
 CPUs: 16 total, 16 available
 Memory: 7365M
 Large Page Support: Disabled
 NUMA Support: Disabled
 Compressed Oops: Enabled (32-bit)
 Heap Region Size: 1M
 Heap Min Capacity: 8M
 Heap Initial Capacity: 116M
 Heap Max Capacity: 1842M
 Pre-touch: Disabled
 Parallel Workers: 13
 Concurrent Workers: 3
 Concurrent Refinement Workers: 13
 Periodic GC: Disabled

Heap:
 garbage-first heap   total 83968K, used 67005K [0x000000008ce00000, 0x0000000100000000)
  region size 1024K, 29 young (29696K), 5 survivors (5120K)
 Metaspace       used 87640K, committed 88384K, reserved 1179648K
  class space    used 11419K, committed 11712K, reserved 1048576K

Heap Regions: E=young(eden), S=young(survivor), O=old, HS=humongous(starts), HC=humongous(continues), CS=collection set, F=free, TAMS=top-at-mark-start, PB=parsable bottom
|   0|0x000000008ce00000, 0x000000008cf00000, 0x000000008cf00000|100%|HS|  |TAMS 0x000000008ce00000| PB 0x000000008ce00000| Complete 
|   1|0x000000008cf00000, 0x000000008d000000, 0x000000008d000000|100%| O|  |TAMS 0x000000008cf00000| PB 0x000000008cf00000| Untracked 
|   2|0x000000008d000000, 0x000000008d100000, 0x000000008d100000|100%| O|  |TAMS 0x000000008d000000| PB 0x000000008d000000| Untracked 
|   3|0x000000008d100000, 0x000000008d200000, 0x000000008d200000|100%| O|  |TAMS 0x000000008d100000| PB 0x000000008d100000| Untracked 
|   4|0x000000008d200000, 0x000000008d300000, 0x000000008d300000|100%| O|  |TAMS 0x000000008d200000| PB 0x000000008d200000| Untracked 
|   5|0x000000008d300000, 0x000000008d400000, 0x000000008d400000|100%| O|  |TAMS 0x000000008d300000| PB 0x000000008d300000| Untracked 
|   6|0x000000008d400000, 0x000000008d500000, 0x000000008d500000|100%| O|  |TAMS 0x000000008d400000| PB 0x000000008d400000| Untracked 
|   7|0x000000008d500000, 0x000000008d600000, 0x000000008d600000|100%| O|  |TAMS 0x000000008d500000| PB 0x000000008d500000| Untracked 
|   8|0x000000008d600000, 0x000000008d700000, 0x000000008d700000|100%| O|  |TAMS 0x000000008d600000| PB 0x000000008d600000| Untracked 
|   9|0x000000008d700000, 0x000000008d800000, 0x000000008d800000|100%| O|  |TAMS 0x000000008d700000| PB 0x000000008d700000| Untracked 
|  10|0x000000008d800000, 0x000000008d900000, 0x000000008d900000|100%| O|  |TAMS 0x000000008d800000| PB 0x000000008d800000| Untracked 
|  11|0x000000008d900000, 0x000000008da00000, 0x000000008da00000|100%| O|  |TAMS 0x000000008d900000| PB 0x000000008d900000| Untracked 
|  12|0x000000008da00000, 0x000000008db00000, 0x000000008db00000|100%| O|  |TAMS 0x000000008da00000| PB 0x000000008da00000| Untracked 
|  13|0x000000008db00000, 0x000000008dc00000, 0x000000008dc00000|100%| O|  |TAMS 0x000000008db00000| PB 0x000000008db00000| Untracked 
|  14|0x000000008dc00000, 0x000000008dd00000, 0x000000008dd00000|100%| O|  |TAMS 0x000000008dc00000| PB 0x000000008dc00000| Untracked 
|  15|0x000000008dd00000, 0x000000008de00000, 0x000000008de00000|100%| O|  |TAMS 0x000000008dd00000| PB 0x000000008dd00000| Untracked 
|  16|0x000000008de00000, 0x000000008df00000, 0x000000008df00000|100%| O|  |TAMS 0x000000008de00000| PB 0x000000008de00000| Untracked 
|  17|0x000000008df00000, 0x000000008e000000, 0x000000008e000000|100%| O|  |TAMS 0x000000008df00000| PB 0x000000008df00000| Untracked 
|  18|0x000000008e000000, 0x000000008e100000, 0x000000008e100000|100%| O|  |TAMS 0x000000008e000000| PB 0x000000008e000000| Untracked 
|  19|0x000000008e100000, 0x000000008e200000, 0x000000008e200000|100%| O|  |TAMS 0x000000008e100000| PB 0x000000008e100000| Untracked 
|  20|0x000000008e200000, 0x000000008e200000, 0x000000008e300000|  0%| F|  |TAMS 0x000000008e200000| PB 0x000000008e200000| Untracked 
|  21|0x000000008e300000, 0x000000008e400000, 0x000000008e400000|100%| O|  |TAMS 0x000000008e300000| PB 0x000000008e300000| Untracked 
|  22|0x000000008e400000, 0x000000008e500000, 0x000000008e500000|100%| O|  |TAMS 0x000000008e400000| PB 0x000000008e400000| Untracked 
|  23|0x000000008e500000, 0x000000008e600000, 0x000000008e600000|100%| O|  |TAMS 0x000000008e500000| PB 0x000000008e500000| Untracked 
|  24|0x000000008e600000, 0x000000008e700000, 0x000000008e700000|100%| O|  |TAMS 0x000000008e600000| PB 0x000000008e600000| Untracked 
|  25|0x000000008e700000, 0x000000008e76f740, 0x000000008e800000| 43%| O|  |TAMS 0x000000008e700000| PB 0x000000008e700000| Untracked 
|  26|0x000000008e800000, 0x000000008e800000, 0x000000008e900000|  0%| F|  |TAMS 0x000000008e800000| PB 0x000000008e800000| Untracked 
|  27|0x000000008e900000, 0x000000008ea00000, 0x000000008ea00000|100%| O|  |TAMS 0x000000008e900000| PB 0x000000008e900000| Untracked 
|  28|0x000000008ea00000, 0x000000008eb00000, 0x000000008eb00000|100%| O|  |TAMS 0x000000008ea00000| PB 0x000000008ea00000| Untracked 
|  29|0x000000008eb00000, 0x000000008eb00000, 0x000000008ec00000|  0%| F|  |TAMS 0x000000008eb00000| PB 0x000000008eb00000| Untracked 
|  30|0x000000008ec00000, 0x000000008ec00000, 0x000000008ed00000|  0%| F|  |TAMS 0x000000008ec00000| PB 0x000000008ec00000| Untracked 
|  31|0x000000008ed00000, 0x000000008ee00000, 0x000000008ee00000|100%| S|CS|TAMS 0x000000008ed00000| PB 0x000000008ed00000| Complete 
|  32|0x000000008ee00000, 0x000000008ef00000, 0x000000008ef00000|100%| O|  |TAMS 0x000000008ee00000| PB 0x000000008ee00000| Untracked 
|  33|0x000000008ef00000, 0x000000008f000000, 0x000000008f000000|100%| O|  |TAMS 0x000000008ef00000| PB 0x000000008ef00000| Untracked 
|  34|0x000000008f000000, 0x000000008f100000, 0x000000008f100000|100%| O|  |TAMS 0x000000008f000000| PB 0x000000008f000000| Untracked 
|  35|0x000000008f100000, 0x000000008f200000, 0x000000008f200000|100%| O|  |TAMS 0x000000008f100000| PB 0x000000008f100000| Untracked 
|  36|0x000000008f200000, 0x000000008f200000, 0x000000008f300000|  0%| F|  |TAMS 0x000000008f200000| PB 0x000000008f200000| Untracked 
|  37|0x000000008f300000, 0x000000008f300000, 0x000000008f400000|  0%| F|  |TAMS 0x000000008f300000| PB 0x000000008f300000| Untracked 
|  38|0x000000008f400000, 0x000000008f400000, 0x000000008f500000|  0%| F|  |TAMS 0x000000008f400000| PB 0x000000008f400000| Untracked 
|  39|0x000000008f500000, 0x000000008f600000, 0x000000008f600000|100%| S|CS|TAMS 0x000000008f500000| PB 0x000000008f500000| Complete 
|  40|0x000000008f600000, 0x000000008f700000, 0x000000008f700000|100%| S|CS|TAMS 0x000000008f600000| PB 0x000000008f600000| Complete 
|  41|0x000000008f700000, 0x000000008f800000, 0x000000008f800000|100%| S|CS|TAMS 0x000000008f700000| PB 0x000000008f700000| Complete 
|  42|0x000000008f800000, 0x000000008f900000, 0x000000008f900000|100%| S|CS|TAMS 0x000000008f800000| PB 0x000000008f800000| Complete 
|  43|0x000000008f900000, 0x000000008f900000, 0x000000008fa00000|  0%| F|  |TAMS 0x000000008f900000| PB 0x000000008f900000| Untracked 
|  44|0x000000008fa00000, 0x000000008fa00000, 0x000000008fb00000|  0%| F|  |TAMS 0x000000008fa00000| PB 0x000000008fa00000| Untracked 
|  45|0x000000008fb00000, 0x000000008fb00000, 0x000000008fc00000|  0%| F|  |TAMS 0x000000008fb00000| PB 0x000000008fb00000| Untracked 
|  46|0x000000008fc00000, 0x000000008fc00000, 0x000000008fd00000|  0%| F|  |TAMS 0x000000008fc00000| PB 0x000000008fc00000| Untracked 
|  47|0x000000008fd00000, 0x000000008fd00000, 0x000000008fe00000|  0%| F|  |TAMS 0x000000008fd00000| PB 0x000000008fd00000| Untracked 
|  48|0x000000008fe00000, 0x000000008fe00000, 0x000000008ff00000|  0%| F|  |TAMS 0x000000008fe00000| PB 0x000000008fe00000| Untracked 
|  49|0x000000008ff00000, 0x000000008ff00000, 0x0000000090000000|  0%| F|  |TAMS 0x000000008ff00000| PB 0x000000008ff00000| Untracked 
|  50|0x0000000090000000, 0x0000000090000000, 0x0000000090100000|  0%| F|  |TAMS 0x0000000090000000| PB 0x0000000090000000| Untracked 
|  51|0x0000000090100000, 0x00000000901d4d48, 0x0000000090200000| 83%| E|  |TAMS 0x0000000090100000| PB 0x0000000090100000| Complete 
|  52|0x0000000090200000, 0x0000000090300000, 0x0000000090300000|100%| E|CS|TAMS 0x0000000090200000| PB 0x0000000090200000| Complete 
|  53|0x0000000090300000, 0x0000000090400000, 0x0000000090400000|100%| E|CS|TAMS 0x0000000090300000| PB 0x0000000090300000| Complete 
|  54|0x0000000090400000, 0x0000000090500000, 0x0000000090500000|100%| E|CS|TAMS 0x0000000090400000| PB 0x0000000090400000| Complete 
|  55|0x0000000090500000, 0x0000000090600000, 0x0000000090600000|100%| E|CS|TAMS 0x0000000090500000| PB 0x0000000090500000| Complete 
|  56|0x0000000090600000, 0x0000000090700000, 0x0000000090700000|100%| E|CS|TAMS 0x0000000090600000| PB 0x0000000090600000| Complete 
|  57|0x0000000090700000, 0x0000000090800000, 0x0000000090800000|100%| E|CS|TAMS 0x0000000090700000| PB 0x0000000090700000| Complete 
|  58|0x0000000090800000, 0x0000000090900000, 0x0000000090900000|100%| E|CS|TAMS 0x0000000090800000| PB 0x0000000090800000| Complete 
|  59|0x0000000090900000, 0x0000000090a00000, 0x0000000090a00000|100%| E|CS|TAMS 0x0000000090900000| PB 0x0000000090900000| Complete 
|  60|0x0000000090a00000, 0x0000000090b00000, 0x0000000090b00000|100%| E|CS|TAMS 0x0000000090a00000| PB 0x0000000090a00000| Complete 
|  61|0x0000000090b00000, 0x0000000090c00000, 0x0000000090c00000|100%| E|CS|TAMS 0x0000000090b00000| PB 0x0000000090b00000| Complete 
|  62|0x0000000090c00000, 0x0000000090d00000, 0x0000000090d00000|100%| E|CS|TAMS 0x0000000090c00000| PB 0x0000000090c00000| Complete 
|  63|0x0000000090d00000, 0x0000000090e00000, 0x0000000090e00000|100%| E|CS|TAMS 0x0000000090d00000| PB 0x0000000090d00000| Complete 
|  64|0x0000000090e00000, 0x0000000090f00000, 0x0000000090f00000|100%| E|CS|TAMS 0x0000000090e00000| PB 0x0000000090e00000| Complete 
|  65|0x0000000090f00000, 0x0000000091000000, 0x0000000091000000|100%| E|CS|TAMS 0x0000000090f00000| PB 0x0000000090f00000| Complete 
|  66|0x0000000091000000, 0x0000000091100000, 0x0000000091100000|100%| E|CS|TAMS 0x0000000091000000| PB 0x0000000091000000| Complete 
|  67|0x0000000091100000, 0x0000000091200000, 0x0000000091200000|100%| E|CS|TAMS 0x0000000091100000| PB 0x0000000091100000| Complete 
|  68|0x0000000091200000, 0x0000000091300000, 0x0000000091300000|100%| E|CS|TAMS 0x0000000091200000| PB 0x0000000091200000| Complete 
|  69|0x0000000091300000, 0x0000000091400000, 0x0000000091400000|100%| E|CS|TAMS 0x0000000091300000| PB 0x0000000091300000| Complete 
|  70|0x0000000091400000, 0x0000000091500000, 0x0000000091500000|100%| E|CS|TAMS 0x0000000091400000| PB 0x0000000091400000| Complete 
|  71|0x0000000091500000, 0x0000000091600000, 0x0000000091600000|100%| E|CS|TAMS 0x0000000091500000| PB 0x0000000091500000| Complete 
|  72|0x0000000091600000, 0x0000000091700000, 0x0000000091700000|100%| E|CS|TAMS 0x0000000091600000| PB 0x0000000091600000| Complete 
|  73|0x0000000091700000, 0x0000000091800000, 0x0000000091800000|100%| E|CS|TAMS 0x0000000091700000| PB 0x0000000091700000| Complete 
| 115|0x0000000094100000, 0x0000000094200000, 0x0000000094200000|100%| E|CS|TAMS 0x0000000094100000| PB 0x0000000094100000| Complete 
|1835|0x00000000ff900000, 0x00000000ffa00000, 0x00000000ffa00000|100%| O|  |TAMS 0x00000000ff900000| PB 0x00000000ff900000| Untracked 
|1836|0x00000000ffa00000, 0x00000000ffb00000, 0x00000000ffb00000|100%| O|  |TAMS 0x00000000ffa00000| PB 0x00000000ffa00000| Untracked 
|1837|0x00000000ffb00000, 0x00000000ffc00000, 0x00000000ffc00000|100%| O|  |TAMS 0x00000000ffb00000| PB 0x00000000ffb00000| Untracked 
|1838|0x00000000ffc00000, 0x00000000ffd00000, 0x00000000ffd00000|100%| O|  |TAMS 0x00000000ffc00000| PB 0x00000000ffc00000| Untracked 
|1839|0x00000000ffd00000, 0x00000000ffe00000, 0x00000000ffe00000|100%| O|  |TAMS 0x00000000ffd00000| PB 0x00000000ffd00000| Untracked 
|1840|0x00000000ffe00000, 0x00000000fff00000, 0x00000000fff00000|100%| O|  |TAMS 0x00000000ffe00000| PB 0x00000000ffe00000| Untracked 
|1841|0x00000000fff00000, 0x0000000100000000, 0x0000000100000000|100%| O|  |TAMS 0x00000000fff00000| PB 0x00000000fff00000| Untracked 

Card table byte_map: [0x000001eb22e30000,0x000001eb231d0000] _byte_map_base: 0x000001eb229c9000

Marking Bits: (CMBitMap*) 0x000001eb090fbc20
 Bits: [0x000001eb231d0000, 0x000001eb24e98000)

Polling page: 0x000001eb08d70000

Metaspace:

Usage:
  Non-class:     74.43 MB used.
      Class:     11.15 MB used.
       Both:     85.59 MB used.

Virtual space:
  Non-class space:      128.00 MB reserved,      74.88 MB ( 58%) committed,  2 nodes.
      Class space:        1.00 GB reserved,      11.44 MB (  1%) committed,  1 nodes.
             Both:        1.12 GB reserved,      86.31 MB (  7%) committed. 

Chunk freelists:
   Non-Class:  4.42 MB
       Class:  4.50 MB
        Both:  8.93 MB

MaxMetaspaceSize: unlimited
CompressedClassSpaceSize: 1.00 GB
Initial GC threshold: 21.00 MB
Current GC threshold: 129.81 MB
CDS: on
 - commit_granule_bytes: 65536.
 - commit_granule_words: 8192.
 - virtual_space_node_default_size: 8388608.
 - enlarge_chunks_in_place: 1.
 - use_allocation_guard: 0.


Internal statistics:

num_allocs_failed_limit: 9.
num_arena_births: 1090.
num_arena_deaths: 0.
num_vsnodes_births: 3.
num_vsnodes_deaths: 0.
num_space_committed: 1381.
num_space_uncommitted: 0.
num_chunks_returned_to_freelist: 9.
num_chunks_taken_from_freelist: 4255.
num_chunk_merges: 9.
num_chunk_splits: 3070.
num_chunks_enlarged: 2369.
num_inconsistent_stats: 0.

CodeHeap 'non-profiled nmethods': size=119168Kb used=4991Kb max_used=4991Kb free=114176Kb
 bounds [0x000001eb1a680000, 0x000001eb1ab60000, 0x000001eb21ae0000]
CodeHeap 'profiled nmethods': size=119104Kb used=17989Kb max_used=17989Kb free=101114Kb
 bounds [0x000001eb12ae0000, 0x000001eb13c80000, 0x000001eb19f30000]
CodeHeap 'non-nmethods': size=7488Kb used=1756Kb max_used=3520Kb free=5731Kb
 bounds [0x000001eb19f30000, 0x000001eb1a2c0000, 0x000001eb1a680000]
 total_blobs=9605 nmethods=8837 adapters=671
 compilation: enabled
              stopped_count=0, restarted_count=0
 full_count=0

Compilation events (20 events):
Event: 91.823 Thread 0x000001eb27f39060 nmethod 9850 0x000001eb13c6e710 code [0x000001eb13c6e8c0, 0x000001eb13c6ea98]
Event: 92.064 Thread 0x000001eb27f39060 9851   !   3       java.util.concurrent.locks.AbstractQueuedSynchronizer::acquire (424 bytes)
Event: 92.076 Thread 0x000001eb27f39060 nmethod 9851 0x000001eb13c6eb90 code [0x000001eb13c6ef40, 0x000001eb13c70858]
Event: 93.086 Thread 0x000001eb27f39060 9852       3       java.util.concurrent.ScheduledThreadPoolExecutor$ScheduledFutureTask::getDelay (16 bytes)
Event: 93.086 Thread 0x000001eb27f39060 nmethod 9852 0x000001eb13c71090 code [0x000001eb13c71240, 0x000001eb13c713d8]
Event: 99.069 Thread 0x000001eb27f39060 9853       1       java.util.concurrent.ThreadPoolExecutor::getQueue (5 bytes)
Event: 99.070 Thread 0x000001eb27f39060 nmethod 9853 0x000001eb1ab5e790 code [0x000001eb1ab5e920, 0x000001eb1ab5e9e8]
Event: 102.074 Thread 0x000001eb27f39060 9854       3       java.util.concurrent.locks.AbstractQueuedSynchronizer::acquire (20 bytes)
Event: 102.074 Thread 0x000001eb27f39060 nmethod 9854 0x000001eb13c71490 code [0x000001eb13c71660, 0x000001eb13c718d8]
Event: 104.054 Thread 0x000001eb27f39060 9855       3       java.util.HashMap$KeySet::contains (9 bytes)
Event: 104.054 Thread 0x000001eb27f39060 nmethod 9855 0x000001eb13c71990 code [0x000001eb13c71b40, 0x000001eb13c71d18]
Event: 116.067 Thread 0x000001eb27f39060 9856       3       java.util.concurrent.locks.AbstractQueuedSynchronizer$ConditionObject::signal (34 bytes)
Event: 116.069 Thread 0x000001eb27f39060 nmethod 9856 0x000001eb13c71e10 code [0x000001eb13c71fe0, 0x000001eb13c72338]
Event: 116.069 Thread 0x000001eb27f39060 9857       3       java.util.concurrent.locks.LockSupport::setCurrentBlocker (14 bytes)
Event: 116.069 Thread 0x000001eb27f39060 nmethod 9857 0x000001eb13c72490 code [0x000001eb13c72640, 0x000001eb13c72868]
Event: 125.451 Thread 0x000001eb27f39060 9858       1       jdk.internal.loader.URLClassPath$FileLoader$1::getURL (5 bytes)
Event: 125.453 Thread 0x000001eb27f39060 nmethod 9858 0x000001eb1ab5ea90 code [0x000001eb1ab5ec20, 0x000001eb1ab5ece8]
Event: 126.296 Thread 0x000001eb27f36430 9859       4       java.io.File::listFiles (52 bytes)
Event: 126.354 Thread 0x000001eb27f36430 nmethod 9859 0x000001eb1ab5ed90 code [0x000001eb1ab5efa0, 0x000001eb1ab5f7c8]
Event: 126.354 Thread 0x000001eb27f36430 9860       4       org.springframework.boot.devtools.filewatch.DirectorySnapshot::collectFiles (99 bytes)

GC Heap History (20 events):
Event: 5.734 GC heap before
{Heap before GC invocations=6 (full 0):
 garbage-first heap   total 69632K, used 38434K [0x000000008ce00000, 0x0000000100000000)
  region size 1024K, 21 young (21504K), 4 survivors (4096K)
 Metaspace       used 35450K, committed 35968K, reserved 1114112K
  class space    used 4534K, committed 4800K, reserved 1048576K
}
Event: 5.738 GC heap after
{Heap after GC invocations=7 (full 0):
 garbage-first heap   total 69632K, used 23439K [0x000000008ce00000, 0x0000000100000000)
  region size 1024K, 2 young (2048K), 2 survivors (2048K)
 Metaspace       used 35450K, committed 35968K, reserved 1114112K
  class space    used 4534K, committed 4800K, reserved 1048576K
}
Event: 7.192 GC heap before
{Heap before GC invocations=8 (full 0):
 garbage-first heap   total 69632K, used 56207K [0x000000008ce00000, 0x0000000100000000)
  region size 1024K, 34 young (34816K), 2 survivors (2048K)
 Metaspace       used 48130K, committed 48704K, reserved 1114112K
  class space    used 6230K, committed 6464K, reserved 1048576K
}
Event: 7.196 GC heap after
{Heap after GC invocations=9 (full 0):
 garbage-first heap   total 69632K, used 26231K [0x000000008ce00000, 0x0000000100000000)
  region size 1024K, 4 young (4096K), 4 survivors (4096K)
 Metaspace       used 48130K, committed 48704K, reserved 1114112K
  class space    used 6230K, committed 6464K, reserved 1048576K
}
Event: 8.000 GC heap before
{Heap before GC invocations=9 (full 0):
 garbage-first heap   total 69632K, used 56951K [0x000000008ce00000, 0x0000000100000000)
  region size 1024K, 35 young (35840K), 4 survivors (4096K)
 Metaspace       used 54150K, committed 54720K, reserved 1114112K
  class space    used 6965K, committed 7232K, reserved 1048576K
}
Event: 8.006 GC heap after
{Heap after GC invocations=10 (full 0):
 garbage-first heap   total 69632K, used 28350K [0x000000008ce00000, 0x0000000100000000)
  region size 1024K, 3 young (3072K), 3 survivors (3072K)
 Metaspace       used 54150K, committed 54720K, reserved 1114112K
  class space    used 6965K, committed 7232K, reserved 1048576K
}
Event: 8.456 GC heap before
{Heap before GC invocations=10 (full 0):
 garbage-first heap   total 69632K, used 43710K [0x000000008ce00000, 0x0000000100000000)
  region size 1024K, 20 young (20480K), 3 survivors (3072K)
 Metaspace       used 59668K, committed 60160K, reserved 1114112K
  class space    used 7900K, committed 8128K, reserved 1048576K
}
Event: 8.459 GC heap after
{Heap after GC invocations=11 (full 0):
 garbage-first heap   total 69632K, used 29028K [0x000000008ce00000, 0x0000000100000000)
  region size 1024K, 1 young (1024K), 1 survivors (1024K)
 Metaspace       used 59668K, committed 60160K, reserved 1114112K
  class space    used 7900K, committed 8128K, reserved 1048576K
}
Event: 9.053 GC heap before
{Heap before GC invocations=12 (full 0):
 garbage-first heap   total 69632K, used 60772K [0x000000008ce00000, 0x0000000100000000)
  region size 1024K, 32 young (32768K), 1 survivors (1024K)
 Metaspace       used 63789K, committed 64384K, reserved 1114112K
  class space    used 8512K, committed 8768K, reserved 1048576K
}
Event: 9.056 GC heap after
{Heap after GC invocations=13 (full 0):
 garbage-first heap   total 69632K, used 30164K [0x000000008ce00000, 0x0000000100000000)
  region size 1024K, 2 young (2048K), 2 survivors (2048K)
 Metaspace       used 63789K, committed 64384K, reserved 1114112K
  class space    used 8512K, committed 8768K, reserved 1048576K
}
Event: 12.985 GC heap before
{Heap before GC invocations=13 (full 0):
 garbage-first heap   total 69632K, used 61908K [0x000000008ce00000, 0x0000000100000000)
  region size 1024K, 33 young (33792K), 2 survivors (2048K)
 Metaspace       used 70544K, committed 71232K, reserved 1114112K
  class space    used 9520K, committed 9856K, reserved 1048576K
}
Event: 12.990 GC heap after
{Heap after GC invocations=14 (full 0):
 garbage-first heap   total 69632K, used 32996K [0x000000008ce00000, 0x0000000100000000)
  region size 1024K, 5 young (5120K), 5 survivors (5120K)
 Metaspace       used 70544K, committed 71232K, reserved 1114112K
  class space    used 9520K, committed 9856K, reserved 1048576K
}
Event: 13.777 GC heap before
{Heap before GC invocations=14 (full 0):
 garbage-first heap   total 69632K, used 59620K [0x000000008ce00000, 0x0000000100000000)
  region size 1024K, 31 young (31744K), 5 survivors (5120K)
 Metaspace       used 74324K, committed 75072K, reserved 1114112K
  class space    used 10000K, committed 10304K, reserved 1048576K
}
Event: 13.782 GC heap after
{Heap after GC invocations=15 (full 0):
 garbage-first heap   total 69632K, used 34750K [0x000000008ce00000, 0x0000000100000000)
  region size 1024K, 2 young (2048K), 2 survivors (2048K)
 Metaspace       used 74324K, committed 75072K, reserved 1114112K
  class space    used 10000K, committed 10304K, reserved 1048576K
}
Event: 14.454 GC heap before
{Heap before GC invocations=15 (full 0):
 garbage-first heap   total 69632K, used 61374K [0x000000008ce00000, 0x0000000100000000)
  region size 1024K, 29 young (29696K), 2 survivors (2048K)
 Metaspace       used 78851K, committed 79488K, reserved 1179648K
  class space    used 10493K, committed 10752K, reserved 1048576K
}
Event: 14.460 GC heap after
{Heap after GC invocations=16 (full 0):
 garbage-first heap   total 69632K, used 38040K [0x000000008ce00000, 0x0000000100000000)
  region size 1024K, 4 young (4096K), 4 survivors (4096K)
 Metaspace       used 78851K, committed 79488K, reserved 1179648K
  class space    used 10493K, committed 10752K, reserved 1048576K
}
Event: 15.075 GC heap before
{Heap before GC invocations=17 (full 0):
 garbage-first heap   total 69632K, used 60568K [0x000000008ce00000, 0x0000000100000000)
  region size 1024K, 26 young (26624K), 4 survivors (4096K)
 Metaspace       used 83611K, committed 84352K, reserved 1179648K
  class space    used 10913K, committed 11264K, reserved 1048576K
}
Event: 15.080 GC heap after
{Heap after GC invocations=18 (full 0):
 garbage-first heap   total 83968K, used 40507K [0x000000008ce00000, 0x0000000100000000)
  region size 1024K, 3 young (3072K), 3 survivors (3072K)
 Metaspace       used 83611K, committed 84352K, reserved 1179648K
  class space    used 10913K, committed 11264K, reserved 1048576K
}
Event: 15.854 GC heap before
{Heap before GC invocations=18 (full 0):
 garbage-first heap   total 83968K, used 73275K [0x000000008ce00000, 0x0000000100000000)
  region size 1024K, 35 young (35840K), 3 survivors (3072K)
 Metaspace       used 86775K, committed 87552K, reserved 1179648K
  class space    used 11309K, committed 11648K, reserved 1048576K
}
Event: 15.860 GC heap after
{Heap after GC invocations=19 (full 0):
 garbage-first heap   total 83968K, used 43453K [0x000000008ce00000, 0x0000000100000000)
  region size 1024K, 5 young (5120K), 5 survivors (5120K)
 Metaspace       used 86775K, committed 87552K, reserved 1179648K
  class space    used 11309K, committed 11648K, reserved 1048576K
}

Dll operation events (11 events):
Event: 0.014 Loaded shared library C:\Program Files\Java\jdk-21\bin\java.dll
Event: 0.085 Loaded shared library C:\Program Files\Java\jdk-21\bin\jsvml.dll
Event: 0.228 Loaded shared library C:\Program Files\Java\jdk-21\bin\net.dll
Event: 0.232 Loaded shared library C:\Program Files\Java\jdk-21\bin\nio.dll
Event: 0.239 Loaded shared library C:\Program Files\Java\jdk-21\bin\zip.dll
Event: 0.478 Loaded shared library C:\Program Files\Java\jdk-21\bin\jimage.dll
Event: 1.009 Loaded shared library C:\Program Files\Java\jdk-21\bin\management.dll
Event: 1.018 Loaded shared library C:\Program Files\Java\jdk-21\bin\management_ext.dll
Event: 2.754 Loaded shared library C:\Program Files\Java\jdk-21\bin\sunmscapi.dll
Event: 5.863 Loaded shared library C:\Program Files\Java\jdk-21\bin\verify.dll
Event: 6.437 Loaded shared library C:\Program Files\Java\jdk-21\bin\extnet.dll

Deoptimization events (20 events):
Event: 15.917 Thread 0x000001eb27f215f0 DEOPT PACKING pc=0x000001eb1a9bfc9c sp=0x000000ca909fdbd0
Event: 15.917 Thread 0x000001eb27f215f0 DEOPT UNPACKING pc=0x000001eb19f846a2 sp=0x000000ca909fdb78 mode 2
Event: 15.997 Thread 0x000001eb27f215f0 Uncommon trap: trap_request=0xffffff45 fr.pc=0x000001eb1aab0390 relative=0x00000000000030d0
Event: 15.997 Thread 0x000001eb27f215f0 Uncommon trap: reason=unstable_if action=reinterpret pc=0x000001eb1aab0390 method=org.springframework.core.annotation.AnnotationsScanner.processClassInheritedAnnotations(Ljava/lang/Object;Ljava/lang/Class;Lorg/springframework/core/annotation/MergedAnnotat
Event: 15.997 Thread 0x000001eb27f215f0 DEOPT PACKING pc=0x000001eb1aab0390 sp=0x000000ca909fe890
Event: 15.997 Thread 0x000001eb27f215f0 DEOPT UNPACKING pc=0x000001eb19f846a2 sp=0x000000ca909fe708 mode 2
Event: 15.997 Thread 0x000001eb27f215f0 Uncommon trap: trap_request=0xffffff45 fr.pc=0x000001eb1aac9174 relative=0x0000000000003c74
Event: 15.997 Thread 0x000001eb27f215f0 Uncommon trap: reason=unstable_if action=reinterpret pc=0x000001eb1aac9174 method=org.springframework.core.annotation.AnnotationsScanner.processClassInheritedAnnotations(Ljava/lang/Object;Ljava/lang/Class;Lorg/springframework/core/annotation/MergedAnnotat
Event: 15.997 Thread 0x000001eb27f215f0 DEOPT PACKING pc=0x000001eb1aac9174 sp=0x000000ca909fe7d0
Event: 15.997 Thread 0x000001eb27f215f0 DEOPT UNPACKING pc=0x000001eb19f846a2 sp=0x000000ca909fe6f8 mode 2
Event: 16.003 Thread 0x000001eb27f215f0 Uncommon trap: trap_request=0xffffff45 fr.pc=0x000001eb1a6f658c relative=0x000000000000006c
Event: 16.003 Thread 0x000001eb27f215f0 Uncommon trap: reason=unstable_if action=reinterpret pc=0x000001eb1a6f658c method=org.springframework.util.ConcurrentReferenceHashMap$Segment.clear()V @ 7 c2
Event: 16.003 Thread 0x000001eb27f215f0 DEOPT PACKING pc=0x000001eb1a6f658c sp=0x000000ca909fec40
Event: 16.003 Thread 0x000001eb27f215f0 DEOPT UNPACKING pc=0x000001eb19f846a2 sp=0x000000ca909febd0 mode 2
Event: 16.006 Thread 0x000001eb27f215f0 Uncommon trap: trap_request=0xffffff45 fr.pc=0x000001eb1a7181b8 relative=0x00000000000000f8
Event: 16.006 Thread 0x000001eb27f215f0 Uncommon trap: reason=unstable_if action=reinterpret pc=0x000001eb1a7181b8 method=java.lang.ref.ReferenceQueue.poll()Ljava/lang/ref/Reference; @ 4 c2
Event: 16.006 Thread 0x000001eb27f215f0 DEOPT PACKING pc=0x000001eb1a7181b8 sp=0x000000ca909fe960
Event: 16.006 Thread 0x000001eb27f215f0 DEOPT UNPACKING pc=0x000001eb19f846a2 sp=0x000000ca909fe828 mode 2
Event: 16.054 Thread 0x000001eb27f215f0 DEOPT PACKING pc=0x000001eb12b70dcd sp=0x000000ca909fda80
Event: 16.054 Thread 0x000001eb27f215f0 DEOPT UNPACKING pc=0x000001eb19f84e42 sp=0x000000ca909fcef8 mode 0

Classes loaded (20 events):
Event: 16.089 Loading class java/beans/WeakIdentityMap done
Event: 16.089 Loading class java/beans/ThreadGroupContext$1 done
Event: 16.089 Loading class java/beans/WeakIdentityMap$Entry
Event: 16.089 Loading class java/beans/WeakIdentityMap$Entry done
Event: 16.089 Loading class com/sun/beans/introspect/ClassInfo
Event: 16.090 Loading class com/sun/beans/introspect/ClassInfo done
Event: 16.090 Loading class com/sun/beans/introspect/ClassInfo$1
Event: 16.090 Loading class com/sun/beans/util/Cache
Event: 16.091 Loading class com/sun/beans/util/Cache done
Event: 16.091 Loading class com/sun/beans/introspect/ClassInfo$1 done
Event: 16.091 Loading class com/sun/beans/util/Cache$Kind
Event: 16.091 Loading class com/sun/beans/util/Cache$Kind done
Event: 16.091 Loading class com/sun/beans/util/Cache$Kind$1
Event: 16.091 Loading class com/sun/beans/util/Cache$Kind$1 done
Event: 16.091 Loading class com/sun/beans/util/Cache$Kind$2
Event: 16.091 Loading class com/sun/beans/util/Cache$Kind$2 done
Event: 16.092 Loading class com/sun/beans/util/Cache$Kind$3
Event: 16.092 Loading class com/sun/beans/util/Cache$Kind$3 done
Event: 16.092 Loading class com/sun/beans/util/Cache$CacheEntry
Event: 16.092 Loading class com/sun/beans/util/Cache$CacheEntry done

Classes unloaded (0 events):
No events

Classes redefined (0 events):
No events

Internal exceptions (20 events):
Event: 13.306 Thread 0x000001eb27f215f0 Exception <a 'java/lang/IllegalArgumentException'{0x000000008fff1648}: Wrong type at constant pool index> (0x000000008fff1648) 
thrown [s\open\src\hotspot\share\prims\jvm.cpp, line 2168]
Event: 13.461 Thread 0x000001eb27f215f0 Exception <a 'java/lang/IncompatibleClassChangeError'{0x000000008f9f1148}: Found class java.lang.Object, but interface was expected> (0x000000008f9f1148) 
thrown [s\open\src\hotspot\share\interpreter\linkResolver.cpp, line 840]
Event: 13.643 Thread 0x000001eb27f215f0 Exception <a 'java/lang/NoSuchMethodError'{0x000000008f416ed0}: 'java.lang.Object java.lang.invoke.DirectMethodHandle$Holder.invokeSpecialIFC(java.lang.Object, java.lang.Object)'> (0x000000008f416ed0) 
thrown [s\open\src\hotspot\share\interpreter\linkResolver.cpp, line 773]
Event: 13.661 Thread 0x000001eb27f215f0 Exception <a 'sun/nio/fs/WindowsException'{0x000000008f4808f0}> (0x000000008f4808f0) 
thrown [s\open\src\hotspot\share\prims\jni.cpp, line 520]
Event: 13.662 Thread 0x000001eb27f215f0 Exception <a 'sun/nio/fs/WindowsException'{0x000000008f489cc0}> (0x000000008f489cc0) 
thrown [s\open\src\hotspot\share\prims\jni.cpp, line 520]
Event: 14.005 Thread 0x000001eb27f215f0 Exception <a 'java/lang/IncompatibleClassChangeError'{0x00000000902db530}: Found class java.lang.Object, but interface was expected> (0x00000000902db530) 
thrown [s\open\src\hotspot\share\interpreter\linkResolver.cpp, line 840]
Event: 14.104 Thread 0x000001eb27f215f0 Implicit null exception at 0x000001eb1aa8eafd to 0x000001eb1aa8eca4
Event: 14.321 Thread 0x000001eb27f215f0 Exception <a 'java/lang/IncompatibleClassChangeError'{0x000000008f461860}: Found class java.lang.Object, but interface was expected> (0x000000008f461860) 
thrown [s\open\src\hotspot\share\interpreter\linkResolver.cpp, line 840]
Event: 14.499 Thread 0x000001eb27f215f0 Exception <a 'java/lang/NoSuchMethodError'{0x0000000091119a48}: 'float java.lang.invoke.DirectMethodHandle$Holder.invokeStatic(java.lang.Object, java.lang.Object)'> (0x0000000091119a48) 
thrown [s\open\src\hotspot\share\interpreter\linkResolver.cpp, line 773]
Event: 14.499 Thread 0x000001eb27f215f0 Exception <a 'java/lang/NoSuchMethodError'{0x000000009111fc60}: 'double java.lang.invoke.DirectMethodHandle$Holder.invokeStatic(java.lang.Object, java.lang.Object)'> (0x000000009111fc60) 
thrown [s\open\src\hotspot\share\interpreter\linkResolver.cpp, line 773]
Event: 14.711 Thread 0x000001eb27f215f0 Exception <a 'java/lang/NoSuchMethodError'{0x00000000900470d0}: 'java.lang.Object java.lang.invoke.DirectMethodHandle$Holder.invokeStatic(java.lang.Object, int, java.lang.Object)'> (0x00000000900470d0) 
thrown [s\open\src\hotspot\share\interpreter\linkResolver.cpp, line 773]
Event: 15.080 Thread 0x000001eb27f215f0 Implicit null exception at 0x000001eb1a7332b3 to 0x000001eb1a73356c
Event: 15.294 Thread 0x000001eb27f215f0 Exception <a 'java/lang/NoSuchMethodError'{0x0000000090e63290}: 'java.lang.Object java.lang.invoke.DirectMethodHandle$Holder.invokeInterface(java.lang.Object, java.lang.Object, java.lang.Object, java.lang.Object)'> (0x0000000090e63290) 
thrown [s\open\src\hotspot\share\interpreter\linkResolver.cpp, line 773]
Event: 15.341 Thread 0x000001eb27f215f0 Exception <a 'java/lang/NoSuchMethodError'{0x0000000090c12bd0}: 'java.lang.Object java.lang.invoke.DirectMethodHandle$Holder.newInvokeSpecial(java.lang.Object, java.lang.Object, java.lang.Object, java.lang.Object, java.lang.Object, java.lang.Object, java.lang.Object, java.lang.Object)'> (0x0000000090c12bd0) 
thrown [s\open\src\hotspot\share\interpreter\linkResolver.cpp, line 773]
Event: 15.673 Thread 0x000001eb27f215f0 Exception <a 'java/lang/IncompatibleClassChangeError'{0x000000008ff96850}: Found class java.lang.Object, but interface was expected> (0x000000008ff96850) 
thrown [s\open\src\hotspot\share\interpreter\linkResolver.cpp, line 840]
Event: 15.695 Thread 0x000001eb27f215f0 Implicit null exception at 0x000001eb1a763f4c to 0x000001eb1a76401a
Event: 15.721 Thread 0x000001eb27f215f0 Exception <a 'java/lang/NoSuchMethodError'{0x000000008fd2a180}: 'void java.lang.invoke.DirectMethodHandle$Holder.invokeVirtual(java.lang.Object, java.lang.Object, long)'> (0x000000008fd2a180) 
thrown [s\open\src\hotspot\share\interpreter\linkResolver.cpp, line 773]
Event: 15.810 Thread 0x000001eb27f215f0 Exception <a 'java/lang/NoSuchMethodError'{0x000000008fabc838}: 'int java.lang.invoke.DirectMethodHandle$Holder.invokeStaticInit(java.lang.Object, java.lang.Object, java.lang.Object, java.lang.Object)'> (0x000000008fabc838) 
thrown [s\open\src\hotspot\share\interpreter\linkResolver.cpp, line 773]
Event: 15.836 Thread 0x000001eb27f215f0 Exception <a 'java/lang/IncompatibleClassChangeError'{0x000000008f9821f8}: Found class java.lang.Object, but interface was expected> (0x000000008f9821f8) 
thrown [s\open\src\hotspot\share\interpreter\linkResolver.cpp, line 840]
Event: 16.008 Thread 0x000001eb27f215f0 Exception <a 'java/lang/NoSuchMethodError'{0x00000000913ee110}: 'java.lang.Object java.lang.invoke.DirectMethodHandle$Holder.newInvokeSpecial(java.lang.Object, java.lang.Object, int, java.lang.Object, java.lang.Object)'> (0x00000000913ee110) 
thrown [s\open\src\hotspot\share\interpreter\linkResolver.cpp, line 773]

ZGC Phase Switch (0 events):
No events

VM Operations (20 events):
Event: 26.114 Executing VM operation: Cleanup
Event: 26.114 Executing VM operation: Cleanup done
Event: 29.136 Executing VM operation: Cleanup
Event: 29.136 Executing VM operation: Cleanup done
Event: 36.193 Executing VM operation: Cleanup
Event: 36.193 Executing VM operation: Cleanup done
Event: 39.217 Executing VM operation: Cleanup
Event: 39.217 Executing VM operation: Cleanup done
Event: 60.045 Executing VM operation: HandshakeAllThreads (HandshakeForDeflation)
Event: 60.046 Executing VM operation: HandshakeAllThreads (HandshakeForDeflation) done
Event: 60.046 Executing VM operation: RendezvousGCThreads
Event: 60.046 Executing VM operation: RendezvousGCThreads done
Event: 66.107 Executing VM operation: Cleanup
Event: 66.107 Executing VM operation: Cleanup done
Event: 78.231 Executing VM operation: Cleanup
Event: 78.231 Executing VM operation: Cleanup done
Event: 103.485 Executing VM operation: Cleanup
Event: 103.485 Executing VM operation: Cleanup done
Event: 114.605 Executing VM operation: Cleanup
Event: 114.605 Executing VM operation: Cleanup done

Events (20 events):
Event: 16.025 Thread 0x000001eb71e6e4e0 Thread added: 0x000001eb71e6e4e0
Event: 16.025 Thread 0x000001eb71e72680 Thread added: 0x000001eb71e72680
Event: 16.025 Thread 0x000001eb71e71ff0 Thread added: 0x000001eb71e71ff0
Event: 16.025 Thread 0x000001eb71e72d10 Thread added: 0x000001eb71e72d10
Event: 16.025 Thread 0x000001eb71e705b0 Thread added: 0x000001eb71e705b0
Event: 16.025 Thread 0x000001eb71e6f890 Thread added: 0x000001eb71e6f890
Event: 16.025 Thread 0x000001eb71e733a0 Thread added: 0x000001eb71e733a0
Event: 16.026 Thread 0x000001eb71e73a30 Thread added: 0x000001eb71e73a30
Event: 16.026 Thread 0x000001eb71e740c0 Thread added: 0x000001eb71e740c0
Event: 16.026 Thread 0x000001eb71e70c40 Thread added: 0x000001eb71e70c40
Event: 16.059 Thread 0x000001eb71e74750 Thread added: 0x000001eb71e74750
Event: 16.061 Thread 0x000001eb71e74de0 Thread added: 0x000001eb71e74de0
Event: 16.088 Thread 0x000001eb27f215f0 Thread exited: 0x000001eb27f215f0
Event: 16.093 Thread 0x000001eb27f21c80 Thread exited: 0x000001eb27f21c80
Event: 16.094 Thread 0x000001eb090ab8f0 Thread exited: 0x000001eb090ab8f0
Event: 16.094 Thread 0x000001eb71e75470 Thread added: 0x000001eb71e75470
Event: 16.612 Thread 0x000001eb6e6ec100 Thread exited: 0x000001eb6e6ec100
Event: 17.049 Thread 0x000001eb6fe67ed0 Thread exited: 0x000001eb6fe67ed0
Event: 17.662 Thread 0x000001eb6d234070 Thread exited: 0x000001eb6d234070
Event: 19.157 Thread 0x000001eb6d2339c0 Thread exited: 0x000001eb6d2339c0


Dynamic libraries:
0x00007ff675080000 - 0x00007ff675090000 	C:\Program Files\Java\jdk-21\bin\javaw.exe
0x00007ff9ecda0000 - 0x00007ff9ed007000 	C:\WINDOWS\SYSTEM32\ntdll.dll
0x00007ff9eb6c0000 - 0x00007ff9eb789000 	C:\WINDOWS\System32\KERNEL32.DLL
0x00007ff9e9d10000 - 0x00007ff9ea101000 	C:\WINDOWS\System32\KERNELBASE.dll
0x00007ff9e9a50000 - 0x00007ff9e9b9b000 	C:\WINDOWS\System32\ucrtbase.dll
0x00007ff9d2700000 - 0x00007ff9d2719000 	C:\Program Files\Java\jdk-21\bin\jli.dll
0x00007ff9d1f70000 - 0x00007ff9d1f8b000 	C:\Program Files\Java\jdk-21\bin\VCRUNTIME140.dll
0x00007ff9ec1d0000 - 0x00007ff9ec28b000 	C:\WINDOWS\System32\ADVAPI32.dll
0x00007ff9eb0c0000 - 0x00007ff9eb169000 	C:\WINDOWS\System32\msvcrt.dll
0x00007ff9eb790000 - 0x00007ff9eb837000 	C:\WINDOWS\System32\sechost.dll
0x00007ff9eb200000 - 0x00007ff9eb318000 	C:\WINDOWS\System32\RPCRT4.dll
0x00007ff9ecaf0000 - 0x00007ff9eccb5000 	C:\WINDOWS\System32\USER32.dll
0x00007ff9e9680000 - 0x00007ff9e96a7000 	C:\WINDOWS\System32\win32u.dll
0x00007ff9d0f90000 - 0x00007ff9d1223000 	C:\WINDOWS\WinSxS\amd64_microsoft.windows.common-controls_6595b64144ccf1df_6.0.26100.8037_none_3e092faae333b53b\COMCTL32.dll
0x00007ff9eb590000 - 0x00007ff9eb5bb000 	C:\WINDOWS\System32\GDI32.dll
0x00007ff9eaa10000 - 0x00007ff9eab3b000 	C:\WINDOWS\System32\gdi32full.dll
0x00007ff9e96b0000 - 0x00007ff9e9753000 	C:\WINDOWS\System32\msvcp_win.dll
0x00007ff9dc860000 - 0x00007ff9dc86b000 	C:\WINDOWS\SYSTEM32\VERSION.dll
0x00007ff9eccc0000 - 0x00007ff9eccf1000 	C:\WINDOWS\System32\IMM32.DLL
0x00007ff9d8360000 - 0x00007ff9d836c000 	C:\Program Files\Java\jdk-21\bin\vcruntime140_1.dll
0x00007ff96bfe0000 - 0x00007ff96c06e000 	C:\Program Files\Java\jdk-21\bin\msvcp140.dll
0x00007ff96b2d0000 - 0x00007ff96bfdd000 	C:\Program Files\Java\jdk-21\bin\server\jvm.dll
0x00007ff9eb040000 - 0x00007ff9eb0b4000 	C:\WINDOWS\System32\WS2_32.dll
0x00007ff9e94e0000 - 0x00007ff9e953e000 	C:\WINDOWS\SYSTEM32\POWRPROF.dll
0x00007ff9ddc40000 - 0x00007ff9ddc75000 	C:\WINDOWS\SYSTEM32\WINMM.dll
0x00007ff9e94c0000 - 0x00007ff9e94d4000 	C:\WINDOWS\SYSTEM32\UMPDC.dll
0x00007ff9e8410000 - 0x00007ff9e842b000 	C:\WINDOWS\SYSTEM32\kernel.appcore.dll
0x00007ff9d02a0000 - 0x00007ff9d02aa000 	C:\Program Files\Java\jdk-21\bin\jimage.dll
0x00007ff9e7800000 - 0x00007ff9e7a42000 	C:\WINDOWS\SYSTEM32\DBGHELP.DLL
0x00007ff9eab50000 - 0x00007ff9eaed2000 	C:\WINDOWS\System32\combase.dll
0x00007ff9eb840000 - 0x00007ff9eb917000 	C:\WINDOWS\System32\OLEAUT32.dll
0x00007ff9cf9c0000 - 0x00007ff9cf9fb000 	C:\WINDOWS\SYSTEM32\dbgcore.DLL
0x00007ff9e9ba0000 - 0x00007ff9e9c45000 	C:\WINDOWS\System32\bcryptPrimitives.dll
0x00007ff9cdc90000 - 0x00007ff9cdcaf000 	C:\Program Files\Java\jdk-21\bin\java.dll
0x00007ff9ec2a0000 - 0x00007ff9ec9ff000 	C:\WINDOWS\System32\SHELL32.dll
0x00007ff9e9760000 - 0x00007ff9e98ca000 	C:\WINDOWS\System32\wintypes.dll
0x00007ff9ea1a0000 - 0x00007ff9eaa04000 	C:\WINDOWS\System32\windows.storage.dll
0x00007ff9eb990000 - 0x00007ff9eba87000 	C:\WINDOWS\System32\SHCORE.dll
0x00007ff9eb920000 - 0x00007ff9eb987000 	C:\WINDOWS\System32\shlwapi.dll
0x00007ff9e95a0000 - 0x00007ff9e95c9000 	C:\WINDOWS\SYSTEM32\profapi.dll
0x00007ff96b1f0000 - 0x00007ff96b2c7000 	C:\Program Files\Java\jdk-21\bin\jsvml.dll
0x00007ff9d0290000 - 0x00007ff9d02a0000 	C:\Program Files\Java\jdk-21\bin\net.dll
0x00007ff9ddac0000 - 0x00007ff9ddbe7000 	C:\WINDOWS\SYSTEM32\WINHTTP.dll
0x00007ff9e8980000 - 0x00007ff9e89eb000 	C:\WINDOWS\system32\mswsock.dll
0x00007ff9cc6a0000 - 0x00007ff9cc6b6000 	C:\Program Files\Java\jdk-21\bin\nio.dll
0x00007ff9cc680000 - 0x00007ff9cc698000 	C:\Program Files\Java\jdk-21\bin\zip.dll
0x00007ff9e6910000 - 0x00007ff9e691a000 	C:\Program Files\Java\jdk-21\bin\management.dll
0x00007ff9e6900000 - 0x00007ff9e690b000 	C:\Program Files\Java\jdk-21\bin\management_ext.dll
0x00007ff9eb3a0000 - 0x00007ff9eb3a8000 	C:\WINDOWS\System32\PSAPI.DLL
0x00007ff9daf00000 - 0x00007ff9daf0e000 	C:\Program Files\Java\jdk-21\bin\sunmscapi.dll
0x00007ff9e98d0000 - 0x00007ff9e9a47000 	C:\WINDOWS\System32\CRYPT32.dll
0x00007ff9e8e80000 - 0x00007ff9e8eb0000 	C:\WINDOWS\SYSTEM32\ncrypt.dll
0x00007ff9e8e30000 - 0x00007ff9e8e6f000 	C:\WINDOWS\SYSTEM32\NTASN1.dll
0x00007ff9e8c60000 - 0x00007ff9e8c7b000 	C:\WINDOWS\SYSTEM32\CRYPTSP.dll
0x00007ff9e8370000 - 0x00007ff9e83a9000 	C:\WINDOWS\system32\rsaenh.dll
0x00007ff9e8a30000 - 0x00007ff9e8a62000 	C:\WINDOWS\SYSTEM32\USERENV.dll
0x00007ff9e9570000 - 0x00007ff9e959a000 	C:\WINDOWS\SYSTEM32\bcrypt.dll
0x00007ff9e8c80000 - 0x00007ff9e8c8c000 	C:\WINDOWS\SYSTEM32\CRYPTBASE.dll
0x00007ff9e7e80000 - 0x00007ff9e7eb3000 	C:\WINDOWS\SYSTEM32\IPHLPAPI.DLL
0x00007ff9eca40000 - 0x00007ff9eca4a000 	C:\WINDOWS\System32\NSI.dll
0x00007ff9daf10000 - 0x00007ff9daf20000 	C:\Program Files\Java\jdk-21\bin\verify.dll
0x00007ff9e7ec0000 - 0x00007ff9e7fea000 	C:\WINDOWS\SYSTEM32\DNSAPI.dll
0x00007ff9ddc30000 - 0x00007ff9ddc3b000 	C:\Windows\System32\rasadhlp.dll
0x00007ff9e33d0000 - 0x00007ff9e3456000 	C:\WINDOWS\System32\fwpuclnt.dll
0x00007ff962e40000 - 0x00007ff962e49000 	C:\Program Files\Java\jdk-21\bin\extnet.dll
0x00007ff9e68d0000 - 0x00007ff9e68d8000 	C:\WINDOWS\system32\wshunix.dll

dbghelp: loaded successfully - version: 4.0.5 - missing functions: none
symbol engine: initialized successfully - sym options: 0x614 - pdb path: .;C:\Program Files\Java\jdk-21\bin;C:\WINDOWS\SYSTEM32;C:\WINDOWS\WinSxS\amd64_microsoft.windows.common-controls_6595b64144ccf1df_6.0.26100.8037_none_3e092faae333b53b;C:\Program Files\Java\jdk-21\bin\server

VM Arguments:
jvm_args: -Dfile.encoding=UTF-8 -Dstdout.encoding=UTF-8 -Dstderr.encoding=UTF-8 -XX:+ShowCodeDetailsInExceptionMessages 
java_command: com.superBoy.FoodieHub.FoodieHubApplication
java_class_path (initial): C:\FoodieHub\target\classes;C:\Users\vinay\.m2\repository\org\springframework\boot\spring-boot-starter-web\3.3.2\spring-boot-starter-web-3.3.2.jar;C:\Users\vinay\.m2\repository\org\springframework\boot\spring-boot-starter\3.3.2\spring-boot-starter-3.3.2.jar;C:\Users\vinay\.m2\repository\org\springframework\boot\spring-boot-starter-logging\3.3.2\spring-boot-starter-logging-3.3.2.jar;C:\Users\vinay\.m2\repository\ch\qos\logback\logback-classic\1.5.6\logback-classic-1.5.6.jar;C:\Users\vinay\.m2\repository\ch\qos\logback\logback-core\1.5.6\logback-core-1.5.6.jar;C:\Users\vinay\.m2\repository\org\apache\logging\log4j\log4j-to-slf4j\2.23.1\log4j-to-slf4j-2.23.1.jar;C:\Users\vinay\.m2\repository\org\apache\logging\log4j\log4j-api\2.23.1\log4j-api-2.23.1.jar;C:\Users\vinay\.m2\repository\org\slf4j\jul-to-slf4j\2.0.13\jul-to-slf4j-2.0.13.jar;C:\Users\vinay\.m2\repository\jakarta\annotation\jakarta.annotation-api\2.1.1\jakarta.annotation-api-2.1.1.jar;C:\Users\vinay\.m2\repository\org\yaml\snakeyaml\2.2\snakeyaml-2.2.jar;C:\Users\vinay\.m2\repository\org\springframework\boot\spring-boot-starter-json\3.3.2\spring-boot-starter-json-3.3.2.jar;C:\Users\vinay\.m2\repository\com\fasterxml\jackson\core\jackson-databind\2.17.2\jackson-databind-2.17.2.jar;C:\Users\vinay\.m2\repository\com\fasterxml\jackson\core\jackson-annotations\2.17.2\jackson-annotations-2.17.2.jar;C:\Users\vinay\.m2\repository\com\fasterxml\jackson\core\jackson-core\2.17.2\jackson-core-2.17.2.jar;C:\Users\vinay\.m2\repository\com\fasterxml\jackson\datatype\jackson-datatype-jdk8\2.17.2\jackson-datatype-jdk8-2.17.2.jar;C:\Users\vinay\.m2\repository\com\fasterxml\jackson\datatype\jackson-datatype-jsr310\2.17.2\jackson-datatype-jsr310-2.17.2.jar;C:\Users\vinay\.m2\repository\com\fasterxml\jackson\module\jackson-module-parameter-names\2.17.2\jackson-module-parameter-names-2.17.2.jar;C:\Users\vinay\.m2\repository\org\springframework\boot\spring-boot-starter-tomcat\3.3.2\spring-boot-starter-tomcat-3.3.2.jar;C:\Users\vinay\.m2\repository\org\apache\tomcat\embed\tomcat-embed-core\10.1.26\tomcat-embed-core-10.1.26.jar;C:\Users\vinay\.m2\repository\org\apache\tomcat\embed\tomcat-embed-websocket\10.1.26\tomcat-embed-websocket-10.1.26.jar;C:\Users\vinay\.m2\repository\org\springframework\spring-web\6.1.11\spring-web-6.1.11.jar;C:\Users\vinay\.m2\repository\org\springframework\spring-beans\6.1.11\spring-beans-6.1.11.jar;C:\Users\vinay\.m2\repository\io\micrometer\micrometer-observation\1.13.2\micrometer-observation-1.13.2.jar;C:\Users\vinay\.m2\repository\io\micrometer\micrometer-commons\1.13.2\micrometer-commons-1.13.2.jar;C:\Users\vinay\.m2\repository\org\springframework\spring-webmvc\6.1.11\spring-webmvc-6.1.11.jar;C:\Users\vinay\.m2\repository\org\springframework\spring-aop\6.1.11\spring-aop-6.1.11.jar;C:\Users\vinay\.m2\repository\org\springframework\spring-context\6.1.11\spring-context-6.1.11.jar;C:\Users\vinay\.m2\repository\org\springframework\spring-expression\6.1.11\spring-expression-6.1.11.jar;C:\Users\vinay\.m2\repository\org\springframework\boot\spring-boot-starter-data-jpa\3.3.2\spring-boot-starter-data-jpa-3.3.2.jar;C:\Users\vinay\.m2\repository\org\springframework\boot\spring-boot-starter-aop\3.3.2\spring-boot-starter-aop-3.3.2.jar;C:\Users\vinay\.m2\repository\org\aspectj\aspectjweaver\1.9.22.1\aspectjweaver-1.9.22.1.jar;C:\Users\vinay\.m2\repository\org\springframework\boot\spring-boot-starter-jdbc\3.3.2\spring-boot-starter-jdbc-3.3.2.jar;C:\Users\vinay\.m2\repository\com\zaxxer\HikariCP\5.1.0\HikariCP-5.1.0.jar;C:\Users\vinay\.m2\repository\org\springframework\spring-jdbc\6.1.11\spring-jdbc-6.1.11.jar;C:\Users\vinay\.m2\repository\org\hibernate\orm\hibernate-core\6.5.2.Final\hibernate-core-6.5.2.Final.jar;C:\Users\vinay\.m2\repository\jakarta\persistence\jakarta.persistence-api\3.1.0\jakarta.persistence-api-3.1.0.jar;C:\Users\vinay\.m2\repository\jakarta\transaction\jakarta.transaction-api\2.0.1\jakarta.transaction-api-2.0.1.jar;C:\Users\vinay\.m2\repository\org\jboss\logging\jboss-logging\3.5.3.Final\jboss-logging-3.5.3.Final.jar;C:\Users\vinay\.m2\repository\org\hibernate\common\hibernate-commons-annotations\6.0.6.Final\hibernate-commons-annotations-6.0.6.Final.jar;C:\Users\vinay\.m2\repository\io\smallrye\jandex\3.1.2\jandex-3.1.2.jar;C:\Users\vinay\.m2\repository\com\fasterxml\classmate\1.7.0\classmate-1.7.0.jar;C:\Users\vinay\.m2\repository\net\bytebuddy\byte-buddy\1.14.18\byte-buddy-1.14.18.jar;C:\Users\vinay\.m2\repository\org\glassfish\jaxb\jaxb-runtime\4.0.5\jaxb-runtime-4.0.5.jar;C:\Users\vinay\.m2\repository\org\glassfish\jaxb\jaxb-core\4.0.5\jaxb-core-4.0.5.jar;C:\Users\vinay\.m2\repository\org\eclipse\angus\angus-activation\2.0.2\angus-activation-2.0.2.jar;C:\Users\vinay\.m2\repository\org\glassfish\jaxb\txw2\4.0.5\txw2-4.0.5.jar;C:\Users\vinay\.m2\repository\com\sun\istack\istack-commons-runtime\4.1.2\istack-commons-runtime-4.1.2.jar;C:\Users\vinay\.m2\repository\jakarta\inject\jakarta.inject-api\2.0.1\jakarta.inject-api-2.0.1.jar;C:\Users\vinay\.m2\repository\org\antlr\antlr4-runtime\4.13.0\antlr4-runtime-4.13.0.jar;C:\Users\vinay\.m2\repository\org\springframework\data\spring-data-jpa\3.3.2\spring-data-jpa-3.3.2.jar;C:\Users\vinay\.m2\repository\org\springframework\data\spring-data-commons\3.3.2\spring-data-commons-3.3.2.jar;C:\Users\vinay\.m2\repository\org\springframework\spring-orm\6.1.11\spring-orm-6.1.11.jar;C:\Users\vinay\.m2\repository\org\springframework\spring-tx\6.1.11\spring-tx-6.1.11.jar;C:\Users\vinay\.m2\repository\org\slf4j\slf4j-api\2.0.13\slf4j-api-2.0.13.jar;C:\Users\vinay\.m2\repository\org\springframework\spring-aspects\6.1.11\spring-aspects-6.1.11.jar;C:\Users\vinay\.m2\repository\org\springframework\boot\spring-boot-starter-validation\3.3.2\spring-boot-starter-validation-3.3.2.jar;C:\Users\vinay\.m2\repository\org\apache\tomcat\embed\tomcat-embed-el\10.1.26\tomcat-embed-el-10.1.26.jar;C:\Users\vinay\.m2\repository\org\hibernate\validator\hibernate-validator\8.0.1.Final\hibernate-validator-8.0.1.Final.jar;C:\Users\vinay\.m2\repository\jakarta\validation\jakarta.validation-api\3.0.2\jakarta.validation-api-3.0.2.jar;C:\Users\vinay\.m2\repository\com\mysql\mysql-connector-j\8.3.0\mysql-connector-j-8.3.0.jar;C:\Users\vinay\.m2\repository\org\modelmapper\modelmapper\3.2.0\modelmapper-3.2.0.jar;C:\Users\vinay\.m2\repository\software\amazon\awssdk\s3\2.25.20\s3-2.25.20.jar;C:\Users\vinay\.m2\repository\software\amazon\awssdk\aws-xml-protocol\2.25.20\aws-xml-protocol-2.25.20.jar;C:\Users\vinay\.m2\repository\software\amazon\awssdk\aws-query-protocol\2.25.20\aws-query-protocol-2.25.20.jar;C:\Users\vinay\.m2\repository\software\amazon\awssdk\protocol-core\2.25.20\protocol-core-2.25.20.jar;C:\Users\vinay\.m2\repository\software\amazon\awssdk\arns\2.25.20\arns-2.25.20.jar;C:\Users\vinay\.m2\repository\software\amazon\awssdk\profiles\2.25.20\profiles-2.25.20.jar;C:\Users\vinay\.m2\repository\software\amazon\awssdk\crt-core\2.25.20\crt-core-2.25.20.jar;C:\Users\vinay\.m2\repository\software\amazon\awssdk\http-auth\2.25.20\http-auth-2.25.20.jar;C:\Users\vinay\.m2\repository\software\amazon\awssdk\identity-spi\2.25.20\identity-spi-2.25.20.jar;C:\Users\vinay\.m2\repository\software\amazon\awssdk\http-auth-spi\2.25.20\http-auth-spi-2.25.20.jar;C:\Users\vinay\.m2\repository\org\reactivestreams\reactive-streams\1.0.4\reactive-streams-1.0.4.jar;C:\Users\vinay\.m2\repository\software\amazon\awssdk\http-auth-aws\2.25.20\http-auth-aws-2.25.20.jar;C:\Users\vinay\.m2\repository\software\amazon\awssdk\checksums\2.25.20\checksums-2.25.20.jar;C:\Users\vinay\.m2\repository\software\amazon\awssdk\checksums-spi\2.25.20\checksums-spi-2.25.20.jar;C:\Users\vinay\.m2\repository\software\amazon\awssdk\sdk-core\2.25.20\sdk-core-2.25.20.jar;C:\Users\vinay\.m2\repository\software\amazon\awssdk\auth\2.25.20\auth-2.25.20.jar;C:\Users\vinay\.m2\repository\software\amazon\eventstream\eventstream\1.0.1\eventstream-1.0.1.jar;C:\Users\vinay\.m2\repository\software\amazon\awssdk\http-client-spi\2.25.20\http-client-spi-2.25.20.jar;C:\Users\vinay\.m2\repository\software\amazon\awssdk\regions\2.25.20\regions-2.25.20.jar;C:\Users\vinay\.m2\repository\software\amazon\awssdk\annotations\2.25.20\annotations-2.25.20.jar;C:\Users\vinay\.m2\repository\software\amazon\awssdk\utils\2.25.20\utils-2.25.20.jar;C:\Users\vinay\.m2\repository\software\amazon\awssdk\aws-core\2.25.20\aws-core-2.25.20.jar;C:\Users\vinay\.m2\repository\software\amazon\awssdk\metrics-spi\2.25.20\metrics-spi-2.25.20.jar;C:\Users\vinay\.m2\repository\software\amazon\awssdk\json-utils\2.25.20\json-utils-2.25.20.jar;C:\Users\vinay\.m2\repository\software\amazon\awssdk\third-party-jackson-core\2.25.20\third-party-jackson-core-2.25.20.jar;C:\Users\vinay\.m2\repository\software\amazon\awssdk\endpoints-spi\2.25.20\endpoints-spi-2.25.20.jar;C:\Users\vinay\.m2\repository\software\amazon\awssdk\apache-client\2.25.20\apache-client-2.25.20.jar;C:\Users\vinay\.m2\repository\org\apache\httpcomponents\httpclient\4.5.13\httpclient-4.5.13.jar;C:\Users\vinay\.m2\repository\org\apache\httpcomponents\httpcore\4.4.16\httpcore-4.4.16.jar;C:\Users\vinay\.m2\repository\software\amazon\awssdk\netty-nio-client\2.25.20\netty-nio-client-2.25.20.jar;C:\Users\vinay\.m2\repository\io\netty\netty-codec-http\4.1.111.Final\netty-codec-http-4.1.111.Final.jar;C:\Users\vinay\.m2\repository\io\netty\netty-codec-http2\4.1.111.Final\netty-codec-http2-4.1.111.Final.jar;C:\Users\vinay\.m2\repository\io\netty\netty-codec\4.1.111.Final\netty-codec-4.1.111.Final.jar;C:\Users\vinay\.m2\repository\io\netty\netty-transport\4.1.111.Final\netty-transport-4.1.111.Final.jar;C:\Users\vinay\.m2\repository\io\netty\netty-common\4.1.111.Final\netty-common-4.1.111.Final.jar;C:\Users\vinay\.m2\repository\io\netty\netty-buffer\4.1.111.Final\netty-buffer-4.1.111.Final.jar;C:\Users\vinay\.m2\repository\io\netty\netty-handler\4.1.111.Final\netty-handler-4.1.111.Final.jar;C:\Users\vinay\.m2\repository\io\netty\netty-transport-native-unix-common\4.1.111.Final\netty-transport-native-unix-common-4.1.111.Final.jar;C:\Users\vinay\.m2\repository\io\netty\netty-transport-classes-epoll\4.1.111.Final\netty-transport-classes-epoll-4.1.111.Final.jar;C:\Users\vinay\.m2\repository\io\netty\netty-resolver\4.1.111.Final\netty-resolver-4.1.111.Final.jar;C:\Users\vinay\.m2\repository\org\springframework\boot\spring-boot-devtools\3.3.2\spring-boot-devtools-3.3.2.jar;C:\Users\vinay\.m2\repository\org\springframework\boot\spring-boot\3.3.2\spring-boot-3.3.2.jar;C:\Users\vinay\.m2\repository\org\springframework\boot\spring-boot-autoconfigure\3.3.2\spring-boot-autoconfigure-3.3.2.jar;C:\Users\vinay\.m2\repository\jakarta\xml\bind\jakarta.xml.bind-api\4.0.2\jakarta.xml.bind-api-4.0.2.jar;C:\Users\vinay\.m2\repository\jakarta\activation\jakarta.activation-api\2.1.3\jakarta.activation-api-2.1.3.jar;C:\Users\vinay\.m2\repository\org\springframework\spring-core\6.1.11\spring-core-6.1.11.jar;C:\Users\vinay\.m2\repository\org\springframework\spring-jcl\6.1.11\spring-jcl-6.1.11.jar;C:\Users\vinay\.m2\repository\com\razorpay\razorpay-java\1.4.3\razorpay-java-1.4.3.jar;C:\Users\vinay\.m2\repository\org\json\json\20180130\json-20180130.jar;C:\Users\vinay\.m2\repository\com\squareup\okhttp3\okhttp\4.12.0\okhttp-4.12.0.jar;C:\Users\vinay\.m2\repository\com\squareup\okio\okio\3.6.0\okio-3.6.0.jar;C:\Users\vinay\.m2\repository\com\squareup\okio\okio-jvm\3.6.0\okio-jvm-3.6.0.jar;C:\Users\vinay\.m2\repository\org\jetbrains\kotlin\kotlin-stdlib-common\1.9.24\kotlin-stdlib-common-1.9.24.jar;C:\Users\vinay\.m2\repository\org\jetbrains\kotlin\kotlin-stdlib-jdk8\1.9.24\kotlin-stdlib-jdk8-1.9.24.jar;C:\Users\vinay\.m2\repository\org\jetbrains\kotlin\kotlin-stdlib\1.9.24\kotlin-stdlib-1.9.24.jar;C:\Users\vinay\.m2\repository\org\jetbrains\annotations\13.0\annotations-13.0.jar;C:\Users\vinay\.m2\repository\org\jetbrains\kotlin\kotlin-stdlib-jdk7\1.9.24\kotlin-stdlib-jdk7-1.9.24.jar;C:\Users\vinay\.m2\repository\com\squareup\okhttp3\logging-interceptor\4.12.0\logging-interceptor-4.12.0.jar;C:\Users\vinay\.m2\repository\commons-codec\commons-codec\1.16.1\commons-codec-1.16.1.jar;C:\Users\vinay\.m2\repository\org\apache\commons\commons-text\1.3\commons-text-1.3.jar;C:\Users\vinay\.m2\repository\org\apache\commons\commons-lang3\3.14.0\commons-lang3-3.14.0.jar
Launcher Type: SUN_STANDARD

[Global flags]
     intx CICompilerCount                          = 12                                        {product} {ergonomic}
     uint ConcGCThreads                            = 3                                         {product} {ergonomic}
     uint G1ConcRefinementThreads                  = 13                                        {product} {ergonomic}
   size_t G1HeapRegionSize                         = 1048576                                   {product} {ergonomic}
    uintx GCDrainStackTargetSize                   = 64                                        {product} {ergonomic}
   size_t InitialHeapSize                          = 121634816                                 {product} {ergonomic}
   size_t MarkStackSize                            = 4194304                                   {product} {ergonomic}
   size_t MaxHeapSize                              = 1931476992                                {product} {ergonomic}
   size_t MaxNewSize                               = 1158676480                                {product} {ergonomic}
   size_t MinHeapDeltaBytes                        = 1048576                                   {product} {ergonomic}
   size_t MinHeapSize                              = 8388608                                   {product} {ergonomic}
    uintx NonNMethodCodeHeapSize                   = 7602480                                {pd product} {ergonomic}
    uintx NonProfiledCodeHeapSize                  = 122027880                              {pd product} {ergonomic}
    uintx ProfiledCodeHeapSize                     = 122027880                              {pd product} {ergonomic}
    uintx ReservedCodeCacheSize                    = 251658240                              {pd product} {ergonomic}
     bool SegmentedCodeCache                       = true                                      {product} {ergonomic}
     bool ShowCodeDetailsInExceptionMessages       = true                                   {manageable} {command line}
   size_t SoftMaxHeapSize                          = 1931476992                             {manageable} {ergonomic}
     bool UseCompressedOops                        = true                           {product lp64_product} {ergonomic}
     bool UseG1GC                                  = true                                      {product} {ergonomic}
     bool UseLargePagesIndividualAllocation        = false                                  {pd product} {ergonomic}

Logging:
Log output configuration:
 #0: stdout all=warning uptime,level,tags foldmultilines=false
 #1: stderr all=off uptime,level,tags foldmultilines=false

Environment Variables:
PATH=C:\TOOLSGRADLE\gradle-8.13\bin;C:\Program Files\Common Files\Oracle\Java\javapath;C:\Windows\system32;C:\Windows;C:\Windows\System32\Wbem;C:\Windows\System32\WindowsPowerShell\v1.0\;C:\Windows\System32\OpenSSH\;C:\Program Files (x86)\NVIDIA Corporation\PhysX\Common;C:\MinGW\bin;C:\Program Files\NVIDIA Corporation\NVIDIA app\NvDLISR;C:\Program Files\Git\cmd;C:\WINDOWS\system32;C:\WINDOWS;C:\WINDOWS\System32\Wbem;C:\WINDOWS\System32\WindowsPowerShell\v1.0\;C:\WINDOWS\System32\OpenSSH\;C:\Users\vinay\Downloads\apache-maven-3.9.9-bin\apache-maven-3.9.9\bin;C:\Program Files\nodejs\;C:\MangoDB SHELL (Mangosh)\mongosh-2.5.1-win32-x64\bin;C:\MANGO-DB-CommunitySErver\bin;C:\Program Files\MySQL\MySQL Shell 8.0\bin\;C:\Users\vinay\AppData\Local\Programs\Python\Python312\Scripts\;C:\Users\vinay\AppData\Local\Programs\Python\Python312\;C:\Program Files\Java\jdk-21\bin;C:\Users\vinay\Desktop\intelligent\IntelliJ IDEA Community Edition 2024.1.1\bin;C:\ProgramData\Microsoft\Windows\Start Menu\Programs\MySQL\MySQL Server 8.0;;C:\MinGW\bin;C:\Users\vinay\AppData\Local\Microsoft\WindowsApps;C:\Users\vinay\AppData\Local\Programs\Microsoft VS Code\bin;C:\Users\vinay\AppData\Local\Programs\cursor\resources\app\bin;C:\Users\vinay\AppData\Roaming\npm;C:\Users\vinay\AppData\Local\Programs\Antigravity\bin
USERNAME=vinay
OS=Windows_NT
PROCESSOR_IDENTIFIER=AMD64 Family 25 Model 68 Stepping 1, AuthenticAMD
TMP=C:\Users\vinay\AppData\Local\Temp
TEMP=C:\Users\vinay\AppData\Local\Temp




Periodic native trim disabled

---------------  S Y S T E M  ---------------

OS:
 Windows 11 , 64 bit Build 26100 (10.0.26100.7920)
OS uptime: 4 days 4:03 hours
Hyper-V role detected

CPU: total 16 (initial active 16) (16 cores per cpu, 2 threads per core) family 25 model 68 stepping 1 microcode 0xa404107, cx8, cmov, fxsr, ht, mmx, 3dnowpref, sse, sse2, sse3, ssse3, sse4a, sse4.1, sse4.2, popcnt, lzcnt, tsc, tscinvbit, avx, avx2, aes, erms, clmul, bmi1, bmi2, adx, sha, fma, vzeroupper, clflush, clflushopt, hv, rdtscp, rdpid, fsrm, f16c, cet_ss
Processor Information for processor 0
  Max Mhz: 3201, Current Mhz: 3201, Mhz Limit: 3201
Processor Information for processor 1
  Max Mhz: 3201, Current Mhz: 3201, Mhz Limit: 3201
Processor Information for processor 2
  Max Mhz: 3201, Current Mhz: 1989, Mhz Limit: 3201
Processor Information for processor 3
  Max Mhz: 3201, Current Mhz: 1989, Mhz Limit: 3201
Processor Information for processor 4
  Max Mhz: 3201, Current Mhz: 3201, Mhz Limit: 3201
Processor Information for processor 5
  Max Mhz: 3201, Current Mhz: 3201, Mhz Limit: 3201
Processor Information for processor 6
  Max Mhz: 3201, Current Mhz: 1989, Mhz Limit: 3201
Processor Information for processor 7
  Max Mhz: 3201, Current Mhz: 1989, Mhz Limit: 3201
Processor Information for processor 8
  Max Mhz: 3201, Current Mhz: 1989, Mhz Limit: 3201
Processor Information for processor 9
  Max Mhz: 3201, Current Mhz: 1989, Mhz Limit: 3201
Processor Information for processor 10
  Max Mhz: 3201, Current Mhz: 1989, Mhz Limit: 3201
Processor Information for processor 11
  Max Mhz: 3201, Current Mhz: 1989, Mhz Limit: 3201
Processor Information for processor 12
  Max Mhz: 3201, Current Mhz: 1989, Mhz Limit: 3201
Processor Information for processor 13
  Max Mhz: 3201, Current Mhz: 1989, Mhz Limit: 3201
Processor Information for processor 14
  Max Mhz: 3201, Current Mhz: 1989, Mhz Limit: 3201
Processor Information for processor 15
  Max Mhz: 3201, Current Mhz: 1989, Mhz Limit: 3201

Memory: 4k page, system-wide physical 7365M (365M free)
TotalPageFile size 29893M (AvailPageFile size 0M)
current process WorkingSet (physical memory assigned to process): 30M, peak: 350M
current process commit charge ("private bytes"): 352M, peak: 408M

vm_info: Java HotSpot(TM) 64-Bit Server VM (21.0.3+7-LTS-152) for windows-amd64 JRE (21.0.3+7-LTS-152), built on 2024-03-11T17:42:26Z by "mach5one" with MS VC++ 17.6 (VS2022)

END.
