#
# There is insufficient memory for the Java Runtime Environment to continue.
# Native memory allocation (malloc) failed to allocate 1680288 bytes for Chunk::new
# Possible reasons:
#   The system is out of physical RAM or swap space
#   The process is running with CompressedOops enabled, and the Java Heap may be blocking the growth of the native heap
# Possible solutions:
#   Reduce memory load on the system
#   Increase physical memory or swap space
#   Check if swap backing store is full
#   Decrease Java heap size (-Xmx/-Xms)
#   Decrease number of Java threads
#   Decrease Java thread stack sizes (-Xss)
#   Set larger code cache with -XX:ReservedCodeCacheSize=
#   JVM is running with Unscaled Compressed Oops mode in which the Java heap is
#     placed in the first 4GB address space. The Java Heap base address is the
#     maximum limit for the native heap growth. Please use -XX:HeapBaseMinAddress
#     to set the Java Heap base and to place the Java Heap above 4GB virtual address.
# This output file may be truncated or incomplete.
#
#  Out of Memory Error (arena.cpp:168), pid=37876, tid=9600
#
# JRE version: Java(TM) SE Runtime Environment (21.0.3+7) (build 21.0.3+7-LTS-152)
# Java VM: Java HotSpot(TM) 64-Bit Server VM (21.0.3+7-LTS-152, mixed mode, sharing, tiered, compressed oops, compressed class ptrs, g1 gc, windows-amd64)
# No core dump will be written. Minidumps are not enabled by default on client versions of Windows
#

---------------  S U M M A R Y ------------

Command Line: -Dclassworlds.conf=C:\Users\vinay\Downloads\apache-maven-3.9.9-bin\apache-maven-3.9.9\bin\m2.conf -Dmaven.home=C:\Users\vinay\Downloads\apache-maven-3.9.9-bin\apache-maven-3.9.9 -Dlibrary.jansi.path=C:\Users\vinay\Downloads\apache-maven-3.9.9-bin\apache-maven-3.9.9\lib\jansi-native -Dmaven.multiModuleProjectDirectory=C:\FoodieHub org.codehaus.plexus.classworlds.launcher.Launcher compile

Host: AMD Ryzen 7 6800H with Radeon Graphics         , 16 cores, 7G,  Windows 11 , 64 bit Build 26100 (10.0.26100.7920)
Time: Sun Mar 22 22:34:03 2026 India Standard Time elapsed time: 9.821211 seconds (0d 0h 0m 9s)

---------------  T H R E A D  ---------------

Current thread (0x000001b3a2bbf890):  JavaThread "C2 CompilerThread1" daemon [_thread_in_native, id=9600, stack(0x0000003954c00000,0x0000003954d00000) (1024K)]


Current CompileTask:
C2:   9821 4164   !   4       org.codehaus.plexus.interpolation.StringSearchInterpolator::interpolate (668 bytes)

Stack: [0x0000003954c00000,0x0000003954d00000]
Native frames: (J=compiled Java code, j=interpreted, Vv=VM code, C=native code)
V  [jvm.dll+0x6c63b9]
V  [jvm.dll+0x84fa11]
V  [jvm.dll+0x851f3e]
V  [jvm.dll+0x852613]
V  [jvm.dll+0x27cd46]
V  [jvm.dll+0xc4aad]
V  [jvm.dll+0xc4fe3]
V  [jvm.dll+0x3b1d5c]
V  [jvm.dll+0x37e485]
V  [jvm.dll+0x37d8fa]
V  [jvm.dll+0x245b40]
V  [jvm.dll+0x24511f]
V  [jvm.dll+0x1c689e]
V  [jvm.dll+0x254609]
V  [jvm.dll+0x252b9a]
V  [jvm.dll+0x3eb056]
V  [jvm.dll+0x7f9ffb]
V  [jvm.dll+0x6c4a9d]
C  [ucrtbase.dll+0x37b0]
C  [KERNEL32.DLL+0x2e8d7]
C  [ntdll.dll+0x8c48c]


---------------  P R O C E S S  ---------------

Threads class SMR info:
_java_thread_list=0x000001b3a26cb220, length=16, elements={
0x000001b33f9ff640, 0x000001b35ca8fb20, 0x000001b35ca935a0, 0x000001b35ca976f0,
0x000001b35ca983b0, 0x000001b35ca99be0, 0x000001b35caac7a0, 0x000001b35cab0a30,
0x000001b35cab34e0, 0x000001b35caddc10, 0x000001b35cd8e2e0, 0x000001b35cd8bb80,
0x000001b3a2643bc0, 0x000001b3a2910730, 0x000001b3a2bbf890, 0x000001b35cd8d5c0
}

Java Threads: ( => current thread )
  0x000001b33f9ff640 JavaThread "main"                              [_thread_in_native, id=24788, stack(0x0000003953700000,0x0000003953800000) (1024K)]
  0x000001b35ca8fb20 JavaThread "Reference Handler"          daemon [_thread_blocked, id=31484, stack(0x0000003953f00000,0x0000003954000000) (1024K)]
  0x000001b35ca935a0 JavaThread "Finalizer"                  daemon [_thread_blocked, id=4192, stack(0x0000003954000000,0x0000003954100000) (1024K)]
  0x000001b35ca976f0 JavaThread "Signal Dispatcher"          daemon [_thread_blocked, id=18136, stack(0x0000003954100000,0x0000003954200000) (1024K)]
  0x000001b35ca983b0 JavaThread "Attach Listener"            daemon [_thread_blocked, id=26352, stack(0x0000003954200000,0x0000003954300000) (1024K)]
  0x000001b35ca99be0 JavaThread "Service Thread"             daemon [_thread_blocked, id=37140, stack(0x0000003954300000,0x0000003954400000) (1024K)]
  0x000001b35caac7a0 JavaThread "Monitor Deflation Thread"   daemon [_thread_blocked, id=32888, stack(0x0000003954400000,0x0000003954500000) (1024K)]
  0x000001b35cab0a30 JavaThread "C2 CompilerThread0"         daemon [_thread_in_native, id=23624, stack(0x0000003954500000,0x0000003954600000) (1024K)]
  0x000001b35cab34e0 JavaThread "C1 CompilerThread0"         daemon [_thread_blocked, id=41348, stack(0x0000003954600000,0x0000003954700000) (1024K)]
  0x000001b35caddc10 JavaThread "C1 CompilerThread1"         daemon [_thread_blocked, id=28548, stack(0x0000003954700000,0x0000003954800000) (1024K)]
  0x000001b35cd8e2e0 JavaThread "Notification Thread"        daemon [_thread_blocked, id=37596, stack(0x0000003954800000,0x0000003954900000) (1024K)]
  0x000001b35cd8bb80 JavaThread "Common-Cleaner"             daemon [_thread_blocked, id=16884, stack(0x0000003954900000,0x0000003954a00000) (1024K)]
  0x000001b3a2643bc0 JavaThread "C1 CompilerThread2"         daemon [_thread_blocked, id=41616, stack(0x0000003954a00000,0x0000003954b00000) (1024K)]
  0x000001b3a2910730 JavaThread "C1 CompilerThread3"         daemon [_thread_blocked, id=38736, stack(0x0000003954b00000,0x0000003954c00000) (1024K)]
=>0x000001b3a2bbf890 JavaThread "C2 CompilerThread1"         daemon [_thread_in_native, id=9600, stack(0x0000003954c00000,0x0000003954d00000) (1024K)]
  0x000001b35cd8d5c0 JavaThread "Thread-1"                   daemon [_thread_blocked, id=17672, stack(0x0000003955700000,0x0000003955800000) (1024K)]
Total: 16

Other Threads:
  0x000001b35ca6adf0 VMThread "VM Thread"                           [id=18944, stack(0x0000003953e00000,0x0000003953f00000) (1024K)]
  0x000001b35ca539f0 WatcherThread "VM Periodic Task Thread"        [id=9828, stack(0x0000003953d00000,0x0000003953e00000) (1024K)]
  0x000001b33fa49380 WorkerThread "GC Thread#0"                     [id=16240, stack(0x0000003953800000,0x0000003953900000) (1024K)]
  0x000001b3a2d9c1e0 WorkerThread "GC Thread#1"                     [id=22204, stack(0x0000003954d00000,0x0000003954e00000) (1024K)]
  0x000001b3a2ca49a0 WorkerThread "GC Thread#2"                     [id=22352, stack(0x0000003954e00000,0x0000003954f00000) (1024K)]
  0x000001b3a2ca4f50 WorkerThread "GC Thread#3"                     [id=26636, stack(0x0000003954f00000,0x0000003955000000) (1024K)]
  0x000001b3a2bc1a00 WorkerThread "GC Thread#4"                     [id=39808, stack(0x0000003955000000,0x0000003955100000) (1024K)]
  0x000001b3a2bc1da0 WorkerThread "GC Thread#5"                     [id=38200, stack(0x0000003955100000,0x0000003955200000) (1024K)]
  0x000001b3a2bc2550 WorkerThread "GC Thread#6"                     [id=12660, stack(0x0000003955200000,0x0000003955300000) (1024K)]
  0x000001b3a2bc28f0 WorkerThread "GC Thread#7"                     [id=15432, stack(0x0000003955300000,0x0000003955400000) (1024K)]
  0x000001b3a2e4c1e0 WorkerThread "GC Thread#8"                     [id=31544, stack(0x0000003955400000,0x0000003955500000) (1024K)]
  0x000001b3a2e4ac20 WorkerThread "GC Thread#9"                     [id=40716, stack(0x0000003955500000,0x0000003955600000) (1024K)]
  0x000001b3a2e4afc0 WorkerThread "GC Thread#10"                    [id=27656, stack(0x0000003955600000,0x0000003955700000) (1024K)]
  0x000001b3a2e4b700 WorkerThread "GC Thread#11"                    [id=35332, stack(0x0000003955800000,0x0000003955900000) (1024K)]
  0x000001b3a2e4b360 WorkerThread "GC Thread#12"                    [id=37540, stack(0x0000003955900000,0x0000003955a00000) (1024K)]
  0x000001b33fa59820 ConcurrentGCThread "G1 Main Marker"            [id=40096, stack(0x0000003953900000,0x0000003953a00000) (1024K)]
  0x000001b33fa5a320 WorkerThread "G1 Conc#0"                       [id=30916, stack(0x0000003953a00000,0x0000003953b00000) (1024K)]
  0x000001b35c927510 ConcurrentGCThread "G1 Refine#0"               [id=16224, stack(0x0000003953b00000,0x0000003953c00000) (1024K)]
  0x000001b35c928080 ConcurrentGCThread "G1 Service"                [id=37784, stack(0x0000003953c00000,0x0000003953d00000) (1024K)]
Total: 19

Threads with active compile tasks:
C2 CompilerThread0     9869 4309       4       java.io.WinNTFileSystem::normalize (224 bytes)
C2 CompilerThread1     9869 4164   !   4       org.codehaus.plexus.interpolation.StringSearchInterpolator::interpolate (668 bytes)
Total: 2

VM state: not at safepoint (normal execution)

VM Mutex/Monitor currently owned by a thread: None

Heap address: 0x000000008ce00000, size: 1842 MB, Compressed Oops mode: 32-bit

CDS archive(s) mapped at: [0x000001b35d000000-0x000001b35dc90000-0x000001b35dc90000), size 13172736, SharedBaseAddress: 0x000001b35d000000, ArchiveRelocationMode: 1.
Compressed class space mapped at: 0x000001b35e000000-0x000001b39e000000, reserved size: 1073741824
Narrow klass base: 0x000001b35d000000, Narrow klass shift: 0, Narrow klass range: 0x100000000

GC Precious Log:
 CardTable entry size: 512
 Card Set container configuration: InlinePtr #cards 5 size 8 Array Of Cards #cards 12 size 40 Howl #buckets 4 coarsen threshold 1843 Howl Bitmap #cards 512 size 80 coarsen threshold 460 Card regions per heap region 1 cards per card region 2048
 CPUs: 16 total, 16 available
 Memory: 7365M
 Large Page Support: Disabled
 NUMA Support: Disabled
 Compressed Oops: Enabled (32-bit)
 Heap Region Size: 1M
 Heap Min Capacity: 8M
 Heap Initial Capacity: 116M
 Heap Max Capacity: 1842M
 Pre-touch: Disabled
 Parallel Workers: 13
 Concurrent Workers: 3
 Concurrent Refinement Workers: 13
 Periodic GC: Disabled

Heap:
 garbage-first heap   total 118784K, used 26436K [0x000000008ce00000, 0x0000000100000000)
  region size 1024K, 23 young (23552K), 9 survivors (9216K)
 Metaspace       used 16288K, committed 16576K, reserved 1114112K
  class space    used 1880K, committed 1984K, reserved 1048576K

Heap Regions: E=young(eden), S=young(survivor), O=old, HS=humongous(starts), HC=humongous(continues), CS=collection set, F=free, TAMS=top-at-mark-start, PB=parsable bottom
|   0|0x000000008ce00000, 0x000000008cf00000, 0x000000008cf00000|100%| O|  |TAMS 0x000000008ce00000| PB 0x000000008ce00000| Untracked 
|   1|0x000000008cf00000, 0x000000008d000000, 0x000000008d000000|100%| O|  |TAMS 0x000000008cf00000| PB 0x000000008cf00000| Untracked 
|   2|0x000000008d000000, 0x000000008d100000, 0x000000008d100000|100%| O|  |TAMS 0x000000008d000000| PB 0x000000008d000000| Untracked 
|   3|0x000000008d100000, 0x000000008d1d1228, 0x000000008d200000| 81%| O|  |TAMS 0x000000008d100000| PB 0x000000008d100000| Untracked 
|   4|0x000000008d200000, 0x000000008d200000, 0x000000008d300000|  0%| F|  |TAMS 0x000000008d200000| PB 0x000000008d200000| Untracked 
|   5|0x000000008d300000, 0x000000008d300000, 0x000000008d400000|  0%| F|  |TAMS 0x000000008d300000| PB 0x000000008d300000| Untracked 
|   6|0x000000008d400000, 0x000000008d400000, 0x000000008d500000|  0%| F|  |TAMS 0x000000008d400000| PB 0x000000008d400000| Untracked 
|   7|0x000000008d500000, 0x000000008d500000, 0x000000008d600000|  0%| F|  |TAMS 0x000000008d500000| PB 0x000000008d500000| Untracked 
|   8|0x000000008d600000, 0x000000008d600000, 0x000000008d700000|  0%| F|  |TAMS 0x000000008d600000| PB 0x000000008d600000| Untracked 
|   9|0x000000008d700000, 0x000000008d700000, 0x000000008d800000|  0%| F|  |TAMS 0x000000008d700000| PB 0x000000008d700000| Untracked 
|  10|0x000000008d800000, 0x000000008d800000, 0x000000008d900000|  0%| F|  |TAMS 0x000000008d800000| PB 0x000000008d800000| Untracked 
|  11|0x000000008d900000, 0x000000008d900000, 0x000000008da00000|  0%| F|  |TAMS 0x000000008d900000| PB 0x000000008d900000| Untracked 
|  12|0x000000008da00000, 0x000000008da00000, 0x000000008db00000|  0%| F|  |TAMS 0x000000008da00000| PB 0x000000008da00000| Untracked 
|  13|0x000000008db00000, 0x000000008db00000, 0x000000008dc00000|  0%| F|  |TAMS 0x000000008db00000| PB 0x000000008db00000| Untracked 
|  14|0x000000008dc00000, 0x000000008dc00000, 0x000000008dd00000|  0%| F|  |TAMS 0x000000008dc00000| PB 0x000000008dc00000| Untracked 
|  15|0x000000008dd00000, 0x000000008dd00000, 0x000000008de00000|  0%| F|  |TAMS 0x000000008dd00000| PB 0x000000008dd00000| Untracked 
|  16|0x000000008de00000, 0x000000008de00000, 0x000000008df00000|  0%| F|  |TAMS 0x000000008de00000| PB 0x000000008de00000| Untracked 
|  17|0x000000008df00000, 0x000000008df00000, 0x000000008e000000|  0%| F|  |TAMS 0x000000008df00000| PB 0x000000008df00000| Untracked 
|  18|0x000000008e000000, 0x000000008e000000, 0x000000008e100000|  0%| F|  |TAMS 0x000000008e000000| PB 0x000000008e000000| Untracked 
|  19|0x000000008e100000, 0x000000008e100000, 0x000000008e200000|  0%| F|  |TAMS 0x000000008e100000| PB 0x000000008e100000| Untracked 
|  20|0x000000008e200000, 0x000000008e200000, 0x000000008e300000|  0%| F|  |TAMS 0x000000008e200000| PB 0x000000008e200000| Untracked 
|  21|0x000000008e300000, 0x000000008e300000, 0x000000008e400000|  0%| F|  |TAMS 0x000000008e300000| PB 0x000000008e300000| Untracked 
|  22|0x000000008e400000, 0x000000008e400000, 0x000000008e500000|  0%| F|  |TAMS 0x000000008e400000| PB 0x000000008e400000| Untracked 
|  23|0x000000008e500000, 0x000000008e500000, 0x000000008e600000|  0%| F|  |TAMS 0x000000008e500000| PB 0x000000008e500000| Untracked 
|  24|0x000000008e600000, 0x000000008e600000, 0x000000008e700000|  0%| F|  |TAMS 0x000000008e600000| PB 0x000000008e600000| Untracked 
|  25|0x000000008e700000, 0x000000008e700000, 0x000000008e800000|  0%| F|  |TAMS 0x000000008e700000| PB 0x000000008e700000| Untracked 
|  26|0x000000008e800000, 0x000000008e800000, 0x000000008e900000|  0%| F|  |TAMS 0x000000008e800000| PB 0x000000008e800000| Untracked 
|  27|0x000000008e900000, 0x000000008e900000, 0x000000008ea00000|  0%| F|  |TAMS 0x000000008e900000| PB 0x000000008e900000| Untracked 
|  28|0x000000008ea00000, 0x000000008ea00000, 0x000000008eb00000|  0%| F|  |TAMS 0x000000008ea00000| PB 0x000000008ea00000| Untracked 
|  29|0x000000008eb00000, 0x000000008eb00000, 0x000000008ec00000|  0%| F|  |TAMS 0x000000008eb00000| PB 0x000000008eb00000| Untracked 
|  30|0x000000008ec00000, 0x000000008ec00000, 0x000000008ed00000|  0%| F|  |TAMS 0x000000008ec00000| PB 0x000000008ec00000| Untracked 
|  31|0x000000008ed00000, 0x000000008ed00000, 0x000000008ee00000|  0%| F|  |TAMS 0x000000008ed00000| PB 0x000000008ed00000| Untracked 
|  32|0x000000008ee00000, 0x000000008ee00000, 0x000000008ef00000|  0%| F|  |TAMS 0x000000008ee00000| PB 0x000000008ee00000| Untracked 
|  33|0x000000008ef00000, 0x000000008ef00000, 0x000000008f000000|  0%| F|  |TAMS 0x000000008ef00000| PB 0x000000008ef00000| Untracked 
|  34|0x000000008f000000, 0x000000008f000000, 0x000000008f100000|  0%| F|  |TAMS 0x000000008f000000| PB 0x000000008f000000| Untracked 
|  35|0x000000008f100000, 0x000000008f100000, 0x000000008f200000|  0%| F|  |TAMS 0x000000008f100000| PB 0x000000008f100000| Untracked 
|  36|0x000000008f200000, 0x000000008f200000, 0x000000008f300000|  0%| F|  |TAMS 0x000000008f200000| PB 0x000000008f200000| Untracked 
|  37|0x000000008f300000, 0x000000008f300000, 0x000000008f400000|  0%| F|  |TAMS 0x000000008f300000| PB 0x000000008f300000| Untracked 
|  38|0x000000008f400000, 0x000000008f500000, 0x000000008f500000|100%| S|CS|TAMS 0x000000008f400000| PB 0x000000008f400000| Complete 
|  39|0x000000008f500000, 0x000000008f600000, 0x000000008f600000|100%| S|CS|TAMS 0x000000008f500000| PB 0x000000008f500000| Complete 
|  40|0x000000008f600000, 0x000000008f700000, 0x000000008f700000|100%| S|CS|TAMS 0x000000008f600000| PB 0x000000008f600000| Complete 
|  41|0x000000008f700000, 0x000000008f800000, 0x000000008f800000|100%| S|CS|TAMS 0x000000008f700000| PB 0x000000008f700000| Complete 
|  42|0x000000008f800000, 0x000000008f900000, 0x000000008f900000|100%| S|CS|TAMS 0x000000008f800000| PB 0x000000008f800000| Complete 
|  43|0x000000008f900000, 0x000000008fa00000, 0x000000008fa00000|100%| S|CS|TAMS 0x000000008f900000| PB 0x000000008f900000| Complete 
|  44|0x000000008fa00000, 0x000000008fb00000, 0x000000008fb00000|100%| S|CS|TAMS 0x000000008fa00000| PB 0x000000008fa00000| Complete 
|  45|0x000000008fb00000, 0x000000008fc00000, 0x000000008fc00000|100%| S|CS|TAMS 0x000000008fb00000| PB 0x000000008fb00000| Complete 
|  46|0x000000008fc00000, 0x000000008fd00000, 0x000000008fd00000|100%| S|CS|TAMS 0x000000008fc00000| PB 0x000000008fc00000| Complete 
|  47|0x000000008fd00000, 0x000000008fd00000, 0x000000008fe00000|  0%| F|  |TAMS 0x000000008fd00000| PB 0x000000008fd00000| Untracked 
|  48|0x000000008fe00000, 0x000000008fe00000, 0x000000008ff00000|  0%| F|  |TAMS 0x000000008fe00000| PB 0x000000008fe00000| Untracked 
|  49|0x000000008ff00000, 0x000000008ff00000, 0x0000000090000000|  0%| F|  |TAMS 0x000000008ff00000| PB 0x000000008ff00000| Untracked 
|  50|0x0000000090000000, 0x0000000090000000, 0x0000000090100000|  0%| F|  |TAMS 0x0000000090000000| PB 0x0000000090000000| Untracked 
|  51|0x0000000090100000, 0x0000000090100000, 0x0000000090200000|  0%| F|  |TAMS 0x0000000090100000| PB 0x0000000090100000| Untracked 
|  52|0x0000000090200000, 0x0000000090200000, 0x0000000090300000|  0%| F|  |TAMS 0x0000000090200000| PB 0x0000000090200000| Untracked 
|  53|0x0000000090300000, 0x0000000090300000, 0x0000000090400000|  0%| F|  |TAMS 0x0000000090300000| PB 0x0000000090300000| Untracked 
|  54|0x0000000090400000, 0x0000000090400000, 0x0000000090500000|  0%| F|  |TAMS 0x0000000090400000| PB 0x0000000090400000| Untracked 
|  55|0x0000000090500000, 0x0000000090500000, 0x0000000090600000|  0%| F|  |TAMS 0x0000000090500000| PB 0x0000000090500000| Untracked 
|  56|0x0000000090600000, 0x0000000090600000, 0x0000000090700000|  0%| F|  |TAMS 0x0000000090600000| PB 0x0000000090600000| Untracked 
|  57|0x0000000090700000, 0x0000000090700000, 0x0000000090800000|  0%| F|  |TAMS 0x0000000090700000| PB 0x0000000090700000| Untracked 
|  58|0x0000000090800000, 0x0000000090800000, 0x0000000090900000|  0%| F|  |TAMS 0x0000000090800000| PB 0x0000000090800000| Untracked 
|  59|0x0000000090900000, 0x0000000090900000, 0x0000000090a00000|  0%| F|  |TAMS 0x0000000090900000| PB 0x0000000090900000| Untracked 
|  60|0x0000000090a00000, 0x0000000090a00000, 0x0000000090b00000|  0%| F|  |TAMS 0x0000000090a00000| PB 0x0000000090a00000| Untracked 
|  61|0x0000000090b00000, 0x0000000090b00000, 0x0000000090c00000|  0%| F|  |TAMS 0x0000000090b00000| PB 0x0000000090b00000| Untracked 
|  62|0x0000000090c00000, 0x0000000090c00000, 0x0000000090d00000|  0%| F|  |TAMS 0x0000000090c00000| PB 0x0000000090c00000| Untracked 
|  63|0x0000000090d00000, 0x0000000090d00000, 0x0000000090e00000|  0%| F|  |TAMS 0x0000000090d00000| PB 0x0000000090d00000| Untracked 
|  64|0x0000000090e00000, 0x0000000090e00000, 0x0000000090f00000|  0%| F|  |TAMS 0x0000000090e00000| PB 0x0000000090e00000| Untracked 
|  65|0x0000000090f00000, 0x0000000090f00000, 0x0000000091000000|  0%| F|  |TAMS 0x0000000090f00000| PB 0x0000000090f00000| Untracked 
|  66|0x0000000091000000, 0x0000000091000000, 0x0000000091100000|  0%| F|  |TAMS 0x0000000091000000| PB 0x0000000091000000| Untracked 
|  67|0x0000000091100000, 0x0000000091100000, 0x0000000091200000|  0%| F|  |TAMS 0x0000000091100000| PB 0x0000000091100000| Untracked 
|  68|0x0000000091200000, 0x0000000091200000, 0x0000000091300000|  0%| F|  |TAMS 0x0000000091200000| PB 0x0000000091200000| Untracked 
|  69|0x0000000091300000, 0x0000000091300000, 0x0000000091400000|  0%| F|  |TAMS 0x0000000091300000| PB 0x0000000091300000| Untracked 
|  70|0x0000000091400000, 0x0000000091400000, 0x0000000091500000|  0%| F|  |TAMS 0x0000000091400000| PB 0x0000000091400000| Untracked 
|  71|0x0000000091500000, 0x0000000091500000, 0x0000000091600000|  0%| F|  |TAMS 0x0000000091500000| PB 0x0000000091500000| Untracked 
|  72|0x0000000091600000, 0x0000000091600000, 0x0000000091700000|  0%| F|  |TAMS 0x0000000091600000| PB 0x0000000091600000| Untracked 
|  73|0x0000000091700000, 0x0000000091700000, 0x0000000091800000|  0%| F|  |TAMS 0x0000000091700000| PB 0x0000000091700000| Untracked 
|  74|0x0000000091800000, 0x0000000091800000, 0x0000000091900000|  0%| F|  |TAMS 0x0000000091800000| PB 0x0000000091800000| Untracked 
|  75|0x0000000091900000, 0x0000000091900000, 0x0000000091a00000|  0%| F|  |TAMS 0x0000000091900000| PB 0x0000000091900000| Untracked 
|  76|0x0000000091a00000, 0x0000000091a00000, 0x0000000091b00000|  0%| F|  |TAMS 0x0000000091a00000| PB 0x0000000091a00000| Untracked 
|  77|0x0000000091b00000, 0x0000000091b00000, 0x0000000091c00000|  0%| F|  |TAMS 0x0000000091b00000| PB 0x0000000091b00000| Untracked 
|  78|0x0000000091c00000, 0x0000000091c00000, 0x0000000091d00000|  0%| F|  |TAMS 0x0000000091c00000| PB 0x0000000091c00000| Untracked 
|  79|0x0000000091d00000, 0x0000000091d00000, 0x0000000091e00000|  0%| F|  |TAMS 0x0000000091d00000| PB 0x0000000091d00000| Untracked 
|  80|0x0000000091e00000, 0x0000000091e00000, 0x0000000091f00000|  0%| F|  |TAMS 0x0000000091e00000| PB 0x0000000091e00000| Untracked 
|  81|0x0000000091f00000, 0x0000000091f00000, 0x0000000092000000|  0%| F|  |TAMS 0x0000000091f00000| PB 0x0000000091f00000| Untracked 
|  82|0x0000000092000000, 0x0000000092000000, 0x0000000092100000|  0%| F|  |TAMS 0x0000000092000000| PB 0x0000000092000000| Untracked 
|  83|0x0000000092100000, 0x0000000092100000, 0x0000000092200000|  0%| F|  |TAMS 0x0000000092100000| PB 0x0000000092100000| Untracked 
|  84|0x0000000092200000, 0x0000000092200000, 0x0000000092300000|  0%| F|  |TAMS 0x0000000092200000| PB 0x0000000092200000| Untracked 
|  85|0x0000000092300000, 0x0000000092300000, 0x0000000092400000|  0%| F|  |TAMS 0x0000000092300000| PB 0x0000000092300000| Untracked 
|  86|0x0000000092400000, 0x0000000092400000, 0x0000000092500000|  0%| F|  |TAMS 0x0000000092400000| PB 0x0000000092400000| Untracked 
|  87|0x0000000092500000, 0x0000000092500000, 0x0000000092600000|  0%| F|  |TAMS 0x0000000092500000| PB 0x0000000092500000| Untracked 
|  88|0x0000000092600000, 0x0000000092600000, 0x0000000092700000|  0%| F|  |TAMS 0x0000000092600000| PB 0x0000000092600000| Untracked 
|  89|0x0000000092700000, 0x0000000092700000, 0x0000000092800000|  0%| F|  |TAMS 0x0000000092700000| PB 0x0000000092700000| Untracked 
|  90|0x0000000092800000, 0x0000000092800000, 0x0000000092900000|  0%| F|  |TAMS 0x0000000092800000| PB 0x0000000092800000| Untracked 
|  91|0x0000000092900000, 0x0000000092900000, 0x0000000092a00000|  0%| F|  |TAMS 0x0000000092900000| PB 0x0000000092900000| Untracked 
|  92|0x0000000092a00000, 0x0000000092a00000, 0x0000000092b00000|  0%| F|  |TAMS 0x0000000092a00000| PB 0x0000000092a00000| Untracked 
|  93|0x0000000092b00000, 0x0000000092b00000, 0x0000000092c00000|  0%| F|  |TAMS 0x0000000092b00000| PB 0x0000000092b00000| Untracked 
|  94|0x0000000092c00000, 0x0000000092c00000, 0x0000000092d00000|  0%| F|  |TAMS 0x0000000092c00000| PB 0x0000000092c00000| Untracked 
|  95|0x0000000092d00000, 0x0000000092d00000, 0x0000000092e00000|  0%| F|  |TAMS 0x0000000092d00000| PB 0x0000000092d00000| Untracked 
|  96|0x0000000092e00000, 0x0000000092e00000, 0x0000000092f00000|  0%| F|  |TAMS 0x0000000092e00000| PB 0x0000000092e00000| Untracked 
|  97|0x0000000092f00000, 0x0000000092f00000, 0x0000000093000000|  0%| F|  |TAMS 0x0000000092f00000| PB 0x0000000092f00000| Untracked 
|  98|0x0000000093000000, 0x0000000093000000, 0x0000000093100000|  0%| F|  |TAMS 0x0000000093000000| PB 0x0000000093000000| Untracked 
|  99|0x0000000093100000, 0x0000000093100000, 0x0000000093200000|  0%| F|  |TAMS 0x0000000093100000| PB 0x0000000093100000| Untracked 
| 100|0x0000000093200000, 0x0000000093200000, 0x0000000093300000|  0%| F|  |TAMS 0x0000000093200000| PB 0x0000000093200000| Untracked 
| 101|0x0000000093300000, 0x0000000093300000, 0x0000000093400000|  0%| F|  |TAMS 0x0000000093300000| PB 0x0000000093300000| Untracked 
| 102|0x0000000093400000, 0x0000000093500000, 0x0000000093500000|100%| E|  |TAMS 0x0000000093400000| PB 0x0000000093400000| Complete 
| 103|0x0000000093500000, 0x0000000093600000, 0x0000000093600000|100%| E|CS|TAMS 0x0000000093500000| PB 0x0000000093500000| Complete 
| 104|0x0000000093600000, 0x0000000093700000, 0x0000000093700000|100%| E|CS|TAMS 0x0000000093600000| PB 0x0000000093600000| Complete 
| 105|0x0000000093700000, 0x0000000093800000, 0x0000000093800000|100%| E|CS|TAMS 0x0000000093700000| PB 0x0000000093700000| Complete 
| 106|0x0000000093800000, 0x0000000093900000, 0x0000000093900000|100%| E|CS|TAMS 0x0000000093800000| PB 0x0000000093800000| Complete 
| 107|0x0000000093900000, 0x0000000093a00000, 0x0000000093a00000|100%| E|CS|TAMS 0x0000000093900000| PB 0x0000000093900000| Complete 
| 108|0x0000000093a00000, 0x0000000093b00000, 0x0000000093b00000|100%| E|CS|TAMS 0x0000000093a00000| PB 0x0000000093a00000| Complete 
| 109|0x0000000093b00000, 0x0000000093c00000, 0x0000000093c00000|100%| E|CS|TAMS 0x0000000093b00000| PB 0x0000000093b00000| Complete 
| 110|0x0000000093c00000, 0x0000000093d00000, 0x0000000093d00000|100%| E|CS|TAMS 0x0000000093c00000| PB 0x0000000093c00000| Complete 
| 111|0x0000000093d00000, 0x0000000093e00000, 0x0000000093e00000|100%| E|CS|TAMS 0x0000000093d00000| PB 0x0000000093d00000| Complete 
| 112|0x0000000093e00000, 0x0000000093f00000, 0x0000000093f00000|100%| E|CS|TAMS 0x0000000093e00000| PB 0x0000000093e00000| Complete 
| 113|0x0000000093f00000, 0x0000000094000000, 0x0000000094000000|100%| E|CS|TAMS 0x0000000093f00000| PB 0x0000000093f00000| Complete 
| 114|0x0000000094000000, 0x0000000094100000, 0x0000000094100000|100%| E|CS|TAMS 0x0000000094000000| PB 0x0000000094000000| Complete 
| 115|0x0000000094100000, 0x0000000094200000, 0x0000000094200000|100%| E|CS|TAMS 0x0000000094100000| PB 0x0000000094100000| Complete 

Card table byte_map: [0x000001b357a90000,0x000001b357e30000] _byte_map_base: 0x000001b357629000

Marking Bits: (CMBitMap*) 0x000001b33fa49a80
 Bits: [0x000001b357e30000, 0x000001b359af8000)

Polling page: 0x000001b33d980000

Metaspace:

Usage:
  Non-class:     14.07 MB used.
      Class:      1.84 MB used.
       Both:     15.91 MB used.

Virtual space:
  Non-class space:       64.00 MB reserved,      14.25 MB ( 22%) committed,  1 nodes.
      Class space:        1.00 GB reserved,       1.94 MB ( <1%) committed,  1 nodes.
             Both:        1.06 GB reserved,      16.19 MB (  1%) committed. 

Chunk freelists:
   Non-Class:  1.55 MB
       Class:  13.91 MB
        Both:  15.46 MB

MaxMetaspaceSize: unlimited
CompressedClassSpaceSize: 1.00 GB
Initial GC threshold: 21.00 MB
Current GC threshold: 21.00 MB
CDS: on
 - commit_granule_bytes: 65536.
 - commit_granule_words: 8192.
 - virtual_space_node_default_size: 8388608.
 - enlarge_chunks_in_place: 1.
 - use_allocation_guard: 0.


Internal statistics:

num_allocs_failed_limit: 0.
num_arena_births: 180.
num_arena_deaths: 0.
num_vsnodes_births: 2.
num_vsnodes_deaths: 0.
num_space_committed: 259.
num_space_uncommitted: 0.
num_chunks_returned_to_freelist: 0.
num_chunks_taken_from_freelist: 726.
num_chunk_merges: 0.
num_chunk_splits: 504.
num_chunks_enlarged: 410.
num_inconsistent_stats: 0.

CodeHeap 'non-profiled nmethods': size=119168Kb used=1946Kb max_used=1946Kb free=117221Kb
 bounds [0x000001b34fa10000, 0x000001b34fc80000, 0x000001b356e70000]
CodeHeap 'profiled nmethods': size=119104Kb used=8865Kb max_used=8865Kb free=110238Kb
 bounds [0x000001b347e70000, 0x000001b348720000, 0x000001b34f2c0000]
CodeHeap 'non-nmethods': size=7488Kb used=3087Kb max_used=3129Kb free=4400Kb
 bounds [0x000001b34f2c0000, 0x000001b34f5e0000, 0x000001b34fa10000]
 total_blobs=4848 nmethods=4353 adapters=396
 compilation: enabled
              stopped_count=0, restarted_count=0
 full_count=0

Compilation events (20 events):
Event: 8.783 Thread 0x000001b3a2910730 4338       1       org.apache.maven.model.DependencyManagement::setDependencies (6 bytes)
Event: 8.783 Thread 0x000001b3a2910730 nmethod 4338 0x000001b34fbf3d10 code [0x000001b34fbf3ea0, 0x000001b34fbf3fb0]
Event: 8.785 Thread 0x000001b35cab34e0 4339       3       org.eclipse.aether.util.version.GenericVersion$Item::hashCode (16 bytes)
Event: 8.785 Thread 0x000001b35cab34e0 nmethod 4339 0x000001b34870c790 code [0x000001b34870c940, 0x000001b34870cb30]
Event: 8.788 Thread 0x000001b35cab0a30 nmethod 4289% 0x000001b34fbf4010 code [0x000001b34fbf4240, 0x000001b34fbf49f8]
Event: 8.788 Thread 0x000001b35cab0a30 4309       4       java.io.WinNTFileSystem::normalize (224 bytes)
Event: 8.799 Thread 0x000001b35caddc10 4342       3       org.eclipse.aether.util.repository.DefaultMirrorSelector::getMirror (117 bytes)
Event: 8.799 Thread 0x000001b3a2910730 4343       3       org.eclipse.aether.util.repository.DefaultMirrorSelector::findMirror (149 bytes)
Event: 8.799 Thread 0x000001b35cab34e0 4344       3       org.eclipse.aether.util.repository.DefaultMirrorSelector::matchPattern (178 bytes)
Event: 8.800 Thread 0x000001b3a2643bc0 4345       3       org.eclipse.aether.util.repository.DefaultMirrorSelector::isExternalHttpRepo (64 bytes)
Event: 8.801 Thread 0x000001b3a2643bc0 nmethod 4345 0x000001b34870cc10 code [0x000001b34870ce20, 0x000001b34870d308]
Event: 8.801 Thread 0x000001b3a2643bc0 4346       3       org.apache.maven.model.management.DefaultPluginManagementInjector$ManagementModelMerger::mergePlugin_Executions (208 bytes)
Event: 8.801 Thread 0x000001b35caddc10 nmethod 4342 0x000001b34870d490 code [0x000001b34870d780, 0x000001b34870e448]
Event: 8.801 Thread 0x000001b35cab34e0 nmethod 4344 0x000001b34870e910 code [0x000001b34870ebe0, 0x000001b34870f700]
Event: 8.801 Thread 0x000001b35caddc10 4347       1       org.eclipse.aether.internal.impl.collect.DataPool$GraphKey::hashCode (5 bytes)
Event: 8.801 Thread 0x000001b3a2910730 nmethod 4343 0x000001b34870fb90 code [0x000001b34870fe40, 0x000001b348710b30]
Event: 8.801 Thread 0x000001b35caddc10 nmethod 4347 0x000001b34fbf5090 code [0x000001b34fbf5220, 0x000001b34fbf52e8]
Event: 8.808 Thread 0x000001b35caddc10 4348       3       org.apache.maven.model.building.DefaultModelBuilder$$Lambda/0x000001b35e1b79a0::<init> (20 bytes)
Event: 8.808 Thread 0x000001b35cab34e0 4350       3       org.apache.maven.model.building.DefaultModelBuilder$$Lambda/0x000001b35e1b5468::<init> (20 bytes)
Event: 8.808 Thread 0x000001b3a2910730 4349       3       org.apache.maven.model.building.DefaultModelBuilder$$Lambda/0x000001b35e1b5000::<init> (20 bytes)

GC Heap History (6 events):
Event: 2.047 GC heap before
{Heap before GC invocations=0 (full 0):
 garbage-first heap   total 118784K, used 23552K [0x000000008ce00000, 0x0000000100000000)
  region size 1024K, 23 young (23552K), 0 survivors (0K)
 Metaspace       used 5676K, committed 5824K, reserved 1114112K
  class space    used 664K, committed 768K, reserved 1048576K
}
Event: 2.056 GC heap after
{Heap after GC invocations=1 (full 0):
 garbage-first heap   total 118784K, used 3800K [0x000000008ce00000, 0x0000000100000000)
  region size 1024K, 3 young (3072K), 3 survivors (3072K)
 Metaspace       used 5676K, committed 5824K, reserved 1114112K
  class space    used 664K, committed 768K, reserved 1048576K
}
Event: 5.287 GC heap before
{Heap before GC invocations=1 (full 0):
 garbage-first heap   total 118784K, used 34520K [0x000000008ce00000, 0x0000000100000000)
  region size 1024K, 33 young (33792K), 3 survivors (3072K)
 Metaspace       used 9950K, committed 10176K, reserved 1114112K
  class space    used 1177K, committed 1280K, reserved 1048576K
}
Event: 5.302 GC heap after
{Heap after GC invocations=2 (full 0):
 garbage-first heap   total 118784K, used 5266K [0x000000008ce00000, 0x0000000100000000)
  region size 1024K, 2 young (2048K), 2 survivors (2048K)
 Metaspace       used 9950K, committed 10176K, reserved 1114112K
  class space    used 1177K, committed 1280K, reserved 1048576K
}
Event: 8.433 GC heap before
{Heap before GC invocations=2 (full 0):
 garbage-first heap   total 118784K, used 73874K [0x000000008ce00000, 0x0000000100000000)
  region size 1024K, 69 young (70656K), 2 survivors (2048K)
 Metaspace       used 16173K, committed 16448K, reserved 1114112K
  class space    used 1877K, committed 1984K, reserved 1048576K
}
Event: 8.462 GC heap after
{Heap after GC invocations=3 (full 0):
 garbage-first heap   total 118784K, used 13124K [0x000000008ce00000, 0x0000000100000000)
  region size 1024K, 9 young (9216K), 9 survivors (9216K)
 Metaspace       used 16173K, committed 16448K, reserved 1114112K
  class space    used 1877K, committed 1984K, reserved 1048576K
}

Dll operation events (8 events):
Event: 0.010 Loaded shared library C:\Program Files\Java\jdk-21\bin\java.dll
Event: 0.045 Loaded shared library C:\Program Files\Java\jdk-21\bin\jsvml.dll
Event: 0.069 Loaded shared library C:\Program Files\Java\jdk-21\bin\net.dll
Event: 0.072 Loaded shared library C:\Program Files\Java\jdk-21\bin\nio.dll
Event: 0.076 Loaded shared library C:\Program Files\Java\jdk-21\bin\zip.dll
Event: 0.289 Loaded shared library C:\Program Files\Java\jdk-21\bin\jimage.dll
Event: 0.292 Loaded shared library C:\Users\vinay\Downloads\apache-maven-3.9.9-bin\apache-maven-3.9.9\lib\jansi-native\Windows\x86_64\jansi.dll
Event: 0.311 Loaded shared library C:\Program Files\Java\jdk-21\bin\verify.dll

Deoptimization events (20 events):
Event: 8.483 Thread 0x000001b33f9ff640 Uncommon trap: trap_request=0xffffff45 fr.pc=0x000001b34fbbfce8 relative=0x0000000000002a48
Event: 8.483 Thread 0x000001b33f9ff640 Uncommon trap: reason=unstable_if action=reinterpret pc=0x000001b34fbbfce8 method=org.codehaus.plexus.util.xml.pull.MXParser.parseAttribute()C @ 779 c2
Event: 8.484 Thread 0x000001b33f9ff640 DEOPT PACKING pc=0x000001b34fbbfce8 sp=0x00000039537fca90
Event: 8.484 Thread 0x000001b33f9ff640 DEOPT UNPACKING pc=0x000001b34f3146a2 sp=0x00000039537fca18 mode 2
Event: 8.568 Thread 0x000001b33f9ff640 Uncommon trap: trap_request=0xffffff45 fr.pc=0x000001b34fb20d58 relative=0x0000000000000298
Event: 8.569 Thread 0x000001b33f9ff640 Uncommon trap: reason=unstable_if action=reinterpret pc=0x000001b34fb20d58 method=java.util.concurrent.ConcurrentHashMap.get(Ljava/lang/Object;)Ljava/lang/Object; @ 152 c2
Event: 8.569 Thread 0x000001b33f9ff640 DEOPT PACKING pc=0x000001b34fb20d58 sp=0x00000039537fcf70
Event: 8.569 Thread 0x000001b33f9ff640 DEOPT UNPACKING pc=0x000001b34f3146a2 sp=0x00000039537fcee8 mode 2
Event: 8.569 Thread 0x000001b33f9ff640 Uncommon trap: trap_request=0xffffffde fr.pc=0x000001b34fa562e8 relative=0x0000000000000de8
Event: 8.569 Thread 0x000001b33f9ff640 Uncommon trap: reason=class_check action=maybe_recompile pc=0x000001b34fa562e8 method=java.util.concurrent.ConcurrentHashMap.putVal(Ljava/lang/Object;Ljava/lang/Object;Z)Ljava/lang/Object; @ 242 c2
Event: 8.569 Thread 0x000001b33f9ff640 DEOPT PACKING pc=0x000001b34fa562e8 sp=0x00000039537fcee0
Event: 8.569 Thread 0x000001b33f9ff640 DEOPT UNPACKING pc=0x000001b34f3146a2 sp=0x00000039537fce50 mode 2
Event: 8.728 Thread 0x000001b33f9ff640 DEOPT PACKING pc=0x000001b347f1f6c1 sp=0x00000039537fcc80
Event: 8.728 Thread 0x000001b33f9ff640 DEOPT UNPACKING pc=0x000001b34f314e42 sp=0x00000039537fc180 mode 0
Event: 8.756 Thread 0x000001b33f9ff640 Uncommon trap: trap_request=0xffffff45 fr.pc=0x000001b34fadbe28 relative=0x00000000000001e8
Event: 8.756 Thread 0x000001b33f9ff640 Uncommon trap: reason=unstable_if action=reinterpret pc=0x000001b34fadbe28 method=java.util.HashMap.getNode(Ljava/lang/Object;)Ljava/util/HashMap$Node; @ 66 c2
Event: 8.757 Thread 0x000001b33f9ff640 DEOPT PACKING pc=0x000001b34fadbe28 sp=0x00000039537fd2c0
Event: 8.757 Thread 0x000001b33f9ff640 DEOPT UNPACKING pc=0x000001b34f3146a2 sp=0x00000039537fd1d0 mode 2
Event: 9.816 Thread 0x000001b33f9ff640 DEOPT PACKING pc=0x000001b348626fe5 sp=0x00000039537fbf40
Event: 9.816 Thread 0x000001b33f9ff640 DEOPT UNPACKING pc=0x000001b34f314e42 sp=0x00000039537fb478 mode 0

Classes loaded (20 events):
Event: 6.666 Loading class java/util/spi/ResourceBundleProvider
Event: 6.667 Loading class java/util/spi/ResourceBundleProvider done
Event: 6.667 Loading class sun/util/resources/LocaleData$LocaleDataResourceBundleProvider done
Event: 6.667 Loading class sun/util/resources/LocaleData$CommonResourceBundleProvider done
Event: 6.667 Loading class sun/util/resources/Bundles$2
Event: 6.668 Loading class sun/util/resources/Bundles$2 done
Event: 6.760 Loading class java/util/StringTokenizer
Event: 6.761 Loading class java/util/StringTokenizer done
Event: 6.913 Loading class java/util/stream/Streams$RangeIntSpliterator
Event: 6.914 Loading class java/util/stream/Streams$RangeIntSpliterator done
Event: 7.655 Loading class java/util/stream/MatchOps$MatchKind
Event: 7.655 Loading class java/util/stream/MatchOps$MatchKind done
Event: 7.655 Loading class java/util/stream/MatchOps
Event: 7.655 Loading class java/util/stream/MatchOps done
Event: 7.655 Loading class java/util/stream/MatchOps$MatchOp
Event: 7.656 Loading class java/util/stream/MatchOps$MatchOp done
Event: 7.656 Loading class java/util/stream/MatchOps$BooleanTerminalSink
Event: 7.656 Loading class java/util/stream/MatchOps$BooleanTerminalSink done
Event: 7.657 Loading class java/util/stream/MatchOps$1MatchSink
Event: 7.657 Loading class java/util/stream/MatchOps$1MatchSink done

Classes unloaded (0 events):
No events

Classes redefined (0 events):
No events

Internal exceptions (20 events):
Event: 5.523 Thread 0x000001b33f9ff640 Exception <a 'java/lang/NoSuchMethodError'{0x0000000093c4c378}: 'long java.lang.invoke.DirectMethodHandle$Holder.invokeStatic(java.lang.Object, java.lang.Object, int)'> (0x0000000093c4c378) 
thrown [s\open\src\hotspot\share\interpreter\linkResolver.cpp, line 773]
Event: 5.526 Thread 0x000001b33f9ff640 Exception <a 'java/lang/NoSuchMethodError'{0x0000000093c5f410}: 'java.lang.Object java.lang.invoke.DirectMethodHandle$Holder.invokeStatic(java.lang.Object, java.lang.Object, java.lang.Object, java.lang.Object, int)'> (0x0000000093c5f410) 
thrown [s\open\src\hotspot\share\interpreter\linkResolver.cpp, line 773]
Event: 5.527 Thread 0x000001b33f9ff640 Exception <a 'java/lang/NoSuchMethodError'{0x0000000093c67328}: 'java.lang.Object java.lang.invoke.DirectMethodHandle$Holder.invokeSpecial(java.lang.Object, java.lang.Object, java.lang.Object, java.lang.Object, long)'> (0x0000000093c67328) 
thrown [s\open\src\hotspot\share\interpreter\linkResolver.cpp, line 773]
Event: 5.530 Thread 0x000001b33f9ff640 Exception <a 'java/lang/NoSuchMethodError'{0x0000000093c72e18}: 'java.lang.Object java.lang.invoke.DirectMethodHandle$Holder.invokeSpecial(java.lang.Object, java.lang.Object, java.lang.Object, int, java.lang.Object)'> (0x0000000093c72e18) 
thrown [s\open\src\hotspot\share\interpreter\linkResolver.cpp, line 773]
Event: 5.531 Thread 0x000001b33f9ff640 Exception <a 'java/lang/NoSuchMethodError'{0x0000000093c7af38}: 'int java.lang.invoke.DirectMethodHandle$Holder.invokeSpecial(java.lang.Object, java.lang.Object, java.lang.Object, int)'> (0x0000000093c7af38) 
thrown [s\open\src\hotspot\share\interpreter\linkResolver.cpp, line 773]
Event: 5.538 Thread 0x000001b33f9ff640 Implicit null exception at 0x000001b34fabe7dd to 0x000001b34fabe9cc
Event: 5.542 Thread 0x000001b33f9ff640 Exception <a 'java/lang/NoSuchMethodError'{0x0000000093cd32f8}: 'java.lang.Object java.lang.invoke.Invokers$Holder.invokeExact_MT(java.lang.Object, int, java.lang.Object)'> (0x0000000093cd32f8) 
thrown [s\open\src\hotspot\share\interpreter\linkResolver.cpp, line 773]
Event: 6.014 Thread 0x000001b33f9ff640 Exception <a 'java/lang/NoSuchMethodError'{0x00000000934c77a8}: 'void java.lang.invoke.Invokers$Holder.invokeExact_MT(java.lang.Object, java.lang.Object, java.lang.Object, java.lang.Object)'> (0x00000000934c77a8) 
thrown [s\open\src\hotspot\share\interpreter\linkResolver.cpp, line 773]
Event: 6.080 Thread 0x000001b33f9ff640 Exception <a 'java/lang/NoClassDefFoundError'{0x0000000093353f28}: com/google/inject/servlet/ServletModuleTargetVisitor> (0x0000000093353f28) 
thrown [s\open\src\hotspot\share\classfile\systemDictionary.cpp, line 301]
Event: 6.195 Thread 0x000001b33f9ff640 Exception <a 'java/lang/NoSuchMethodError'{0x0000000093115d20}: 'void java.lang.invoke.DirectMethodHandle$Holder.invokeVirtual(java.lang.Object, java.lang.Object)'> (0x0000000093115d20) 
thrown [s\open\src\hotspot\share\interpreter\linkResolver.cpp, line 773]
Event: 6.264 Thread 0x000001b33f9ff640 Exception <a 'java/lang/NoSuchMethodError'{0x0000000093194ff8}: 'java.lang.Object java.lang.invoke.DirectMethodHandle$Holder.invokeStaticInit(java.lang.Object, int, int, int, int)'> (0x0000000093194ff8) 
thrown [s\open\src\hotspot\share\interpreter\linkResolver.cpp, line 773]
Event: 6.525 Thread 0x000001b33f9ff640 Implicit null exception at 0x000001b34fa590a4 to 0x000001b34fa596fc
Event: 6.525 Thread 0x000001b33f9ff640 Implicit null exception at 0x000001b34fa49f20 to 0x000001b34fa4a56c
Event: 6.604 Thread 0x000001b33f9ff640 Exception <a 'java/lang/NoSuchMethodError'{0x0000000092ce9a60}: 'void java.lang.invoke.DirectMethodHandle$Holder.invokeSpecial(java.lang.Object, java.lang.Object, java.lang.Object, java.lang.Object, java.lang.Object)'> (0x0000000092ce9a60) 
thrown [s\open\src\hotspot\share\interpreter\linkResolver.cpp, line 773]
Event: 6.609 Thread 0x000001b33f9ff640 Exception <a 'java/lang/NoSuchMethodError'{0x0000000092cff940}: 'void java.lang.invoke.DirectMethodHandle$Holder.invokeSpecial(java.lang.Object, java.lang.Object, java.lang.Object, java.lang.Object, java.lang.Object, java.lang.Object)'> (0x0000000092cff940) 
thrown [s\open\src\hotspot\share\interpreter\linkResolver.cpp, line 773]
Event: 6.638 Thread 0x000001b33f9ff640 Exception <a 'java/lang/NoSuchMethodError'{0x0000000092bfc9c8}: 'java.lang.Object java.lang.invoke.DirectMethodHandle$Holder.invokeVirtual(java.lang.Object, java.lang.Object, java.lang.Object)'> (0x0000000092bfc9c8) 
thrown [s\open\src\hotspot\share\interpreter\linkResolver.cpp, line 773]
Event: 6.788 Thread 0x000001b33f9ff640 Exception <a 'java/lang/NoSuchMethodError'{0x00000000929d4170}: 'void java.lang.invoke.DirectMethodHandle$Holder.invokeVirtual(java.lang.Object, java.lang.Object, int)'> (0x00000000929d4170) 
thrown [s\open\src\hotspot\share\interpreter\linkResolver.cpp, line 773]
Event: 6.790 Thread 0x000001b33f9ff640 Exception <a 'java/lang/NoSuchMethodError'{0x00000000929d7f10}: 'void java.lang.invoke.DirectMethodHandle$Holder.invokeSpecial(java.lang.Object, java.lang.Object, java.lang.Object, int)'> (0x00000000929d7f10) 
thrown [s\open\src\hotspot\share\interpreter\linkResolver.cpp, line 773]
Event: 6.791 Thread 0x000001b33f9ff640 Exception <a 'java/lang/NoSuchMethodError'{0x00000000929db5d0}: 'void java.lang.invoke.DelegatingMethodHandle$Holder.reinvoke_L(java.lang.Object, java.lang.Object, int)'> (0x00000000929db5d0) 
thrown [s\open\src\hotspot\share\interpreter\linkResolver.cpp, line 773]
Event: 7.819 Thread 0x000001b33f9ff640 Exception <a 'java/lang/NoSuchMethodError'{0x0000000090ebe820}: 'int java.lang.invoke.DirectMethodHandle$Holder.invokeSpecialIFC(java.lang.Object, java.lang.Object, java.lang.Object, java.lang.Object)'> (0x0000000090ebe820) 
thrown [s\open\src\hotspot\share\interpreter\linkResolver.cpp, line 773]

ZGC Phase Switch (0 events):
No events

VM Operations (20 events):
Event: 6.008 Executing VM operation: HandshakeAllThreads (Deoptimize) done
Event: 6.211 Executing VM operation: HandshakeAllThreads (Deoptimize)
Event: 6.211 Executing VM operation: HandshakeAllThreads (Deoptimize) done
Event: 6.289 Executing VM operation: HandshakeAllThreads (Deoptimize)
Event: 6.290 Executing VM operation: HandshakeAllThreads (Deoptimize) done
Event: 6.348 Executing VM operation: HandshakeAllThreads (Deoptimize)
Event: 6.348 Executing VM operation: HandshakeAllThreads (Deoptimize) done
Event: 6.449 Executing VM operation: HandshakeAllThreads (Deoptimize)
Event: 6.449 Executing VM operation: HandshakeAllThreads (Deoptimize) done
Event: 6.451 Executing VM operation: HandshakeAllThreads (Deoptimize)
Event: 6.451 Executing VM operation: HandshakeAllThreads (Deoptimize) done
Event: 6.457 Executing VM operation: ICBufferFull
Event: 6.457 Executing VM operation: ICBufferFull done
Event: 7.169 Executing VM operation: ICBufferFull
Event: 7.170 Executing VM operation: ICBufferFull done
Event: 8.069 Executing VM operation: ICBufferFull
Event: 8.069 Executing VM operation: ICBufferFull done
Event: 8.433 Executing VM operation: G1CollectForAllocation (G1 Evacuation Pause)
Event: 8.463 Executing VM operation: G1CollectForAllocation (G1 Evacuation Pause) done
Event: 9.474 Executing VM operation: Cleanup

Events (20 events):
Event: 0.234 Thread 0x000001b3a20e8630 Thread added: 0x000001b3a20e8630
Event: 0.287 Thread 0x000001b35cd8c8a0 Thread added: 0x000001b35cd8c8a0
Event: 0.310 Thread 0x000001b35cd8c8a0 Thread exited: 0x000001b35cd8c8a0
Event: 0.433 Thread 0x000001b3a21e4fe0 Thread added: 0x000001b3a21e4fe0
Event: 0.434 Thread 0x000001b3a21cc210 Thread added: 0x000001b3a21cc210
Event: 1.810 Thread 0x000001b3a20e8630 Thread exited: 0x000001b3a20e8630
Event: 1.810 Thread 0x000001b3a21cc210 Thread exited: 0x000001b3a21cc210
Event: 1.821 Thread 0x000001b3a21e4fe0 Thread exited: 0x000001b3a21e4fe0
Event: 1.961 Thread 0x000001b3a2643bc0 Thread added: 0x000001b3a2643bc0
Event: 1.961 Thread 0x000001b3a2910730 Thread added: 0x000001b3a2910730
Event: 1.968 Thread 0x000001b3a28ad870 Thread added: 0x000001b3a28ad870
Event: 4.349 Thread 0x000001b3a2a4afd0 Thread added: 0x000001b3a2a4afd0
Event: 4.914 Thread 0x000001b3a2a4afd0 Thread exited: 0x000001b3a2a4afd0
Event: 5.459 Thread 0x000001b3a28ad870 Thread exited: 0x000001b3a28ad870
Event: 5.644 Thread 0x000001b3a2bbf890 Thread added: 0x000001b3a2bbf890
Event: 5.671 Thread 0x000001b3a229ede0 Thread added: 0x000001b3a229ede0
Event: 6.381 Thread 0x000001b35cd8d5c0 Thread added: 0x000001b35cd8d5c0
Event: 6.523 Thread 0x000001b3a229ede0 Thread exited: 0x000001b3a229ede0
Event: 6.664 Thread 0x000001b3a2368110 Thread added: 0x000001b3a2368110
Event: 7.443 Thread 0x000001b3a2368110 Thread exited: 0x000001b3a2368110


Dynamic libraries:
0x00007ff672770000 - 0x00007ff672780000 	C:\Program Files\Java\jdk-21\bin\java.exe
0x00007ff9ecda0000 - 0x00007ff9ed007000 	C:\WINDOWS\SYSTEM32\ntdll.dll
0x00007ff9eb6c0000 - 0x00007ff9eb789000 	C:\WINDOWS\System32\KERNEL32.DLL
0x00007ff9e9d10000 - 0x00007ff9ea101000 	C:\WINDOWS\System32\KERNELBASE.dll
0x00007ff9e9a50000 - 0x00007ff9e9b9b000 	C:\WINDOWS\System32\ucrtbase.dll
0x00007ff9d2700000 - 0x00007ff9d2719000 	C:\Program Files\Java\jdk-21\bin\jli.dll
0x00007ff9d1f70000 - 0x00007ff9d1f8b000 	C:\Program Files\Java\jdk-21\bin\VCRUNTIME140.dll
0x00007ff9ec1d0000 - 0x00007ff9ec28b000 	C:\WINDOWS\System32\ADVAPI32.dll
0x00007ff9eb0c0000 - 0x00007ff9eb169000 	C:\WINDOWS\System32\msvcrt.dll
0x00007ff9eb790000 - 0x00007ff9eb837000 	C:\WINDOWS\System32\sechost.dll
0x00007ff9eb200000 - 0x00007ff9eb318000 	C:\WINDOWS\System32\RPCRT4.dll
0x00007ff9ecaf0000 - 0x00007ff9eccb5000 	C:\WINDOWS\System32\USER32.dll
0x00007ff9d0f90000 - 0x00007ff9d1223000 	C:\WINDOWS\WinSxS\amd64_microsoft.windows.common-controls_6595b64144ccf1df_6.0.26100.8037_none_3e092faae333b53b\COMCTL32.dll
0x00007ff9e9680000 - 0x00007ff9e96a7000 	C:\WINDOWS\System32\win32u.dll
0x00007ff9eb590000 - 0x00007ff9eb5bb000 	C:\WINDOWS\System32\GDI32.dll
0x00007ff9eaa10000 - 0x00007ff9eab3b000 	C:\WINDOWS\System32\gdi32full.dll
0x00007ff9e96b0000 - 0x00007ff9e9753000 	C:\WINDOWS\System32\msvcp_win.dll
0x00007ff9dc860000 - 0x00007ff9dc86b000 	C:\WINDOWS\SYSTEM32\VERSION.dll
0x00007ff9eccc0000 - 0x00007ff9eccf1000 	C:\WINDOWS\System32\IMM32.DLL
0x00007ff9d8360000 - 0x00007ff9d836c000 	C:\Program Files\Java\jdk-21\bin\vcruntime140_1.dll
0x00007ff96bfe0000 - 0x00007ff96c06e000 	C:\Program Files\Java\jdk-21\bin\msvcp140.dll
0x00007ff96b2d0000 - 0x00007ff96bfdd000 	C:\Program Files\Java\jdk-21\bin\server\jvm.dll
0x00007ff9eb040000 - 0x00007ff9eb0b4000 	C:\WINDOWS\System32\WS2_32.dll
0x00007ff9e94e0000 - 0x00007ff9e953e000 	C:\WINDOWS\SYSTEM32\POWRPROF.dll
0x00007ff9ddc40000 - 0x00007ff9ddc75000 	C:\WINDOWS\SYSTEM32\WINMM.dll
0x00007ff9e94c0000 - 0x00007ff9e94d4000 	C:\WINDOWS\SYSTEM32\UMPDC.dll
0x00007ff9e8410000 - 0x00007ff9e842b000 	C:\WINDOWS\SYSTEM32\kernel.appcore.dll
0x00007ff9d02a0000 - 0x00007ff9d02aa000 	C:\Program Files\Java\jdk-21\bin\jimage.dll
0x00007ff9e7800000 - 0x00007ff9e7a42000 	C:\WINDOWS\SYSTEM32\DBGHELP.DLL
0x00007ff9eab50000 - 0x00007ff9eaed2000 	C:\WINDOWS\System32\combase.dll
0x00007ff9eb840000 - 0x00007ff9eb917000 	C:\WINDOWS\System32\OLEAUT32.dll
0x00007ff9cf9c0000 - 0x00007ff9cf9fb000 	C:\WINDOWS\SYSTEM32\dbgcore.DLL
0x00007ff9e9ba0000 - 0x00007ff9e9c45000 	C:\WINDOWS\System32\bcryptPrimitives.dll
0x00007ff9cdc90000 - 0x00007ff9cdcaf000 	C:\Program Files\Java\jdk-21\bin\java.dll
0x00007ff9ec2a0000 - 0x00007ff9ec9ff000 	C:\WINDOWS\System32\SHELL32.dll
0x00007ff9e9760000 - 0x00007ff9e98ca000 	C:\WINDOWS\System32\wintypes.dll
0x00007ff9ea1a0000 - 0x00007ff9eaa04000 	C:\WINDOWS\System32\windows.storage.dll
0x00007ff9eb990000 - 0x00007ff9eba87000 	C:\WINDOWS\System32\SHCORE.dll
0x00007ff9eb920000 - 0x00007ff9eb987000 	C:\WINDOWS\System32\shlwapi.dll
0x00007ff9e95a0000 - 0x00007ff9e95c9000 	C:\WINDOWS\SYSTEM32\profapi.dll
0x00007ff96b1f0000 - 0x00007ff96b2c7000 	C:\Program Files\Java\jdk-21\bin\jsvml.dll
0x00007ff9d0290000 - 0x00007ff9d02a0000 	C:\Program Files\Java\jdk-21\bin\net.dll
0x00007ff9ddac0000 - 0x00007ff9ddbe7000 	C:\WINDOWS\SYSTEM32\WINHTTP.dll
0x00007ff9e8980000 - 0x00007ff9e89eb000 	C:\WINDOWS\system32\mswsock.dll
0x00007ff9cc6a0000 - 0x00007ff9cc6b6000 	C:\Program Files\Java\jdk-21\bin\nio.dll
0x00007ff9cc680000 - 0x00007ff9cc698000 	C:\Program Files\Java\jdk-21\bin\zip.dll
0x00007ff976f30000 - 0x00007ff976f54000 	C:\Users\vinay\Downloads\apache-maven-3.9.9-bin\apache-maven-3.9.9\lib\jansi-native\Windows\x86_64\jansi.dll
0x00007ff9daf10000 - 0x00007ff9daf20000 	C:\Program Files\Java\jdk-21\bin\verify.dll

dbghelp: loaded successfully - version: 4.0.5 - missing functions: none
symbol engine: initialized successfully - sym options: 0x614 - pdb path: .;C:\Program Files\Java\jdk-21\bin;C:\WINDOWS\SYSTEM32;C:\WINDOWS\WinSxS\amd64_microsoft.windows.common-controls_6595b64144ccf1df_6.0.26100.8037_none_3e092faae333b53b;C:\Program Files\Java\jdk-21\bin\server;C:\Users\vinay\Downloads\apache-maven-3.9.9-bin\apache-maven-3.9.9\lib\jansi-native\Windows\x86_64

VM Arguments:
jvm_args: -Dclassworlds.conf=C:\Users\vinay\Downloads\apache-maven-3.9.9-bin\apache-maven-3.9.9\bin\m2.conf -Dmaven.home=C:\Users\vinay\Downloads\apache-maven-3.9.9-bin\apache-maven-3.9.9 -Dlibrary.jansi.path=C:\Users\vinay\Downloads\apache-maven-3.9.9-bin\apache-maven-3.9.9\lib\jansi-native -Dmaven.multiModuleProjectDirectory=C:\FoodieHub 
java_command: org.codehaus.plexus.classworlds.launcher.Launcher compile
java_class_path (initial): C:\Users\vinay\Downloads\apache-maven-3.9.9-bin\apache-maven-3.9.9\boot\plexus-classworlds-2.8.0.jar
Launcher Type: SUN_STANDARD

[Global flags]
     intx CICompilerCount                          = 12                                        {product} {ergonomic}
     uint ConcGCThreads                            = 3                                         {product} {ergonomic}
     uint G1ConcRefinementThreads                  = 13                                        {product} {ergonomic}
   size_t G1HeapRegionSize                         = 1048576                                   {product} {ergonomic}
    uintx GCDrainStackTargetSize                   = 64                                        {product} {ergonomic}
   size_t InitialHeapSize                          = 121634816                                 {product} {ergonomic}
   size_t MarkStackSize                            = 4194304                                   {product} {ergonomic}
   size_t MaxHeapSize                              = 1931476992                                {product} {ergonomic}
   size_t MaxNewSize                               = 1158676480                                {product} {ergonomic}
   size_t MinHeapDeltaBytes                        = 1048576                                   {product} {ergonomic}
   size_t MinHeapSize                              = 8388608                                   {product} {ergonomic}
    uintx NonNMethodCodeHeapSize                   = 7602480                                {pd product} {ergonomic}
    uintx NonProfiledCodeHeapSize                  = 122027880                              {pd product} {ergonomic}
    uintx ProfiledCodeHeapSize                     = 122027880                              {pd product} {ergonomic}
    uintx ReservedCodeCacheSize                    = 251658240                              {pd product} {ergonomic}
     bool SegmentedCodeCache                       = true                                      {product} {ergonomic}
   size_t SoftMaxHeapSize                          = 1931476992                             {manageable} {ergonomic}
     bool UseCompressedOops                        = true                           {product lp64_product} {ergonomic}
     bool UseG1GC                                  = true                                      {product} {ergonomic}
     bool UseLargePagesIndividualAllocation        = false                                  {pd product} {ergonomic}

Logging:
Log output configuration:
 #0: stdout all=warning uptime,level,tags foldmultilines=false
 #1: stderr all=off uptime,level,tags foldmultilines=false

Environment Variables:
PATH=C:\TOOLSGRADLE\gradle-8.13\bin;C:\Program Files\Common Files\Oracle\Java\javapath;C:\Windows\system32;C:\Windows;C:\Windows\System32\Wbem;C:\Windows\System32\WindowsPowerShell\v1.0\;C:\Windows\System32\OpenSSH\;C:\Program Files (x86)\NVIDIA Corporation\PhysX\Common;C:\MinGW\bin;C:\Program Files\NVIDIA Corporation\NVIDIA app\NvDLISR;C:\Program Files\Git\cmd;C:\WINDOWS\system32;C:\WINDOWS;C:\WINDOWS\System32\Wbem;C:\WINDOWS\System32\WindowsPowerShell\v1.0\;C:\WINDOWS\System32\OpenSSH\;C:\Users\vinay\Downloads\apache-maven-3.9.9-bin\apache-maven-3.9.9\bin;C:\Program Files\nodejs\;C:\MangoDB SHELL (Mangosh)\mongosh-2.5.1-win32-x64\bin;C:\MANGO-DB-CommunitySErver\bin;C:\Program Files\MySQL\MySQL Shell 8.0\bin\;C:\Users\vinay\AppData\Local\Programs\Python\Python312\Scripts\;C:\Users\vinay\AppData\Local\Programs\Python\Python312\;C:\Program Files\Java\jdk-21\bin;C:\Users\vinay\Desktop\intelligent\IntelliJ IDEA Community Edition 2024.1.1\bin;C:\ProgramData\Microsoft\Windows\Start Menu\Programs\MySQL\MySQL Server 8.0;;C:\MinGW\bin;C:\Users\vinay\AppData\Local\Microsoft\WindowsApps;C:\Users\vinay\AppData\Local\Programs\Microsoft VS Code\bin;C:\Users\vinay\AppData\Local\Programs\cursor\resources\app\bin;C:\Users\vinay\AppData\Roaming\npm;C:\Users\vinay\AppData\Local\Programs\Antigravity\bin
USERNAME=vinay
LANG=en_US.UTF-8
OS=Windows_NT
PROCESSOR_IDENTIFIER=AMD64 Family 25 Model 68 Stepping 1, AuthenticAMD
TMP=C:\Users\vinay\AppData\Local\Temp
TEMP=C:\Users\vinay\AppData\Local\Temp




Periodic native trim disabled

---------------  S Y S T E M  ---------------

OS:
 Windows 11 , 64 bit Build 26100 (10.0.26100.7920)
OS uptime: 4 days 3:58 hours
Hyper-V role detected

CPU: total 16 (initial active 16) (16 cores per cpu, 2 threads per core) family 25 model 68 stepping 1 microcode 0xa404107, cx8, cmov, fxsr, ht, mmx, 3dnowpref, sse, sse2, sse3, ssse3, sse4a, sse4.1, sse4.2, popcnt, lzcnt, tsc, tscinvbit, avx, avx2, aes, erms, clmul, bmi1, bmi2, adx, sha, fma, vzeroupper, clflush, clflushopt, hv, rdtscp, rdpid, fsrm, f16c, cet_ss
Processor Information for processor 0
  Max Mhz: 3201, Current Mhz: 1989, Mhz Limit: 3201
Processor Information for processor 1
  Max Mhz: 3201, Current Mhz: 1989, Mhz Limit: 3201
Processor Information for processor 2
  Max Mhz: 3201, Current Mhz: 3201, Mhz Limit: 3201
Processor Information for processor 3
  Max Mhz: 3201, Current Mhz: 1989, Mhz Limit: 3201
Processor Information for processor 4
  Max Mhz: 3201, Current Mhz: 1989, Mhz Limit: 3201
Processor Information for processor 5
  Max Mhz: 3201, Current Mhz: 1989, Mhz Limit: 3201
Processor Information for processor 6
  Max Mhz: 3201, Current Mhz: 3201, Mhz Limit: 3201
Processor Information for processor 7
  Max Mhz: 3201, Current Mhz: 1989, Mhz Limit: 3201
Processor Information for processor 8
  Max Mhz: 3201, Current Mhz: 1989, Mhz Limit: 3201
Processor Information for processor 9
  Max Mhz: 3201, Current Mhz: 3201, Mhz Limit: 3201
Processor Information for processor 10
  Max Mhz: 3201, Current Mhz: 1989, Mhz Limit: 3201
Processor Information for processor 11
  Max Mhz: 3201, Current Mhz: 1989, Mhz Limit: 3201
Processor Information for processor 12
  Max Mhz: 3201, Current Mhz: 1989, Mhz Limit: 3201
Processor Information for processor 13
  Max Mhz: 3201, Current Mhz: 1989, Mhz Limit: 3201
Processor Information for processor 14
  Max Mhz: 3201, Current Mhz: 1989, Mhz Limit: 3201
Processor Information for processor 15
  Max Mhz: 3201, Current Mhz: 1989, Mhz Limit: 3201

Memory: 4k page, system-wide physical 7365M (421M free)
TotalPageFile size 29893M (AvailPageFile size 5M)
current process WorkingSet (physical memory assigned to process): 177M, peak: 177M
current process commit charge ("private bytes"): 262M, peak: 262M

vm_info: Java HotSpot(TM) 64-Bit Server VM (21.0.3+7-LTS-152) for windows-amd64 JRE (21.0.3+7-LTS-152), built on 2024-03-11T17:42:26Z by "mach5one" with MS VC++ 17.6 (VS2022)

END.
