#
# There is insufficient memory for the Java Runtime Environment to continue.
# Native memory allocation (malloc) failed to allocate 1361904 bytes for Chunk::new
# Possible reasons:
#   The system is out of physical RAM or swap space
#   The process is running with CompressedOops enabled, and the Java Heap may be blocking the growth of the native heap
# Possible solutions:
#   Reduce memory load on the system
#   Increase physical memory or swap space
#   Check if swap backing store is full
#   Decrease Java heap size (-Xmx/-Xms)
#   Decrease number of Java threads
#   Decrease Java thread stack sizes (-Xss)
#   Set larger code cache with -XX:ReservedCodeCacheSize=
#   JVM is running with Unscaled Compressed Oops mode in which the Java heap is
#     placed in the first 4GB address space. The Java Heap base address is the
#     maximum limit for the native heap growth. Please use -XX:HeapBaseMinAddress
#     to set the Java Heap base and to place the Java Heap above 4GB virtual address.
# This output file may be truncated or incomplete.
#
#  Out of Memory Error (arena.cpp:168), pid=18796, tid=40372
#
# JRE version: Java(TM) SE Runtime Environment (21.0.3+7) (build 21.0.3+7-LTS-152)
# Java VM: Java HotSpot(TM) 64-Bit Server VM (21.0.3+7-LTS-152, mixed mode, sharing, tiered, compressed oops, compressed class ptrs, g1 gc, windows-amd64)
# No core dump will be written. Minidumps are not enabled by default on client versions of Windows
#

---------------  S U M M A R Y ------------

Command Line: -Dfile.encoding=UTF-8 -Dstdout.encoding=UTF-8 -Dstderr.encoding=UTF-8 -XX:+ShowCodeDetailsInExceptionMessages com.superBoy.FoodieHub.FoodieHubApplication

Host: AMD Ryzen 7 6800H with Radeon Graphics         , 16 cores, 7G,  Windows 11 , 64 bit Build 26100 (10.0.26100.7920)
Time: Wed Mar  4 23:06:05 2026 India Standard Time elapsed time: 11.413941 seconds (0d 0h 0m 11s)

---------------  T H R E A D  ---------------

Current thread (0x00000220b97ffa10):  JavaThread "C2 CompilerThread0" daemon [_thread_in_native, id=40372, stack(0x000000880dd00000,0x000000880de00000) (1024K)]


Current CompileTask:
C2:  11414 9463 % !   4       org.springframework.beans.factory.support.DefaultListableBeanFactory::doGetBeanNamesForType @ 20 (505 bytes)

Stack: [0x000000880dd00000,0x000000880de00000]
Native frames: (J=compiled Java code, j=interpreted, Vv=VM code, C=native code)
V  [jvm.dll+0x6c63b9]
V  [jvm.dll+0x84fa11]
V  [jvm.dll+0x851f3e]
V  [jvm.dll+0x852613]
V  [jvm.dll+0x27cd46]
V  [jvm.dll+0xc4aad]
V  [jvm.dll+0xc4fe3]
V  [jvm.dll+0x3b1d5c]
V  [jvm.dll+0x37e485]
V  [jvm.dll+0x37d8fa]
V  [jvm.dll+0x245b40]
V  [jvm.dll+0x24511f]
V  [jvm.dll+0x1c689e]
V  [jvm.dll+0x254609]
V  [jvm.dll+0x252b9a]
V  [jvm.dll+0x3eb056]
V  [jvm.dll+0x7f9ffb]
V  [jvm.dll+0x6c4a9d]
C  [ucrtbase.dll+0x37b0]
C  [KERNEL32.DLL+0x2e8d7]
C  [ntdll.dll+0x8c48c]


---------------  P R O C E S S  ---------------

Threads class SMR info:
_java_thread_list=0x0000022083b5a0e0, length=20, elements={
0x000002209a94b730, 0x00000220b97e3bc0, 0x00000220b97e8640, 0x00000220b97ebfb0,
0x00000220b97ecfd0, 0x00000220b97f0890, 0x00000220b97f3020, 0x00000220b97ffa10,
0x00000220b98000c0, 0x00000220b9ae67d0, 0x00000220b9b08a50, 0x0000022080092610,
0x000002208022e330, 0x000002208294bd80, 0x000002208294c410, 0x000002208294d7c0,
0x000002208294de50, 0x000002208294b6f0, 0x0000022083737bb0, 0x000002208562b010
}

Java Threads: ( => current thread )
  0x000002209a94b730 JavaThread "main"                              [_thread_blocked, id=33876, stack(0x000000880cf00000,0x000000880d000000) (1024K)]
  0x00000220b97e3bc0 JavaThread "Reference Handler"          daemon [_thread_blocked, id=33136, stack(0x000000880d700000,0x000000880d800000) (1024K)]
  0x00000220b97e8640 JavaThread "Finalizer"                  daemon [_thread_blocked, id=23684, stack(0x000000880d800000,0x000000880d900000) (1024K)]
  0x00000220b97ebfb0 JavaThread "Signal Dispatcher"          daemon [_thread_blocked, id=15764, stack(0x000000880d900000,0x000000880da00000) (1024K)]
  0x00000220b97ecfd0 JavaThread "Attach Listener"            daemon [_thread_blocked, id=39784, stack(0x000000880da00000,0x000000880db00000) (1024K)]
  0x00000220b97f0890 JavaThread "Service Thread"             daemon [_thread_blocked, id=3960, stack(0x000000880db00000,0x000000880dc00000) (1024K)]
  0x00000220b97f3020 JavaThread "Monitor Deflation Thread"   daemon [_thread_blocked, id=40416, stack(0x000000880dc00000,0x000000880dd00000) (1024K)]
=>0x00000220b97ffa10 JavaThread "C2 CompilerThread0"         daemon [_thread_in_native, id=40372, stack(0x000000880dd00000,0x000000880de00000) (1024K)]
  0x00000220b98000c0 JavaThread "C1 CompilerThread0"         daemon [_thread_blocked, id=27176, stack(0x000000880de00000,0x000000880df00000) (1024K)]
  0x00000220b9ae67d0 JavaThread "Notification Thread"        daemon [_thread_blocked, id=14632, stack(0x000000880e000000,0x000000880e100000) (1024K)]
  0x00000220b9b08a50 JavaThread "Common-Cleaner"             daemon [_thread_blocked, id=31732, stack(0x000000880e100000,0x000000880e200000) (1024K)]
  0x0000022080092610 JavaThread "Thread-0"                          [_thread_blocked, id=15528, stack(0x000000880e300000,0x000000880e400000) (1024K)]
  0x000002208022e330 JavaThread "restartedMain"                     [_thread_in_vm, id=37276, stack(0x000000880e400000,0x000000880e500000) (1024K)]
  0x000002208294bd80 JavaThread "Catalina-utility-1"                [_thread_blocked, id=43224, stack(0x000000880f500000,0x000000880f600000) (1024K)]
  0x000002208294c410 JavaThread "Catalina-utility-2"                [_thread_blocked, id=35756, stack(0x000000880f600000,0x000000880f700000) (1024K)]
  0x000002208294d7c0 JavaThread "container-0"                       [_thread_blocked, id=39492, stack(0x000000880f700000,0x000000880f800000) (1024K)]
  0x000002208294de50 JavaThread "mysql-cj-abandoned-connection-cleanup" daemon [_thread_blocked, id=41480, stack(0x000000880f800000,0x000000880f900000) (1024K)]
  0x000002208294b6f0 JavaThread "HikariPool-1 housekeeper"   daemon [_thread_blocked, id=39152, stack(0x000000880fa00000,0x000000880fb00000) (1024K)]
  0x0000022083737bb0 JavaThread "idle-connection-reaper"     daemon [_thread_blocked, id=25620, stack(0x000000880fc00000,0x000000880fd00000) (1024K)]
  0x000002208562b010 JavaThread "C2 CompilerThread1"         daemon [_thread_in_vm, id=2860, stack(0x000000880ea00000,0x000000880eb00000) (1024K)]
Total: 20

Other Threads:
  0x00000220b97be160 VMThread "VM Thread"                           [id=30632, stack(0x000000880d600000,0x000000880d700000) (1024K)]
  0x00000220b97a5e10 WatcherThread "VM Periodic Task Thread"        [id=30268, stack(0x000000880d500000,0x000000880d600000) (1024K)]
  0x000002209a998e50 WorkerThread "GC Thread#0"                     [id=32516, stack(0x000000880d000000,0x000000880d100000) (1024K)]
  0x00000220b97be500 WorkerThread "GC Thread#1"                     [id=40868, stack(0x000000880e500000,0x000000880e600000) (1024K)]
  0x00000220b97bda20 WorkerThread "GC Thread#2"                     [id=27072, stack(0x000000880e600000,0x000000880e700000) (1024K)]
  0x00000220b97bec40 WorkerThread "GC Thread#3"                     [id=29728, stack(0x000000880e700000,0x000000880e800000) (1024K)]
  0x00000220b97bddc0 WorkerThread "GC Thread#4"                     [id=32244, stack(0x000000880e800000,0x000000880e900000) (1024K)]
  0x00000220b97bf380 WorkerThread "GC Thread#5"                     [id=30028, stack(0x000000880e900000,0x000000880ea00000) (1024K)]
  0x00000220808ac1c0 WorkerThread "GC Thread#6"                     [id=21820, stack(0x000000880ec00000,0x000000880ed00000) (1024K)]
  0x00000220808abe20 WorkerThread "GC Thread#7"                     [id=5948, stack(0x000000880ed00000,0x000000880ee00000) (1024K)]
  0x00000220808ae9a0 WorkerThread "GC Thread#8"                     [id=32192, stack(0x000000880ee00000,0x000000880ef00000) (1024K)]
  0x00000220808acca0 WorkerThread "GC Thread#9"                     [id=12240, stack(0x000000880eb00000,0x000000880ec00000) (1024K)]
  0x00000220808adec0 WorkerThread "GC Thread#10"                    [id=40060, stack(0x000000880f000000,0x000000880f100000) (1024K)]
  0x00000220808ad040 WorkerThread "GC Thread#11"                    [id=13284, stack(0x000000880f100000,0x000000880f200000) (1024K)]
  0x00000220808aafa0 WorkerThread "GC Thread#12"                    [id=28880, stack(0x000000880f200000,0x000000880f300000) (1024K)]
  0x000002209a9a8470 ConcurrentGCThread "G1 Main Marker"            [id=13056, stack(0x000000880d100000,0x000000880d200000) (1024K)]
  0x000002209a9ad450 WorkerThread "G1 Conc#0"                       [id=43148, stack(0x000000880d200000,0x000000880d300000) (1024K)]
  0x00000220808ab6e0 WorkerThread "G1 Conc#1"                       [id=14864, stack(0x000000880f300000,0x000000880f400000) (1024K)]
  0x00000220808ad780 WorkerThread "G1 Conc#2"                       [id=15828, stack(0x000000880f400000,0x000000880f500000) (1024K)]
  0x00000220b9676170 ConcurrentGCThread "G1 Refine#0"               [id=14624, stack(0x000000880d300000,0x000000880d400000) (1024K)]
  0x00000220b9678aa0 ConcurrentGCThread "G1 Service"                [id=43140, stack(0x000000880d400000,0x000000880d500000) (1024K)]
Total: 21

Threads with active compile tasks:
C2 CompilerThread0    11453 9463 % !   4       org.springframework.beans.factory.support.DefaultListableBeanFactory::doGetBeanNamesForType @ 20 (505 bytes)
C2 CompilerThread1    11453 9481       4       org.springframework.beans.factory.support.AbstractBeanFactory::isTypeMatch (745 bytes)
Total: 2

VM state: not at safepoint (normal execution)

VM Mutex/Monitor currently owned by a thread: None

Heap address: 0x000000008ce00000, size: 1842 MB, Compressed Oops mode: 32-bit

CDS archive(s) mapped at: [0x00000220ba000000-0x00000220bac90000-0x00000220bac90000), size 13172736, SharedBaseAddress: 0x00000220ba000000, ArchiveRelocationMode: 1.
Compressed class space mapped at: 0x00000220bb000000-0x00000220fb000000, reserved size: 1073741824
Narrow klass base: 0x00000220ba000000, Narrow klass shift: 0, Narrow klass range: 0x100000000

GC Precious Log:
 CardTable entry size: 512
 Card Set container configuration: InlinePtr #cards 5 size 8 Array Of Cards #cards 12 size 40 Howl #buckets 4 coarsen threshold 1843 Howl Bitmap #cards 512 size 80 coarsen threshold 460 Card regions per heap region 1 cards per card region 2048
 CPUs: 16 total, 16 available
 Memory: 7365M
 Large Page Support: Disabled
 NUMA Support: Disabled
 Compressed Oops: Enabled (32-bit)
 Heap Region Size: 1M
 Heap Min Capacity: 8M
 Heap Initial Capacity: 116M
 Heap Max Capacity: 1842M
 Pre-touch: Disabled
 Parallel Workers: 13
 Concurrent Workers: 3
 Concurrent Refinement Workers: 13
 Periodic GC: Disabled

Heap:
 garbage-first heap   total 83968K, used 55814K [0x000000008ce00000, 0x0000000100000000)
  region size 1024K, 19 young (19456K), 3 survivors (3072K)
 Metaspace       used 83960K, committed 84672K, reserved 1179648K
  class space    used 11131K, committed 11456K, reserved 1048576K

Heap Regions: E=young(eden), S=young(survivor), O=old, HS=humongous(starts), HC=humongous(continues), CS=collection set, F=free, TAMS=top-at-mark-start, PB=parsable bottom
|   0|0x000000008ce00000, 0x000000008cf00000, 0x000000008cf00000|100%|HS|  |TAMS 0x000000008ce00000| PB 0x000000008ce00000| Complete 
|   1|0x000000008cf00000, 0x000000008d000000, 0x000000008d000000|100%| O|  |TAMS 0x000000008cf00000| PB 0x000000008cf00000| Untracked 
|   2|0x000000008d000000, 0x000000008d100000, 0x000000008d100000|100%| O|  |TAMS 0x000000008d000000| PB 0x000000008d000000| Untracked 
|   3|0x000000008d100000, 0x000000008d200000, 0x000000008d200000|100%| O|  |TAMS 0x000000008d100000| PB 0x000000008d100000| Untracked 
|   4|0x000000008d200000, 0x000000008d300000, 0x000000008d300000|100%| O|  |TAMS 0x000000008d200000| PB 0x000000008d200000| Untracked 
|   5|0x000000008d300000, 0x000000008d400000, 0x000000008d400000|100%| O|  |TAMS 0x000000008d300000| PB 0x000000008d300000| Untracked 
|   6|0x000000008d400000, 0x000000008d500000, 0x000000008d500000|100%| O|  |TAMS 0x000000008d400000| PB 0x000000008d400000| Untracked 
|   7|0x000000008d500000, 0x000000008d600000, 0x000000008d600000|100%| O|  |TAMS 0x000000008d500000| PB 0x000000008d500000| Untracked 
|   8|0x000000008d600000, 0x000000008d700000, 0x000000008d700000|100%| O|  |TAMS 0x000000008d600000| PB 0x000000008d600000| Untracked 
|   9|0x000000008d700000, 0x000000008d800000, 0x000000008d800000|100%| O|  |TAMS 0x000000008d700000| PB 0x000000008d700000| Untracked 
|  10|0x000000008d800000, 0x000000008d900000, 0x000000008d900000|100%| O|  |TAMS 0x000000008d800000| PB 0x000000008d800000| Untracked 
|  11|0x000000008d900000, 0x000000008da00000, 0x000000008da00000|100%| O|  |TAMS 0x000000008d900000| PB 0x000000008d900000| Untracked 
|  12|0x000000008da00000, 0x000000008db00000, 0x000000008db00000|100%| O|  |TAMS 0x000000008da00000| PB 0x000000008da00000| Untracked 
|  13|0x000000008db00000, 0x000000008dc00000, 0x000000008dc00000|100%| O|  |TAMS 0x000000008db00000| PB 0x000000008db00000| Untracked 
|  14|0x000000008dc00000, 0x000000008dd00000, 0x000000008dd00000|100%| O|  |TAMS 0x000000008dc00000| PB 0x000000008dc00000| Untracked 
|  15|0x000000008dd00000, 0x000000008de00000, 0x000000008de00000|100%| O|  |TAMS 0x000000008dd00000| PB 0x000000008dd00000| Untracked 
|  16|0x000000008de00000, 0x000000008df00000, 0x000000008df00000|100%| O|  |TAMS 0x000000008de00000| PB 0x000000008de00000| Untracked 
|  17|0x000000008df00000, 0x000000008e000000, 0x000000008e000000|100%| O|  |TAMS 0x000000008df00000| PB 0x000000008df00000| Untracked 
|  18|0x000000008e000000, 0x000000008e100000, 0x000000008e100000|100%| O|  |TAMS 0x000000008e000000| PB 0x000000008e000000| Untracked 
|  19|0x000000008e100000, 0x000000008e200000, 0x000000008e200000|100%| O|  |TAMS 0x000000008e100000| PB 0x000000008e100000| Untracked 
|  20|0x000000008e200000, 0x000000008e300000, 0x000000008e300000|100%| O|  |TAMS 0x000000008e200000| PB 0x000000008e200000| Untracked 
|  21|0x000000008e300000, 0x000000008e400000, 0x000000008e400000|100%| O|  |TAMS 0x000000008e300000| PB 0x000000008e300000| Untracked 
|  22|0x000000008e400000, 0x000000008e500000, 0x000000008e500000|100%| O|Cm|TAMS 0x000000008e400000| PB 0x000000008e400000| Complete 
|  23|0x000000008e500000, 0x000000008e600000, 0x000000008e600000|100%| O|  |TAMS 0x000000008e500000| PB 0x000000008e500000| Untracked 
|  24|0x000000008e600000, 0x000000008e700000, 0x000000008e700000|100%| O|  |TAMS 0x000000008e600000| PB 0x000000008e600000| Untracked 
|  25|0x000000008e700000, 0x000000008e800000, 0x000000008e800000|100%| O|  |TAMS 0x000000008e700000| PB 0x000000008e700000| Untracked 
|  26|0x000000008e800000, 0x000000008e900000, 0x000000008e900000|100%| O|  |TAMS 0x000000008e800000| PB 0x000000008e800000| Untracked 
|  27|0x000000008e900000, 0x000000008ea00000, 0x000000008ea00000|100%| O|  |TAMS 0x000000008e900000| PB 0x000000008e900000| Untracked 
|  28|0x000000008ea00000, 0x000000008eb00000, 0x000000008eb00000|100%| O|  |TAMS 0x000000008ea00000| PB 0x000000008ea00000| Untracked 
|  29|0x000000008eb00000, 0x000000008ec00000, 0x000000008ec00000|100%| O|  |TAMS 0x000000008eb00000| PB 0x000000008eb00000| Untracked 
|  30|0x000000008ec00000, 0x000000008ed00000, 0x000000008ed00000|100%| O|  |TAMS 0x000000008ec00000| PB 0x000000008ec00000| Untracked 
|  31|0x000000008ed00000, 0x000000008ed00000, 0x000000008ee00000|  0%| F|  |TAMS 0x000000008ed00000| PB 0x000000008ed00000| Untracked 
|  32|0x000000008ee00000, 0x000000008ee00000, 0x000000008ef00000|  0%| F|  |TAMS 0x000000008ee00000| PB 0x000000008ee00000| Untracked 
|  33|0x000000008ef00000, 0x000000008ef00000, 0x000000008f000000|  0%| F|  |TAMS 0x000000008ef00000| PB 0x000000008ef00000| Untracked 
|  34|0x000000008f000000, 0x000000008f000000, 0x000000008f100000|  0%| F|  |TAMS 0x000000008f000000| PB 0x000000008f000000| Untracked 
|  35|0x000000008f100000, 0x000000008f200000, 0x000000008f200000|100%| O|  |TAMS 0x000000008f100000| PB 0x000000008f100000| Untracked 
|  36|0x000000008f200000, 0x000000008f300000, 0x000000008f300000|100%| O|  |TAMS 0x000000008f200000| PB 0x000000008f200000| Untracked 
|  37|0x000000008f300000, 0x000000008f3b4a00, 0x000000008f400000| 70%| O|  |TAMS 0x000000008f300000| PB 0x000000008f300000| Untracked 
|  38|0x000000008f400000, 0x000000008f400000, 0x000000008f500000|  0%| F|  |TAMS 0x000000008f400000| PB 0x000000008f400000| Untracked 
|  39|0x000000008f500000, 0x000000008f500000, 0x000000008f600000|  0%| F|  |TAMS 0x000000008f500000| PB 0x000000008f500000| Untracked 
|  40|0x000000008f600000, 0x000000008f6cce58, 0x000000008f700000| 80%| S|CS|TAMS 0x000000008f600000| PB 0x000000008f600000| Complete 
|  41|0x000000008f700000, 0x000000008f800000, 0x000000008f800000|100%| S|CS|TAMS 0x000000008f700000| PB 0x000000008f700000| Complete 
|  42|0x000000008f800000, 0x000000008f900000, 0x000000008f900000|100%| S|CS|TAMS 0x000000008f800000| PB 0x000000008f800000| Complete 
|  43|0x000000008f900000, 0x000000008f900000, 0x000000008fa00000|  0%| F|  |TAMS 0x000000008f900000| PB 0x000000008f900000| Untracked 
|  44|0x000000008fa00000, 0x000000008fa00000, 0x000000008fb00000|  0%| F|  |TAMS 0x000000008fa00000| PB 0x000000008fa00000| Untracked 
|  45|0x000000008fb00000, 0x000000008fb00000, 0x000000008fc00000|  0%| F|  |TAMS 0x000000008fb00000| PB 0x000000008fb00000| Untracked 
|  46|0x000000008fc00000, 0x000000008fc00000, 0x000000008fd00000|  0%| F|  |TAMS 0x000000008fc00000| PB 0x000000008fc00000| Untracked 
|  47|0x000000008fd00000, 0x000000008fd00000, 0x000000008fe00000|  0%| F|  |TAMS 0x000000008fd00000| PB 0x000000008fd00000| Untracked 
|  48|0x000000008fe00000, 0x000000008fe00000, 0x000000008ff00000|  0%| F|  |TAMS 0x000000008fe00000| PB 0x000000008fe00000| Untracked 
|  49|0x000000008ff00000, 0x000000008ff00000, 0x0000000090000000|  0%| F|  |TAMS 0x000000008ff00000| PB 0x000000008ff00000| Untracked 
|  50|0x0000000090000000, 0x0000000090000000, 0x0000000090100000|  0%| F|  |TAMS 0x0000000090000000| PB 0x0000000090000000| Untracked 
|  51|0x0000000090100000, 0x0000000090100000, 0x0000000090200000|  0%| F|  |TAMS 0x0000000090100000| PB 0x0000000090100000| Untracked 
|  52|0x0000000090200000, 0x0000000090200000, 0x0000000090300000|  0%| F|  |TAMS 0x0000000090200000| PB 0x0000000090200000| Untracked 
|  53|0x0000000090300000, 0x0000000090300000, 0x0000000090400000|  0%| F|  |TAMS 0x0000000090300000| PB 0x0000000090300000| Untracked 
|  54|0x0000000090400000, 0x0000000090400000, 0x0000000090500000|  0%| F|  |TAMS 0x0000000090400000| PB 0x0000000090400000| Untracked 
|  55|0x0000000090500000, 0x0000000090500000, 0x0000000090600000|  0%| F|  |TAMS 0x0000000090500000| PB 0x0000000090500000| Untracked 
|  56|0x0000000090600000, 0x0000000090600000, 0x0000000090700000|  0%| F|  |TAMS 0x0000000090600000| PB 0x0000000090600000| Untracked 
|  57|0x0000000090700000, 0x0000000090700000, 0x0000000090800000|  0%| F|  |TAMS 0x0000000090700000| PB 0x0000000090700000| Untracked 
|  58|0x0000000090800000, 0x0000000090800000, 0x0000000090900000|  0%| F|  |TAMS 0x0000000090800000| PB 0x0000000090800000| Untracked 
|  59|0x0000000090900000, 0x0000000090900000, 0x0000000090a00000|  0%| F|  |TAMS 0x0000000090900000| PB 0x0000000090900000| Untracked 
|  60|0x0000000090a00000, 0x0000000090a00000, 0x0000000090b00000|  0%| F|  |TAMS 0x0000000090a00000| PB 0x0000000090a00000| Untracked 
|  61|0x0000000090b00000, 0x0000000090b00000, 0x0000000090c00000|  0%| F|  |TAMS 0x0000000090b00000| PB 0x0000000090b00000| Untracked 
|  62|0x0000000090c00000, 0x0000000090c00000, 0x0000000090d00000|  0%| F|  |TAMS 0x0000000090c00000| PB 0x0000000090c00000| Untracked 
|  63|0x0000000090d00000, 0x0000000090e00000, 0x0000000090e00000|100%| E|  |TAMS 0x0000000090d00000| PB 0x0000000090d00000| Complete 
|  64|0x0000000090e00000, 0x0000000090f00000, 0x0000000090f00000|100%| E|CS|TAMS 0x0000000090e00000| PB 0x0000000090e00000| Complete 
|  65|0x0000000090f00000, 0x0000000091000000, 0x0000000091000000|100%| E|CS|TAMS 0x0000000090f00000| PB 0x0000000090f00000| Complete 
|  66|0x0000000091000000, 0x0000000091100000, 0x0000000091100000|100%| E|CS|TAMS 0x0000000091000000| PB 0x0000000091000000| Complete 
|  67|0x0000000091100000, 0x0000000091200000, 0x0000000091200000|100%| E|CS|TAMS 0x0000000091100000| PB 0x0000000091100000| Complete 
|  68|0x0000000091200000, 0x0000000091300000, 0x0000000091300000|100%| E|CS|TAMS 0x0000000091200000| PB 0x0000000091200000| Complete 
|  69|0x0000000091300000, 0x0000000091400000, 0x0000000091400000|100%| E|CS|TAMS 0x0000000091300000| PB 0x0000000091300000| Complete 
|  70|0x0000000091400000, 0x0000000091500000, 0x0000000091500000|100%| E|CS|TAMS 0x0000000091400000| PB 0x0000000091400000| Complete 
|  71|0x0000000091500000, 0x0000000091600000, 0x0000000091600000|100%| E|CS|TAMS 0x0000000091500000| PB 0x0000000091500000| Complete 
|  72|0x0000000091600000, 0x0000000091700000, 0x0000000091700000|100%| E|CS|TAMS 0x0000000091600000| PB 0x0000000091600000| Complete 
|  73|0x0000000091700000, 0x0000000091800000, 0x0000000091800000|100%| E|CS|TAMS 0x0000000091700000| PB 0x0000000091700000| Complete 
|  74|0x0000000091800000, 0x0000000091900000, 0x0000000091900000|100%| E|CS|TAMS 0x0000000091800000| PB 0x0000000091800000| Complete 
|  75|0x0000000091900000, 0x0000000091a00000, 0x0000000091a00000|100%| E|CS|TAMS 0x0000000091900000| PB 0x0000000091900000| Complete 
|  76|0x0000000091a00000, 0x0000000091b00000, 0x0000000091b00000|100%| E|CS|TAMS 0x0000000091a00000| PB 0x0000000091a00000| Complete 
|  77|0x0000000091b00000, 0x0000000091c00000, 0x0000000091c00000|100%| E|CS|TAMS 0x0000000091b00000| PB 0x0000000091b00000| Complete 
| 115|0x0000000094100000, 0x0000000094200000, 0x0000000094200000|100%| E|CS|TAMS 0x0000000094100000| PB 0x0000000094100000| Complete 
|1839|0x00000000ffd00000, 0x00000000ffe00000, 0x00000000ffe00000|100%| O|  |TAMS 0x00000000ffd00000| PB 0x00000000ffd00000| Untracked 
|1840|0x00000000ffe00000, 0x00000000fff00000, 0x00000000fff00000|100%| O|  |TAMS 0x00000000ffe00000| PB 0x00000000ffe00000| Untracked 
|1841|0x00000000fff00000, 0x0000000100000000, 0x0000000100000000|100%| O|  |TAMS 0x00000000fff00000| PB 0x00000000fff00000| Untracked 

Card table byte_map: [0x00000220b4710000,0x00000220b4ab0000] _byte_map_base: 0x00000220b42a9000

Marking Bits: (CMBitMap*) 0x000002209a999550
 Bits: [0x00000220b4ab0000, 0x00000220b6778000)

Polling page: 0x000002209a660000

Metaspace:

Usage:
  Non-class:     71.13 MB used.
      Class:     10.87 MB used.
       Both:     82.00 MB used.

Virtual space:
  Non-class space:      128.00 MB reserved,      71.50 MB ( 56%) committed,  2 nodes.
      Class space:        1.00 GB reserved,      11.19 MB (  1%) committed,  1 nodes.
             Both:        1.12 GB reserved,      82.69 MB (  7%) committed. 

Chunk freelists:
   Non-Class:  8.16 MB
       Class:  4.72 MB
        Both:  12.88 MB

MaxMetaspaceSize: unlimited
CompressedClassSpaceSize: 1.00 GB
Initial GC threshold: 21.00 MB
Current GC threshold: 132.00 MB
CDS: on
 - commit_granule_bytes: 65536.
 - commit_granule_words: 8192.
 - virtual_space_node_default_size: 8388608.
 - enlarge_chunks_in_place: 1.
 - use_allocation_guard: 0.


Internal statistics:

num_allocs_failed_limit: 9.
num_arena_births: 1064.
num_arena_deaths: 0.
num_vsnodes_births: 3.
num_vsnodes_deaths: 0.
num_space_committed: 1323.
num_space_uncommitted: 0.
num_chunks_returned_to_freelist: 9.
num_chunks_taken_from_freelist: 4079.
num_chunk_merges: 9.
num_chunk_splits: 2924.
num_chunks_enlarged: 2286.
num_inconsistent_stats: 0.

CodeHeap 'non-profiled nmethods': size=119168Kb used=4659Kb max_used=4659Kb free=114508Kb
 bounds [0x00000220abf60000, 0x00000220ac3f0000, 0x00000220b33c0000]
CodeHeap 'profiled nmethods': size=119104Kb used=16873Kb max_used=16873Kb free=102230Kb
 bounds [0x00000220a43c0000, 0x00000220a5440000, 0x00000220ab810000]
CodeHeap 'non-nmethods': size=7488Kb used=1735Kb max_used=3473Kb free=5752Kb
 bounds [0x00000220ab810000, 0x00000220abb80000, 0x00000220abf60000]
 total_blobs=9222 nmethods=8472 adapters=653
 compilation: enabled
              stopped_count=0, restarted_count=0
 full_count=0

Compilation events (20 events):
Event: 10.344 Thread 0x0000022081087dc0 9470   !   3       jdk.proxy1.$Proxy8::annotationType (29 bytes)
Event: 10.345 Thread 0x0000022081087dc0 nmethod 9470 0x00000220a5421990 code [0x00000220a5421b60, 0x00000220a5421f60]
Event: 10.348 Thread 0x000002208562b010 nmethod 9441 0x00000220ac3e3390 code [0x00000220ac3e3560, 0x00000220ac3e3dd8]
Event: 10.348 Thread 0x00000220ff412450 9471       3       org.springframework.core.annotation.TypeMappedAnnotations$MergedAnnotationFinder::process (176 bytes)
Event: 10.348 Thread 0x000002208562b010 9177       4       org.springframework.boot.context.properties.source.SystemEnvironmentPropertyMapper::isLegacyAncestorOf (34 bytes)
Event: 10.349 Thread 0x00000220ff412450 nmethod 9471 0x00000220a5422110 code [0x00000220a54223c0, 0x00000220a5422ff8]
Event: 10.349 Thread 0x00000220ff412450 9472       3       org.springframework.aop.scope.ScopedProxyUtils::isScopedTarget (19 bytes)
Event: 10.349 Thread 0x00000220ff412450 nmethod 9472 0x00000220a5423490 code [0x00000220a5423640, 0x00000220a5423868]
Event: 10.396 Thread 0x0000022081087dc0 9474       3       org.springframework.beans.support.ResourceEditorRegistrar::doRegisterEditor (32 bytes)
Event: 10.397 Thread 0x0000022081087dc0 nmethod 9474 0x00000220a5423990 code [0x00000220a5423ba0, 0x00000220a54243b8]
Event: 10.399 Thread 0x00000220b98000c0 9475       1       org.springframework.beans.factory.support.ConstructorResolver$ConstructorDependencyDescriptor::setShortcut (6 bytes)
Event: 10.399 Thread 0x00000220b98000c0 nmethod 9475 0x00000220ac3e4090 code [0x00000220ac3e4220, 0x00000220ac3e4338]
Event: 10.399 Thread 0x000002208562b010 nmethod 9177 0x00000220ac3e4390 code [0x00000220ac3e47a0, 0x00000220ac3e6dd0]
Event: 10.400 Thread 0x000002208562b010 9423       4       org.springframework.transaction.interceptor.TransactionAttributeSourcePointcut::matches (27 bytes)
Event: 10.402 Thread 0x0000022081087dc0 9476       3       org.springframework.context.support.PostProcessorRegistrationDelegate$BeanPostProcessorChecker::postProcessAfterInitialization (219 bytes)
Event: 10.403 Thread 0x0000022081087dc0 nmethod 9476 0x00000220a5424610 code [0x00000220a5424a60, 0x00000220a54269a8]
Event: 10.405 Thread 0x00000220ff412450 9478   !   3       jdk.proxy2.$Proxy62::annotationType (29 bytes)
Event: 10.405 Thread 0x00000220ff412450 nmethod 9478 0x00000220a5427510 code [0x00000220a54276e0, 0x00000220a5427ae0]
Event: 10.406 Thread 0x00000220b98000c0 9479   !   3       jdk.proxy2.$Proxy182::annotationType (29 bytes)
Event: 10.407 Thread 0x00000220b98000c0 nmethod 9479 0x00000220a5427c90 code [0x00000220a5427e60, 0x00000220a5428260]

GC Heap History (20 events):
Event: 4.224 GC heap before
{Heap before GC invocations=5 (full 0):
 garbage-first heap   total 69632K, used 51221K [0x000000008ce00000, 0x0000000100000000)
  region size 1024K, 40 young (40960K), 8 survivors (8192K)
 Metaspace       used 32201K, committed 32768K, reserved 1114112K
  class space    used 4099K, committed 4352K, reserved 1048576K
}
Event: 4.229 GC heap after
{Heap after GC invocations=6 (full 0):
 garbage-first heap   total 69632K, used 21603K [0x000000008ce00000, 0x0000000100000000)
  region size 1024K, 4 young (4096K), 4 survivors (4096K)
 Metaspace       used 32201K, committed 32768K, reserved 1114112K
  class space    used 4099K, committed 4352K, reserved 1048576K
}
Event: 4.619 GC heap before
{Heap before GC invocations=6 (full 0):
 garbage-first heap   total 69632K, used 36963K [0x000000008ce00000, 0x0000000100000000)
  region size 1024K, 20 young (20480K), 4 survivors (4096K)
 Metaspace       used 35439K, committed 35968K, reserved 1114112K
  class space    used 4542K, committed 4800K, reserved 1048576K
}
Event: 4.622 GC heap after
{Heap after GC invocations=7 (full 0):
 garbage-first heap   total 69632K, used 22291K [0x000000008ce00000, 0x0000000100000000)
  region size 1024K, 2 young (2048K), 2 survivors (2048K)
 Metaspace       used 35439K, committed 35968K, reserved 1114112K
  class space    used 4542K, committed 4800K, reserved 1048576K
}
Event: 5.885 GC heap before
{Heap before GC invocations=8 (full 0):
 garbage-first heap   total 69632K, used 56083K [0x000000008ce00000, 0x0000000100000000)
  region size 1024K, 35 young (35840K), 2 survivors (2048K)
 Metaspace       used 48210K, committed 48832K, reserved 1114112K
  class space    used 6259K, committed 6528K, reserved 1048576K
}
Event: 5.888 GC heap after
{Heap after GC invocations=9 (full 0):
 garbage-first heap   total 69632K, used 25180K [0x000000008ce00000, 0x0000000100000000)
  region size 1024K, 4 young (4096K), 4 survivors (4096K)
 Metaspace       used 48210K, committed 48832K, reserved 1114112K
  class space    used 6259K, committed 6528K, reserved 1048576K
}
Event: 6.504 GC heap before
{Heap before GC invocations=9 (full 0):
 garbage-first heap   total 69632K, used 57948K [0x000000008ce00000, 0x0000000100000000)
  region size 1024K, 36 young (36864K), 4 survivors (4096K)
 Metaspace       used 54622K, committed 55168K, reserved 1114112K
  class space    used 7054K, committed 7296K, reserved 1048576K
}
Event: 6.508 GC heap after
{Heap after GC invocations=10 (full 0):
 garbage-first heap   total 69632K, used 27711K [0x000000008ce00000, 0x0000000100000000)
  region size 1024K, 3 young (3072K), 3 survivors (3072K)
 Metaspace       used 54622K, committed 55168K, reserved 1114112K
  class space    used 7054K, committed 7296K, reserved 1048576K
}
Event: 6.831 GC heap before
{Heap before GC invocations=10 (full 0):
 garbage-first heap   total 69632K, used 42047K [0x000000008ce00000, 0x0000000100000000)
  region size 1024K, 18 young (18432K), 3 survivors (3072K)
 Metaspace       used 59748K, committed 60288K, reserved 1114112K
  class space    used 7903K, committed 8128K, reserved 1048576K
}
Event: 6.834 GC heap after
{Heap after GC invocations=11 (full 0):
 garbage-first heap   total 69632K, used 28188K [0x000000008ce00000, 0x0000000100000000)
  region size 1024K, 4 young (4096K), 4 survivors (4096K)
 Metaspace       used 59748K, committed 60288K, reserved 1114112K
  class space    used 7903K, committed 8128K, reserved 1048576K
}
Event: 7.305 GC heap before
{Heap before GC invocations=12 (full 0):
 garbage-first heap   total 69632K, used 59932K [0x000000008ce00000, 0x0000000100000000)
  region size 1024K, 35 young (35840K), 4 survivors (4096K)
 Metaspace       used 63960K, committed 64576K, reserved 1114112K
  class space    used 8537K, committed 8832K, reserved 1048576K
}
Event: 7.308 GC heap after
{Heap after GC invocations=13 (full 0):
 garbage-first heap   total 69632K, used 29524K [0x000000008ce00000, 0x0000000100000000)
  region size 1024K, 3 young (3072K), 3 survivors (3072K)
 Metaspace       used 63960K, committed 64576K, reserved 1114112K
  class space    used 8537K, committed 8832K, reserved 1048576K
}
Event: 8.472 GC heap before
{Heap before GC invocations=13 (full 0):
 garbage-first heap   total 69632K, used 61268K [0x000000008ce00000, 0x0000000100000000)
  region size 1024K, 34 young (34816K), 3 survivors (3072K)
 Metaspace       used 70655K, committed 71232K, reserved 1114112K
  class space    used 9545K, committed 9792K, reserved 1048576K
}
Event: 8.476 GC heap after
{Heap after GC invocations=14 (full 0):
 garbage-first heap   total 69632K, used 31627K [0x000000008ce00000, 0x0000000100000000)
  region size 1024K, 5 young (5120K), 5 survivors (5120K)
 Metaspace       used 70655K, committed 71232K, reserved 1114112K
  class space    used 9545K, committed 9792K, reserved 1048576K
}
Event: 9.113 GC heap before
{Heap before GC invocations=14 (full 0):
 garbage-first heap   total 69632K, used 59275K [0x000000008ce00000, 0x0000000100000000)
  region size 1024K, 32 young (32768K), 5 survivors (5120K)
 Metaspace       used 75174K, committed 75904K, reserved 1179648K
  class space    used 10099K, committed 10432K, reserved 1048576K
}
Event: 9.119 GC heap after
{Heap after GC invocations=15 (full 0):
 garbage-first heap   total 69632K, used 34257K [0x000000008ce00000, 0x0000000100000000)
  region size 1024K, 3 young (3072K), 3 survivors (3072K)
 Metaspace       used 75174K, committed 75904K, reserved 1179648K
  class space    used 10099K, committed 10432K, reserved 1048576K
}
Event: 9.583 GC heap before
{Heap before GC invocations=15 (full 0):
 garbage-first heap   total 69632K, used 60881K [0x000000008ce00000, 0x0000000100000000)
  region size 1024K, 30 young (30720K), 3 survivors (3072K)
 Metaspace       used 80279K, committed 80960K, reserved 1179648K
  class space    used 10635K, committed 10944K, reserved 1048576K
}
Event: 9.587 GC heap after
{Heap after GC invocations=16 (full 0):
 garbage-first heap   total 69632K, used 37627K [0x000000008ce00000, 0x0000000100000000)
  region size 1024K, 4 young (4096K), 4 survivors (4096K)
 Metaspace       used 80279K, committed 80960K, reserved 1179648K
  class space    used 10635K, committed 10944K, reserved 1048576K
}
Event: 10.016 GC heap before
{Heap before GC invocations=17 (full 0):
 garbage-first heap   total 69632K, used 60155K [0x000000008ce00000, 0x0000000100000000)
  region size 1024K, 26 young (26624K), 4 survivors (4096K)
 Metaspace       used 82070K, committed 82816K, reserved 1179648K
  class space    used 10887K, committed 11200K, reserved 1048576K
}
Event: 10.020 GC heap after
{Heap after GC invocations=18 (full 0):
 garbage-first heap   total 83968K, used 40454K [0x000000008ce00000, 0x0000000100000000)
  region size 1024K, 3 young (3072K), 3 survivors (3072K)
 Metaspace       used 82070K, committed 82816K, reserved 1179648K
  class space    used 10887K, committed 11200K, reserved 1048576K
}

Dll operation events (11 events):
Event: 0.019 Loaded shared library C:\Program Files\Java\jdk-21\bin\java.dll
Event: 0.053 Loaded shared library C:\Program Files\Java\jdk-21\bin\jsvml.dll
Event: 0.137 Loaded shared library C:\Program Files\Java\jdk-21\bin\net.dll
Event: 0.142 Loaded shared library C:\Program Files\Java\jdk-21\bin\nio.dll
Event: 0.145 Loaded shared library C:\Program Files\Java\jdk-21\bin\zip.dll
Event: 0.316 Loaded shared library C:\Program Files\Java\jdk-21\bin\jimage.dll
Event: 0.584 Loaded shared library C:\Program Files\Java\jdk-21\bin\management.dll
Event: 0.586 Loaded shared library C:\Program Files\Java\jdk-21\bin\management_ext.dll
Event: 2.145 Loaded shared library C:\Program Files\Java\jdk-21\bin\sunmscapi.dll
Event: 4.718 Loaded shared library C:\Program Files\Java\jdk-21\bin\verify.dll
Event: 5.203 Loaded shared library C:\Program Files\Java\jdk-21\bin\extnet.dll

Deoptimization events (20 events):
Event: 10.074 Thread 0x000002208022e330 Uncommon trap: trap_request=0xffffffc6 fr.pc=0x00000220ac30f6b4 relative=0x0000000000003274
Event: 10.075 Thread 0x000002208022e330 Uncommon trap: reason=bimorphic_or_optimized_type_check action=maybe_recompile pc=0x00000220ac30f6b4 method=org.springframework.core.annotation.AnnotationsScanner.processMethodHierarchy(Ljava/lang/Object;[ILjava/lang/Class;Lorg/springframework/core/annota
Event: 10.075 Thread 0x000002208022e330 DEOPT PACKING pc=0x00000220ac30f6b4 sp=0x000000880e4fda00
Event: 10.075 Thread 0x000002208022e330 DEOPT UNPACKING pc=0x00000220ab8646a2 sp=0x000000880e4fda08 mode 2
Event: 10.101 Thread 0x000002208022e330 Uncommon trap: trap_request=0xffffffde fr.pc=0x00000220ac27d46c relative=0x00000000000000cc
Event: 10.101 Thread 0x000002208022e330 Uncommon trap: reason=class_check action=maybe_recompile pc=0x00000220ac27d46c method=java.lang.reflect.Method.equals(Ljava/lang/Object;)Z @ 1 c2
Event: 10.101 Thread 0x000002208022e330 DEOPT PACKING pc=0x00000220ac27d46c sp=0x000000880e4fdec0
Event: 10.101 Thread 0x000002208022e330 DEOPT UNPACKING pc=0x00000220ab8646a2 sp=0x000000880e4fde48 mode 2
Event: 10.154 Thread 0x000002208022e330 Uncommon trap: trap_request=0xffffff45 fr.pc=0x00000220ac1b1a24 relative=0x0000000000003824
Event: 10.154 Thread 0x000002208022e330 Uncommon trap: reason=unstable_if action=reinterpret pc=0x00000220ac1b1a24 method=org.springframework.beans.factory.support.AbstractBeanFactory.isTypeMatch(Ljava/lang/String;Lorg/springframework/core/ResolvableType;Z)Z @ 35 c2
Event: 10.154 Thread 0x000002208022e330 DEOPT PACKING pc=0x00000220ac1b1a24 sp=0x000000880e4fddf0
Event: 10.154 Thread 0x000002208022e330 DEOPT UNPACKING pc=0x00000220ab8646a2 sp=0x000000880e4fddb0 mode 2
Event: 10.305 Thread 0x000002208022e330 Uncommon trap: trap_request=0xffffff45 fr.pc=0x00000220ac049e28 relative=0x0000000000000108
Event: 10.305 Thread 0x000002208022e330 Uncommon trap: reason=unstable_if action=reinterpret pc=0x00000220ac049e28 method=org.springframework.util.ObjectUtils.nullSafeEquals(Ljava/lang/Object;Ljava/lang/Object;)Z @ 12 c2
Event: 10.305 Thread 0x000002208022e330 DEOPT PACKING pc=0x00000220ac049e28 sp=0x000000880e4fdd70
Event: 10.305 Thread 0x000002208022e330 DEOPT UNPACKING pc=0x00000220ab8646a2 sp=0x000000880e4fdd10 mode 2
Event: 10.345 Thread 0x000002208022e330 Uncommon trap: trap_request=0xffffff45 fr.pc=0x00000220ac3b44b0 relative=0x0000000000001390
Event: 10.345 Thread 0x000002208022e330 Uncommon trap: reason=unstable_if action=reinterpret pc=0x00000220ac3b44b0 method=org.springframework.core.annotation.TypeMappedAnnotations$MergedAnnotationFinder.process(Ljava/lang/Object;ILjava/lang/Object;Ljava/lang/annotation/Annotation;)Lorg/springfr
Event: 10.345 Thread 0x000002208022e330 DEOPT PACKING pc=0x00000220ac3b44b0 sp=0x000000880e4fe100
Event: 10.345 Thread 0x000002208022e330 DEOPT UNPACKING pc=0x00000220ab8646a2 sp=0x000000880e4fe0d0 mode 2

Classes loaded (20 events):
Event: 9.291 Loading class java/security/cert/CertificateParsingException
Event: 9.291 Loading class java/security/cert/CertificateParsingException done
Event: 9.315 Loading class java/net/ConnectException
Event: 9.316 Loading class java/net/ConnectException done
Event: 9.316 Loading class java/net/NoRouteToHostException
Event: 9.316 Loading class java/net/NoRouteToHostException done
Event: 9.372 Loading class java/util/concurrent/Executors$DefaultThreadFactory
Event: 9.372 Loading class java/util/concurrent/Executors$DefaultThreadFactory done
Event: 9.737 Loading class java/lang/invoke/MethodHandleImpl$CountingWrapper$1
Event: 9.737 Loading class java/lang/invoke/MethodHandleImpl$CountingWrapper$1 done
Event: 9.927 Loading class java/time/DurationEditor
Event: 9.927 Loading class java/time/DurationEditor done
Event: 10.052 Loading class java/util/Comparators$NullComparator
Event: 10.053 Loading class java/util/Comparators$NullComparator done
Event: 10.237 Loading class java/util/EnumMap$EntrySet
Event: 10.237 Loading class java/util/EnumMap$EntrySet done
Event: 10.237 Loading class java/util/EnumMap$EntryIterator
Event: 10.238 Loading class java/util/EnumMap$EnumMapIterator
Event: 10.238 Loading class java/util/EnumMap$EnumMapIterator done
Event: 10.238 Loading class java/util/EnumMap$EntryIterator done

Classes unloaded (0 events):
No events

Classes redefined (0 events):
No events

Internal exceptions (20 events):
Event: 8.524 Thread 0x000002208022e330 Exception <a 'java/lang/IllegalArgumentException'{0x0000000091430998}: Wrong type at constant pool index> (0x0000000091430998) 
thrown [s\open\src\hotspot\share\prims\jvm.cpp, line 2168]
Event: 8.579 Thread 0x000002208022e330 Exception <a 'java/lang/IllegalArgumentException'{0x0000000091126768}: Wrong type at constant pool index> (0x0000000091126768) 
thrown [s\open\src\hotspot\share\prims\jvm.cpp, line 2168]
Event: 8.579 Thread 0x000002208022e330 Exception <a 'java/lang/IllegalArgumentException'{0x0000000091127840}: Wrong type at constant pool index> (0x0000000091127840) 
thrown [s\open\src\hotspot\share\prims\jvm.cpp, line 2168]
Event: 8.587 Thread 0x000002208022e330 Exception <a 'java/lang/IllegalArgumentException'{0x00000000911cc2a8}: Wrong type at constant pool index> (0x00000000911cc2a8) 
thrown [s\open\src\hotspot\share\prims\jvm.cpp, line 2168]
Event: 8.587 Thread 0x000002208022e330 Exception <a 'java/lang/IllegalArgumentException'{0x00000000911cd380}: Wrong type at constant pool index> (0x00000000911cd380) 
thrown [s\open\src\hotspot\share\prims\jvm.cpp, line 2168]
Event: 8.745 Thread 0x000002208022e330 Exception <a 'java/lang/IncompatibleClassChangeError'{0x00000000903cf290}: Found class java.lang.Object, but interface was expected> (0x00000000903cf290) 
thrown [s\open\src\hotspot\share\interpreter\linkResolver.cpp, line 840]
Event: 8.873 Thread 0x000002208022e330 Exception <a 'java/lang/NoSuchMethodError'{0x000000008fff28f8}: 'java.lang.Object java.lang.invoke.DirectMethodHandle$Holder.invokeSpecialIFC(java.lang.Object, java.lang.Object)'> (0x000000008fff28f8) 
thrown [s\open\src\hotspot\share\interpreter\linkResolver.cpp, line 773]
Event: 8.886 Thread 0x000002208022e330 Exception <a 'sun/nio/fs/WindowsException'{0x000000008fe51fd0}> (0x000000008fe51fd0) 
thrown [s\open\src\hotspot\share\prims\jni.cpp, line 520]
Event: 8.887 Thread 0x000002208022e330 Exception <a 'sun/nio/fs/WindowsException'{0x000000008fe5b3a0}> (0x000000008fe5b3a0) 
thrown [s\open\src\hotspot\share\prims\jni.cpp, line 520]
Event: 9.150 Thread 0x000002208022e330 Exception <a 'java/lang/IncompatibleClassChangeError'{0x00000000915a9f20}: Found class java.lang.Object, but interface was expected> (0x00000000915a9f20) 
thrown [s\open\src\hotspot\share\interpreter\linkResolver.cpp, line 840]
Event: 9.223 Thread 0x000002208022e330 Implicit null exception at 0x00000220ac386e7d to 0x00000220ac387024
Event: 9.373 Thread 0x000002208022e330 Exception <a 'java/lang/IncompatibleClassChangeError'{0x000000008ff414b0}: Found class java.lang.Object, but interface was expected> (0x000000008ff414b0) 
thrown [s\open\src\hotspot\share\interpreter\linkResolver.cpp, line 840]
Event: 9.476 Thread 0x000002208022e330 Exception <a 'java/lang/NoSuchMethodError'{0x000000008faecba8}: 'float java.lang.invoke.DirectMethodHandle$Holder.invokeStatic(java.lang.Object, java.lang.Object)'> (0x000000008faecba8) 
thrown [s\open\src\hotspot\share\interpreter\linkResolver.cpp, line 773]
Event: 9.476 Thread 0x000002208022e330 Exception <a 'java/lang/NoSuchMethodError'{0x000000008faf2dc0}: 'double java.lang.invoke.DirectMethodHandle$Holder.invokeStatic(java.lang.Object, java.lang.Object)'> (0x000000008faf2dc0) 
thrown [s\open\src\hotspot\share\interpreter\linkResolver.cpp, line 773]
Event: 9.668 Thread 0x000002208022e330 Exception <a 'java/lang/NoSuchMethodError'{0x000000009132f2e8}: 'java.lang.Object java.lang.invoke.DirectMethodHandle$Holder.invokeStatic(java.lang.Object, int, java.lang.Object)'> (0x000000009132f2e8) 
thrown [s\open\src\hotspot\share\interpreter\linkResolver.cpp, line 773]
Event: 9.914 Thread 0x000002208022e330 Exception <a 'java/lang/NoSuchMethodError'{0x000000008fd6f8e8}: 'java.lang.Object java.lang.invoke.DirectMethodHandle$Holder.invokeInterface(java.lang.Object, java.lang.Object, java.lang.Object, java.lang.Object)'> (0x000000008fd6f8e8) 
thrown [s\open\src\hotspot\share\interpreter\linkResolver.cpp, line 773]
Event: 9.946 Thread 0x000002208022e330 Exception <a 'java/lang/NoSuchMethodError'{0x000000008fb1bb58}: 'java.lang.Object java.lang.invoke.DirectMethodHandle$Holder.newInvokeSpecial(java.lang.Object, java.lang.Object, java.lang.Object, java.lang.Object, java.lang.Object, java.lang.Object, java.lang.Object, java.lang.Object)'> (0x000000008fb1bb58) 
thrown [s\open\src\hotspot\share\interpreter\linkResolver.cpp, line 773]
Event: 10.286 Thread 0x000002208022e330 Exception <a 'java/lang/IncompatibleClassChangeError'{0x0000000091206060}: Found class java.lang.Object, but interface was expected> (0x0000000091206060) 
thrown [s\open\src\hotspot\share\interpreter\linkResolver.cpp, line 840]
Event: 10.305 Thread 0x000002208022e330 Implicit null exception at 0x00000220ac049d4c to 0x00000220ac049e1a
Event: 10.336 Thread 0x000002208022e330 Exception <a 'java/lang/NoSuchMethodError'{0x0000000091194870}: 'void java.lang.invoke.DirectMethodHandle$Holder.invokeVirtual(java.lang.Object, java.lang.Object, long)'> (0x0000000091194870) 
thrown [s\open\src\hotspot\share\interpreter\linkResolver.cpp, line 773]

ZGC Phase Switch (0 events):
No events

VM Operations (20 events):
Event: 9.615 Executing VM operation: G1PauseCleanup
Event: 9.615 Executing VM operation: G1PauseCleanup done
Event: 9.897 Executing VM operation: ICBufferFull
Event: 9.897 Executing VM operation: ICBufferFull done
Event: 9.982 Executing VM operation: HandshakeAllThreads (Deoptimize)
Event: 9.982 Executing VM operation: HandshakeAllThreads (Deoptimize) done
Event: 10.016 Executing VM operation: G1CollectForAllocation (G1 Evacuation Pause)
Event: 10.020 Executing VM operation: G1CollectForAllocation (G1 Evacuation Pause) done
Event: 10.028 Executing VM operation: HandshakeAllThreads (Deoptimize)
Event: 10.028 Executing VM operation: HandshakeAllThreads (Deoptimize) done
Event: 10.077 Executing VM operation: HandshakeAllThreads (Deoptimize)
Event: 10.077 Executing VM operation: HandshakeAllThreads (Deoptimize) done
Event: 10.078 Executing VM operation: HandshakeAllThreads (Deoptimize)
Event: 10.078 Executing VM operation: HandshakeAllThreads (Deoptimize) done
Event: 10.363 Executing VM operation: HandshakeAllThreads (Deoptimize)
Event: 10.363 Executing VM operation: HandshakeAllThreads (Deoptimize) done
Event: 10.406 Executing VM operation: ICBufferFull
Event: 10.407 Executing VM operation: ICBufferFull done
Event: 11.411 Executing VM operation: Cleanup
Event: 11.411 Executing VM operation: Cleanup done

Events (20 events):
Event: 9.609 Thread 0x00000220b97be160 flushing nmethod 0x00000220ac1ff690
Event: 9.609 Thread 0x00000220b97be160 flushing nmethod 0x00000220ac180d10
Event: 9.609 Thread 0x00000220b97be160 flushing nmethod 0x00000220ac171c10
Event: 9.609 Thread 0x00000220b97be160 flushing nmethod 0x00000220ac035010
Event: 9.609 Thread 0x00000220b97be160 flushing nmethod 0x00000220ac0aad10
Event: 9.609 Thread 0x00000220b97be160 flushing nmethod 0x00000220ac09e390
Event: 9.609 Thread 0x00000220b97be160 flushing nmethod 0x00000220ac05fd90
Event: 9.609 Thread 0x00000220b97be160 flushing nmethod 0x00000220ac04ab90
Event: 9.609 Thread 0x00000220b97be160 flushing nmethod 0x00000220ac043e90
Event: 9.609 Thread 0x00000220b97be160 flushing nmethod 0x00000220abfe9510
Event: 9.609 Thread 0x00000220b97be160 flushing nmethod 0x00000220abfcba10
Event: 9.609 Thread 0x00000220b97be160 flushing nmethod 0x00000220abfde610
Event: 9.609 Thread 0x00000220b97be160 flushing nmethod 0x00000220abfaca10
Event: 9.609 Thread 0x00000220b97be160 flushing nmethod 0x00000220abfbe190
Event: 9.609 Thread 0x00000220b97be160 flushing nmethod 0x00000220abfa1b10
Event: 9.609 Thread 0x00000220b97be160 flushing nmethod 0x00000220abfb5410
Event: 9.609 Thread 0x00000220b97be160 flushing nmethod 0x00000220abf69710
Event: 9.609 Thread 0x00000220b97be160 flushing nmethod 0x00000220abf80e90
Event: 10.174 Thread 0x000002208562b010 Thread added: 0x000002208562b010
Event: 11.411 Thread 0x000002208294e4e0 Thread exited: 0x000002208294e4e0


Dynamic libraries:
0x00007ff6bf6d0000 - 0x00007ff6bf6e0000 	C:\Program Files\Java\jdk-21\bin\javaw.exe
0x00007ffbac940000 - 0x00007ffbacba7000 	C:\WINDOWS\SYSTEM32\ntdll.dll
0x00007ffbab880000 - 0x00007ffbab949000 	C:\WINDOWS\System32\KERNEL32.DLL
0x00007ffba9370000 - 0x00007ffba9761000 	C:\WINDOWS\System32\KERNELBASE.dll
0x00007ffba9220000 - 0x00007ffba936b000 	C:\WINDOWS\System32\ucrtbase.dll
0x00007ffb81ad0000 - 0x00007ffb81ae9000 	C:\Program Files\Java\jdk-21\bin\jli.dll
0x00007ffb83100000 - 0x00007ffb8311b000 	C:\Program Files\Java\jdk-21\bin\VCRUNTIME140.dll
0x00007ffbac250000 - 0x00007ffbac30b000 	C:\WINDOWS\System32\ADVAPI32.dll
0x00007ffbabf80000 - 0x00007ffbac029000 	C:\WINDOWS\System32\msvcrt.dll
0x00007ffbab950000 - 0x00007ffbab9f7000 	C:\WINDOWS\System32\sechost.dll
0x00007ffbac030000 - 0x00007ffbac148000 	C:\WINDOWS\System32\RPCRT4.dll
0x00007ffbac730000 - 0x00007ffbac8f5000 	C:\WINDOWS\System32\USER32.dll
0x00007ffba98a0000 - 0x00007ffba98c7000 	C:\WINDOWS\System32\win32u.dll
0x00007ffbaba00000 - 0x00007ffbaba2b000 	C:\WINDOWS\System32\GDI32.dll
0x00007ffb93a50000 - 0x00007ffb93ce3000 	C:\WINDOWS\WinSxS\amd64_microsoft.windows.common-controls_6595b64144ccf1df_6.0.26100.7922_none_3e089e1ee3342171\COMCTL32.dll
0x00007ffba9770000 - 0x00007ffba989a000 	C:\WINDOWS\System32\gdi32full.dll
0x00007ffba9bc0000 - 0x00007ffba9c63000 	C:\WINDOWS\System32\msvcp_win.dll
0x00007ffb9c950000 - 0x00007ffb9c95b000 	C:\WINDOWS\SYSTEM32\VERSION.dll
0x00007ffbac690000 - 0x00007ffbac6c1000 	C:\WINDOWS\System32\IMM32.DLL
0x00007ffba6600000 - 0x00007ffba660c000 	C:\Program Files\Java\jdk-21\bin\vcruntime140_1.dll
0x00007ffb62c30000 - 0x00007ffb62cbe000 	C:\Program Files\Java\jdk-21\bin\msvcp140.dll
0x00007ffa9e5e0000 - 0x00007ffa9f2ed000 	C:\Program Files\Java\jdk-21\bin\server\jvm.dll
0x00007ffbac170000 - 0x00007ffbac1e4000 	C:\WINDOWS\System32\WS2_32.dll
0x00007ffb9eb10000 - 0x00007ffb9eb45000 	C:\WINDOWS\SYSTEM32\WINMM.dll
0x00007ffba9080000 - 0x00007ffba90de000 	C:\WINDOWS\SYSTEM32\POWRPROF.dll
0x00007ffba9060000 - 0x00007ffba9074000 	C:\WINDOWS\SYSTEM32\UMPDC.dll
0x00007ffba7fb0000 - 0x00007ffba7fcb000 	C:\WINDOWS\SYSTEM32\kernel.appcore.dll
0x00007ffba65d0000 - 0x00007ffba65da000 	C:\Program Files\Java\jdk-21\bin\jimage.dll
0x00007ffba6ed0000 - 0x00007ffba7112000 	C:\WINDOWS\SYSTEM32\DBGHELP.DLL
0x00007ffbabbf0000 - 0x00007ffbabf72000 	C:\WINDOWS\System32\combase.dll
0x00007ffbaa6e0000 - 0x00007ffbaa7b7000 	C:\WINDOWS\System32\OLEAUT32.dll
0x00007ffb93cf0000 - 0x00007ffb93d2b000 	C:\WINDOWS\SYSTEM32\dbgcore.DLL
0x00007ffba98d0000 - 0x00007ffba9975000 	C:\WINDOWS\System32\bcryptPrimitives.dll
0x00007ffb80e20000 - 0x00007ffb80e3f000 	C:\Program Files\Java\jdk-21\bin\java.dll
0x00007ffbaa990000 - 0x00007ffbab0ef000 	C:\WINDOWS\System32\SHELL32.dll
0x00007ffbaa570000 - 0x00007ffbaa6da000 	C:\WINDOWS\System32\wintypes.dll
0x00007ffba9c70000 - 0x00007ffbaa4d4000 	C:\WINDOWS\System32\windows.storage.dll
0x00007ffbab100000 - 0x00007ffbab1f7000 	C:\WINDOWS\System32\SHCORE.dll
0x00007ffbaa880000 - 0x00007ffbaa8e7000 	C:\WINDOWS\System32\shlwapi.dll
0x00007ffba9140000 - 0x00007ffba9169000 	C:\WINDOWS\SYSTEM32\profapi.dll
0x00007ffb54cb0000 - 0x00007ffb54d87000 	C:\Program Files\Java\jdk-21\bin\jsvml.dll
0x00007ffba6550000 - 0x00007ffba6560000 	C:\Program Files\Java\jdk-21\bin\net.dll
0x00007ffb9f370000 - 0x00007ffb9f497000 	C:\WINDOWS\SYSTEM32\WINHTTP.dll
0x00007ffba8520000 - 0x00007ffba858b000 	C:\WINDOWS\system32\mswsock.dll
0x00007ffb80b90000 - 0x00007ffb80ba6000 	C:\Program Files\Java\jdk-21\bin\nio.dll
0x00007ffb6af10000 - 0x00007ffb6af28000 	C:\Program Files\Java\jdk-21\bin\zip.dll
0x00007ffb82990000 - 0x00007ffb8299a000 	C:\Program Files\Java\jdk-21\bin\management.dll
0x00007ffb6f5a0000 - 0x00007ffb6f5ab000 	C:\Program Files\Java\jdk-21\bin\management_ext.dll
0x00007ffbac6d0000 - 0x00007ffbac6d8000 	C:\WINDOWS\System32\PSAPI.DLL
0x00007ffb833b0000 - 0x00007ffb833be000 	C:\Program Files\Java\jdk-21\bin\sunmscapi.dll
0x00007ffba9980000 - 0x00007ffba9af7000 	C:\WINDOWS\System32\CRYPT32.dll
0x00007ffba8a20000 - 0x00007ffba8a50000 	C:\WINDOWS\SYSTEM32\ncrypt.dll
0x00007ffba89d0000 - 0x00007ffba8a0f000 	C:\WINDOWS\SYSTEM32\NTASN1.dll
0x00007ffba8800000 - 0x00007ffba881b000 	C:\WINDOWS\SYSTEM32\CRYPTSP.dll
0x00007ffba7ef0000 - 0x00007ffba7f29000 	C:\WINDOWS\system32\rsaenh.dll
0x00007ffba85d0000 - 0x00007ffba8602000 	C:\WINDOWS\SYSTEM32\USERENV.dll
0x00007ffba9110000 - 0x00007ffba913a000 	C:\WINDOWS\SYSTEM32\bcrypt.dll
0x00007ffba8820000 - 0x00007ffba882c000 	C:\WINDOWS\SYSTEM32\CRYPTBASE.dll
0x00007ffba79c0000 - 0x00007ffba79f3000 	C:\WINDOWS\SYSTEM32\IPHLPAPI.DLL
0x00007ffbaa980000 - 0x00007ffbaa98a000 	C:\WINDOWS\System32\NSI.dll
0x00007ffb92f20000 - 0x00007ffb92f30000 	C:\Program Files\Java\jdk-21\bin\verify.dll
0x00007ffba7a60000 - 0x00007ffba7b8a000 	C:\WINDOWS\SYSTEM32\DNSAPI.dll
0x00007ffb9eb50000 - 0x00007ffb9eb5b000 	C:\Windows\System32\rasadhlp.dll
0x00007ffba3fa0000 - 0x00007ffba4026000 	C:\WINDOWS\System32\fwpuclnt.dll
0x00007ffb82b20000 - 0x00007ffb82b29000 	C:\Program Files\Java\jdk-21\bin\extnet.dll

dbghelp: loaded successfully - version: 4.0.5 - missing functions: none
symbol engine: initialized successfully - sym options: 0x614 - pdb path: .;C:\Program Files\Java\jdk-21\bin;C:\WINDOWS\SYSTEM32;C:\WINDOWS\WinSxS\amd64_microsoft.windows.common-controls_6595b64144ccf1df_6.0.26100.7922_none_3e089e1ee3342171;C:\Program Files\Java\jdk-21\bin\server

VM Arguments:
jvm_args: -Dfile.encoding=UTF-8 -Dstdout.encoding=UTF-8 -Dstderr.encoding=UTF-8 -XX:+ShowCodeDetailsInExceptionMessages 
java_command: com.superBoy.FoodieHub.FoodieHubApplication
java_class_path (initial): C:\FoodieHub\target\classes;C:\Users\vinay\.m2\repository\org\springframework\boot\spring-boot-starter-web\3.3.2\spring-boot-starter-web-3.3.2.jar;C:\Users\vinay\.m2\repository\org\springframework\boot\spring-boot-starter\3.3.2\spring-boot-starter-3.3.2.jar;C:\Users\vinay\.m2\repository\org\springframework\boot\spring-boot-starter-logging\3.3.2\spring-boot-starter-logging-3.3.2.jar;C:\Users\vinay\.m2\repository\ch\qos\logback\logback-classic\1.5.6\logback-classic-1.5.6.jar;C:\Users\vinay\.m2\repository\ch\qos\logback\logback-core\1.5.6\logback-core-1.5.6.jar;C:\Users\vinay\.m2\repository\org\apache\logging\log4j\log4j-to-slf4j\2.23.1\log4j-to-slf4j-2.23.1.jar;C:\Users\vinay\.m2\repository\org\apache\logging\log4j\log4j-api\2.23.1\log4j-api-2.23.1.jar;C:\Users\vinay\.m2\repository\org\slf4j\jul-to-slf4j\2.0.13\jul-to-slf4j-2.0.13.jar;C:\Users\vinay\.m2\repository\jakarta\annotation\jakarta.annotation-api\2.1.1\jakarta.annotation-api-2.1.1.jar;C:\Users\vinay\.m2\repository\org\yaml\snakeyaml\2.2\snakeyaml-2.2.jar;C:\Users\vinay\.m2\repository\org\springframework\boot\spring-boot-starter-json\3.3.2\spring-boot-starter-json-3.3.2.jar;C:\Users\vinay\.m2\repository\com\fasterxml\jackson\core\jackson-databind\2.17.2\jackson-databind-2.17.2.jar;C:\Users\vinay\.m2\repository\com\fasterxml\jackson\core\jackson-annotations\2.17.2\jackson-annotations-2.17.2.jar;C:\Users\vinay\.m2\repository\com\fasterxml\jackson\core\jackson-core\2.17.2\jackson-core-2.17.2.jar;C:\Users\vinay\.m2\repository\com\fasterxml\jackson\datatype\jackson-datatype-jdk8\2.17.2\jackson-datatype-jdk8-2.17.2.jar;C:\Users\vinay\.m2\repository\com\fasterxml\jackson\datatype\jackson-datatype-jsr310\2.17.2\jackson-datatype-jsr310-2.17.2.jar;C:\Users\vinay\.m2\repository\com\fasterxml\jackson\module\jackson-module-parameter-names\2.17.2\jackson-module-parameter-names-2.17.2.jar;C:\Users\vinay\.m2\repository\org\springframework\boot\spring-boot-starter-tomcat\3.3.2\spring-boot-starter-tomcat-3.3.2.jar;C:\Users\vinay\.m2\repository\org\apache\tomcat\embed\tomcat-embed-core\10.1.26\tomcat-embed-core-10.1.26.jar;C:\Users\vinay\.m2\repository\org\apache\tomcat\embed\tomcat-embed-websocket\10.1.26\tomcat-embed-websocket-10.1.26.jar;C:\Users\vinay\.m2\repository\org\springframework\spring-web\6.1.11\spring-web-6.1.11.jar;C:\Users\vinay\.m2\repository\org\springframework\spring-beans\6.1.11\spring-beans-6.1.11.jar;C:\Users\vinay\.m2\repository\io\micrometer\micrometer-observation\1.13.2\micrometer-observation-1.13.2.jar;C:\Users\vinay\.m2\repository\io\micrometer\micrometer-commons\1.13.2\micrometer-commons-1.13.2.jar;C:\Users\vinay\.m2\repository\org\springframework\spring-webmvc\6.1.11\spring-webmvc-6.1.11.jar;C:\Users\vinay\.m2\repository\org\springframework\spring-aop\6.1.11\spring-aop-6.1.11.jar;C:\Users\vinay\.m2\repository\org\springframework\spring-context\6.1.11\spring-context-6.1.11.jar;C:\Users\vinay\.m2\repository\org\springframework\spring-expression\6.1.11\spring-expression-6.1.11.jar;C:\Users\vinay\.m2\repository\org\springframework\boot\spring-boot-starter-data-jpa\3.3.2\spring-boot-starter-data-jpa-3.3.2.jar;C:\Users\vinay\.m2\repository\org\springframework\boot\spring-boot-starter-aop\3.3.2\spring-boot-starter-aop-3.3.2.jar;C:\Users\vinay\.m2\repository\org\aspectj\aspectjweaver\1.9.22.1\aspectjweaver-1.9.22.1.jar;C:\Users\vinay\.m2\repository\org\springframework\boot\spring-boot-starter-jdbc\3.3.2\spring-boot-starter-jdbc-3.3.2.jar;C:\Users\vinay\.m2\repository\com\zaxxer\HikariCP\5.1.0\HikariCP-5.1.0.jar;C:\Users\vinay\.m2\repository\org\springframework\spring-jdbc\6.1.11\spring-jdbc-6.1.11.jar;C:\Users\vinay\.m2\repository\org\hibernate\orm\hibernate-core\6.5.2.Final\hibernate-core-6.5.2.Final.jar;C:\Users\vinay\.m2\repository\jakarta\persistence\jakarta.persistence-api\3.1.0\jakarta.persistence-api-3.1.0.jar;C:\Users\vinay\.m2\repository\jakarta\transaction\jakarta.transaction-api\2.0.1\jakarta.transaction-api-2.0.1.jar;C:\Users\vinay\.m2\repository\org\jboss\logging\jboss-logging\3.5.3.Final\jboss-logging-3.5.3.Final.jar;C:\Users\vinay\.m2\repository\org\hibernate\common\hibernate-commons-annotations\6.0.6.Final\hibernate-commons-annotations-6.0.6.Final.jar;C:\Users\vinay\.m2\repository\io\smallrye\jandex\3.1.2\jandex-3.1.2.jar;C:\Users\vinay\.m2\repository\com\fasterxml\classmate\1.7.0\classmate-1.7.0.jar;C:\Users\vinay\.m2\repository\net\bytebuddy\byte-buddy\1.14.18\byte-buddy-1.14.18.jar;C:\Users\vinay\.m2\repository\org\glassfish\jaxb\jaxb-runtime\4.0.5\jaxb-runtime-4.0.5.jar;C:\Users\vinay\.m2\repository\org\glassfish\jaxb\jaxb-core\4.0.5\jaxb-core-4.0.5.jar;C:\Users\vinay\.m2\repository\org\eclipse\angus\angus-activation\2.0.2\angus-activation-2.0.2.jar;C:\Users\vinay\.m2\repository\org\glassfish\jaxb\txw2\4.0.5\txw2-4.0.5.jar;C:\Users\vinay\.m2\repository\com\sun\istack\istack-commons-runtime\4.1.2\istack-commons-runtime-4.1.2.jar;C:\Users\vinay\.m2\repository\jakarta\inject\jakarta.inject-api\2.0.1\jakarta.inject-api-2.0.1.jar;C:\Users\vinay\.m2\repository\org\antlr\antlr4-runtime\4.13.0\antlr4-runtime-4.13.0.jar;C:\Users\vinay\.m2\repository\org\springframework\data\spring-data-jpa\3.3.2\spring-data-jpa-3.3.2.jar;C:\Users\vinay\.m2\repository\org\springframework\data\spring-data-commons\3.3.2\spring-data-commons-3.3.2.jar;C:\Users\vinay\.m2\repository\org\springframework\spring-orm\6.1.11\spring-orm-6.1.11.jar;C:\Users\vinay\.m2\repository\org\springframework\spring-tx\6.1.11\spring-tx-6.1.11.jar;C:\Users\vinay\.m2\repository\org\slf4j\slf4j-api\2.0.13\slf4j-api-2.0.13.jar;C:\Users\vinay\.m2\repository\org\springframework\spring-aspects\6.1.11\spring-aspects-6.1.11.jar;C:\Users\vinay\.m2\repository\org\springframework\boot\spring-boot-starter-validation\3.3.2\spring-boot-starter-validation-3.3.2.jar;C:\Users\vinay\.m2\repository\org\apache\tomcat\embed\tomcat-embed-el\10.1.26\tomcat-embed-el-10.1.26.jar;C:\Users\vinay\.m2\repository\org\hibernate\validator\hibernate-validator\8.0.1.Final\hibernate-validator-8.0.1.Final.jar;C:\Users\vinay\.m2\repository\jakarta\validation\jakarta.validation-api\3.0.2\jakarta.validation-api-3.0.2.jar;C:\Users\vinay\.m2\repository\com\mysql\mysql-connector-j\8.3.0\mysql-connector-j-8.3.0.jar;C:\Users\vinay\.m2\repository\org\modelmapper\modelmapper\3.2.0\modelmapper-3.2.0.jar;C:\Users\vinay\.m2\repository\software\amazon\awssdk\s3\2.25.20\s3-2.25.20.jar;C:\Users\vinay\.m2\repository\software\amazon\awssdk\aws-xml-protocol\2.25.20\aws-xml-protocol-2.25.20.jar;C:\Users\vinay\.m2\repository\software\amazon\awssdk\aws-query-protocol\2.25.20\aws-query-protocol-2.25.20.jar;C:\Users\vinay\.m2\repository\software\amazon\awssdk\protocol-core\2.25.20\protocol-core-2.25.20.jar;C:\Users\vinay\.m2\repository\software\amazon\awssdk\arns\2.25.20\arns-2.25.20.jar;C:\Users\vinay\.m2\repository\software\amazon\awssdk\profiles\2.25.20\profiles-2.25.20.jar;C:\Users\vinay\.m2\repository\software\amazon\awssdk\crt-core\2.25.20\crt-core-2.25.20.jar;C:\Users\vinay\.m2\repository\software\amazon\awssdk\http-auth\2.25.20\http-auth-2.25.20.jar;C:\Users\vinay\.m2\repository\software\amazon\awssdk\identity-spi\2.25.20\identity-spi-2.25.20.jar;C:\Users\vinay\.m2\repository\software\amazon\awssdk\http-auth-spi\2.25.20\http-auth-spi-2.25.20.jar;C:\Users\vinay\.m2\repository\org\reactivestreams\reactive-streams\1.0.4\reactive-streams-1.0.4.jar;C:\Users\vinay\.m2\repository\software\amazon\awssdk\http-auth-aws\2.25.20\http-auth-aws-2.25.20.jar;C:\Users\vinay\.m2\repository\software\amazon\awssdk\checksums\2.25.20\checksums-2.25.20.jar;C:\Users\vinay\.m2\repository\software\amazon\awssdk\checksums-spi\2.25.20\checksums-spi-2.25.20.jar;C:\Users\vinay\.m2\repository\software\amazon\awssdk\sdk-core\2.25.20\sdk-core-2.25.20.jar;C:\Users\vinay\.m2\repository\software\amazon\awssdk\auth\2.25.20\auth-2.25.20.jar;C:\Users\vinay\.m2\repository\software\amazon\eventstream\eventstream\1.0.1\eventstream-1.0.1.jar;C:\Users\vinay\.m2\repository\software\amazon\awssdk\http-client-spi\2.25.20\http-client-spi-2.25.20.jar;C:\Users\vinay\.m2\repository\software\amazon\awssdk\regions\2.25.20\regions-2.25.20.jar;C:\Users\vinay\.m2\repository\software\amazon\awssdk\annotations\2.25.20\annotations-2.25.20.jar;C:\Users\vinay\.m2\repository\software\amazon\awssdk\utils\2.25.20\utils-2.25.20.jar;C:\Users\vinay\.m2\repository\software\amazon\awssdk\aws-core\2.25.20\aws-core-2.25.20.jar;C:\Users\vinay\.m2\repository\software\amazon\awssdk\metrics-spi\2.25.20\metrics-spi-2.25.20.jar;C:\Users\vinay\.m2\repository\software\amazon\awssdk\json-utils\2.25.20\json-utils-2.25.20.jar;C:\Users\vinay\.m2\repository\software\amazon\awssdk\third-party-jackson-core\2.25.20\third-party-jackson-core-2.25.20.jar;C:\Users\vinay\.m2\repository\software\amazon\awssdk\endpoints-spi\2.25.20\endpoints-spi-2.25.20.jar;C:\Users\vinay\.m2\repository\software\amazon\awssdk\apache-client\2.25.20\apache-client-2.25.20.jar;C:\Users\vinay\.m2\repository\org\apache\httpcomponents\httpclient\4.5.13\httpclient-4.5.13.jar;C:\Users\vinay\.m2\repository\org\apache\httpcomponents\httpcore\4.4.16\httpcore-4.4.16.jar;C:\Users\vinay\.m2\repository\commons-codec\commons-codec\1.16.1\commons-codec-1.16.1.jar;C:\Users\vinay\.m2\repository\software\amazon\awssdk\netty-nio-client\2.25.20\netty-nio-client-2.25.20.jar;C:\Users\vinay\.m2\repository\io\netty\netty-codec-http\4.1.111.Final\netty-codec-http-4.1.111.Final.jar;C:\Users\vinay\.m2\repository\io\netty\netty-codec-http2\4.1.111.Final\netty-codec-http2-4.1.111.Final.jar;C:\Users\vinay\.m2\repository\io\netty\netty-codec\4.1.111.Final\netty-codec-4.1.111.Final.jar;C:\Users\vinay\.m2\repository\io\netty\netty-transport\4.1.111.Final\netty-transport-4.1.111.Final.jar;C:\Users\vinay\.m2\repository\io\netty\netty-common\4.1.111.Final\netty-common-4.1.111.Final.jar;C:\Users\vinay\.m2\repository\io\netty\netty-buffer\4.1.111.Final\netty-buffer-4.1.111.Final.jar;C:\Users\vinay\.m2\repository\io\netty\netty-handler\4.1.111.Final\netty-handler-4.1.111.Final.jar;C:\Users\vinay\.m2\repository\io\netty\netty-transport-native-unix-common\4.1.111.Final\netty-transport-native-unix-common-4.1.111.Final.jar;C:\Users\vinay\.m2\repository\io\netty\netty-transport-classes-epoll\4.1.111.Final\netty-transport-classes-epoll-4.1.111.Final.jar;C:\Users\vinay\.m2\repository\io\netty\netty-resolver\4.1.111.Final\netty-resolver-4.1.111.Final.jar;C:\Users\vinay\.m2\repository\org\springframework\boot\spring-boot-devtools\3.3.2\spring-boot-devtools-3.3.2.jar;C:\Users\vinay\.m2\repository\org\springframework\boot\spring-boot\3.3.2\spring-boot-3.3.2.jar;C:\Users\vinay\.m2\repository\org\springframework\boot\spring-boot-autoconfigure\3.3.2\spring-boot-autoconfigure-3.3.2.jar;C:\Users\vinay\.m2\repository\jakarta\xml\bind\jakarta.xml.bind-api\4.0.2\jakarta.xml.bind-api-4.0.2.jar;C:\Users\vinay\.m2\repository\jakarta\activation\jakarta.activation-api\2.1.3\jakarta.activation-api-2.1.3.jar;C:\Users\vinay\.m2\repository\org\springframework\spring-core\6.1.11\spring-core-6.1.11.jar;C:\Users\vinay\.m2\repository\org\springframework\spring-jcl\6.1.11\spring-jcl-6.1.11.jar
Launcher Type: SUN_STANDARD

[Global flags]
     intx CICompilerCount                          = 12                                        {product} {ergonomic}
     uint ConcGCThreads                            = 3                                         {product} {ergonomic}
     uint G1ConcRefinementThreads                  = 13                                        {product} {ergonomic}
   size_t G1HeapRegionSize                         = 1048576                                   {product} {ergonomic}
    uintx GCDrainStackTargetSize                   = 64                                        {product} {ergonomic}
   size_t InitialHeapSize                          = 121634816                                 {product} {ergonomic}
   size_t MarkStackSize                            = 4194304                                   {product} {ergonomic}
   size_t MaxHeapSize                              = 1931476992                                {product} {ergonomic}
   size_t MaxNewSize                               = 1158676480                                {product} {ergonomic}
   size_t MinHeapDeltaBytes                        = 1048576                                   {product} {ergonomic}
   size_t MinHeapSize                              = 8388608                                   {product} {ergonomic}
    uintx NonNMethodCodeHeapSize                   = 7602480                                {pd product} {ergonomic}
    uintx NonProfiledCodeHeapSize                  = 122027880                              {pd product} {ergonomic}
    uintx ProfiledCodeHeapSize                     = 122027880                              {pd product} {ergonomic}
    uintx ReservedCodeCacheSize                    = 251658240                              {pd product} {ergonomic}
     bool SegmentedCodeCache                       = true                                      {product} {ergonomic}
     bool ShowCodeDetailsInExceptionMessages       = true                                   {manageable} {command line}
   size_t SoftMaxHeapSize                          = 1931476992                             {manageable} {ergonomic}
     bool UseCompressedOops                        = true                           {product lp64_product} {ergonomic}
     bool UseG1GC                                  = true                                      {product} {ergonomic}
     bool UseLargePagesIndividualAllocation        = false                                  {pd product} {ergonomic}

Logging:
Log output configuration:
 #0: stdout all=warning uptime,level,tags foldmultilines=false
 #1: stderr all=off uptime,level,tags foldmultilines=false

Environment Variables:
PATH=C:\TOOLSGRADLE\gradle-8.13\bin;C:\Program Files\Common Files\Oracle\Java\javapath;C:\Windows\system32;C:\Windows;C:\Windows\System32\Wbem;C:\Windows\System32\WindowsPowerShell\v1.0\;C:\Windows\System32\OpenSSH\;C:\Program Files (x86)\NVIDIA Corporation\PhysX\Common;C:\MinGW\bin;C:\Program Files\NVIDIA Corporation\NVIDIA app\NvDLISR;C:\Program Files\Git\cmd;C:\WINDOWS\system32;C:\WINDOWS;C:\WINDOWS\System32\Wbem;C:\WINDOWS\System32\WindowsPowerShell\v1.0\;C:\WINDOWS\System32\OpenSSH\;C:\Users\vinay\Downloads\apache-maven-3.9.9-bin\apache-maven-3.9.9\bin;C:\Program Files\nodejs\;C:\MangoDB SHELL (Mangosh)\mongosh-2.5.1-win32-x64\bin;C:\MANGO-DB-CommunitySErver\bin;C:\Program Files\MySQL\MySQL Shell 8.0\bin\;C:\Users\vinay\AppData\Local\Programs\Python\Python312\Scripts\;C:\Users\vinay\AppData\Local\Programs\Python\Python312\;C:\Users\vinay\AppData\Local\Programs\Python\Python313\Scripts\;C:\Users\vinay\AppData\Local\Programs\Python\Python313\;C:\Program Files\Java\jdk-21\bin;C:\Users\vinay\Desktop\intelligent\IntelliJ IDEA Community Edition 2024.1.1\bin;C:\ProgramData\Microsoft\Windows\Start Menu\Programs\MySQL\MySQL Server 8.0;;C:\MinGW\bin;C:\Users\vinay\AppData\Local\Microsoft\WindowsApps;C:\Users\vinay\AppData\Local\Programs\Microsoft VS Code\bin;C:\Users\vinay\AppData\Local\Programs\cursor\resources\app\bin;C:\Users\vinay\AppData\Roaming\npm;C:\Users\vinay\AppData\Local\Programs\Antigravity\bin
USERNAME=vinay
OS=Windows_NT
PROCESSOR_IDENTIFIER=AMD64 Family 25 Model 68 Stepping 1, AuthenticAMD
TMP=C:\Users\vinay\AppData\Local\Temp
TEMP=C:\Users\vinay\AppData\Local\Temp




Periodic native trim disabled

---------------  S Y S T E M  ---------------

OS:
 Windows 11 , 64 bit Build 26100 (10.0.26100.7920)
OS uptime: 6 days 0:28 hours
Hyper-V role detected

CPU: total 16 (initial active 16) (16 cores per cpu, 2 threads per core) family 25 model 68 stepping 1 microcode 0xa404107, cx8, cmov, fxsr, ht, mmx, 3dnowpref, sse, sse2, sse3, ssse3, sse4a, sse4.1, sse4.2, popcnt, lzcnt, tsc, tscinvbit, avx, avx2, aes, erms, clmul, bmi1, bmi2, adx, sha, fma, vzeroupper, clflush, clflushopt, hv, rdtscp, rdpid, fsrm, f16c, cet_ss
Processor Information for processor 0
  Max Mhz: 3201, Current Mhz: 2508, Mhz Limit: 3201
Processor Information for processor 1
  Max Mhz: 3201, Current Mhz: 2508, Mhz Limit: 3201
Processor Information for processor 2
  Max Mhz: 3201, Current Mhz: 3201, Mhz Limit: 3201
Processor Information for processor 3
  Max Mhz: 3201, Current Mhz: 2508, Mhz Limit: 3201
Processor Information for processor 4
  Max Mhz: 3201, Current Mhz: 2508, Mhz Limit: 3201
Processor Information for processor 5
  Max Mhz: 3201, Current Mhz: 2508, Mhz Limit: 3201
Processor Information for processor 6
  Max Mhz: 3201, Current Mhz: 3201, Mhz Limit: 3201
Processor Information for processor 7
  Max Mhz: 3201, Current Mhz: 2508, Mhz Limit: 3201
Processor Information for processor 8
  Max Mhz: 3201, Current Mhz: 2508, Mhz Limit: 3201
Processor Information for processor 9
  Max Mhz: 3201, Current Mhz: 3201, Mhz Limit: 3201
Processor Information for processor 10
  Max Mhz: 3201, Current Mhz: 2508, Mhz Limit: 3201
Processor Information for processor 11
  Max Mhz: 3201, Current Mhz: 2508, Mhz Limit: 3201
Processor Information for processor 12
  Max Mhz: 3201, Current Mhz: 2508, Mhz Limit: 3201
Processor Information for processor 13
  Max Mhz: 3201, Current Mhz: 2508, Mhz Limit: 3201
Processor Information for processor 14
  Max Mhz: 3201, Current Mhz: 3201, Mhz Limit: 3201
Processor Information for processor 15
  Max Mhz: 3201, Current Mhz: 2508, Mhz Limit: 3201

Memory: 4k page, system-wide physical 7365M (418M free)
TotalPageFile size 29893M (AvailPageFile size 10M)
current process WorkingSet (physical memory assigned to process): 296M, peak: 299M
current process commit charge ("private bytes"): 360M, peak: 365M

vm_info: Java HotSpot(TM) 64-Bit Server VM (21.0.3+7-LTS-152) for windows-amd64 JRE (21.0.3+7-LTS-152), built on 2024-03-11T17:42:26Z by "mach5one" with MS VC++ 17.6 (VS2022)

END.
