#
# There is insufficient memory for the Java Runtime Environment to continue.
# Native memory allocation (malloc) failed to allocate 965616 bytes for Chunk::new
# Possible reasons:
#   The system is out of physical RAM or swap space
#   The process is running with CompressedOops enabled, and the Java Heap may be blocking the growth of the native heap
# Possible solutions:
#   Reduce memory load on the system
#   Increase physical memory or swap space
#   Check if swap backing store is full
#   Decrease Java heap size (-Xmx/-Xms)
#   Decrease number of Java threads
#   Decrease Java thread stack sizes (-Xss)
#   Set larger code cache with -XX:ReservedCodeCacheSize=
#   JVM is running with Unscaled Compressed Oops mode in which the Java heap is
#     placed in the first 4GB address space. The Java Heap base address is the
#     maximum limit for the native heap growth. Please use -XX:HeapBaseMinAddress
#     to set the Java Heap base and to place the Java Heap above 4GB virtual address.
# This output file may be truncated or incomplete.
#
#  Out of Memory Error (arena.cpp:168), pid=37632, tid=25556
#
# JRE version: Java(TM) SE Runtime Environment (21.0.3+7) (build 21.0.3+7-LTS-152)
# Java VM: Java HotSpot(TM) 64-Bit Server VM (21.0.3+7-LTS-152, mixed mode, sharing, tiered, compressed oops, compressed class ptrs, g1 gc, windows-amd64)
# No core dump will be written. Minidumps are not enabled by default on client versions of Windows
#

---------------  S U M M A R Y ------------

Command Line: -Dclassworlds.conf=C:\Users\vinay\Downloads\apache-maven-3.9.9-bin\apache-maven-3.9.9\bin\m2.conf -Dmaven.home=C:\Users\vinay\Downloads\apache-maven-3.9.9-bin\apache-maven-3.9.9 -Dlibrary.jansi.path=C:\Users\vinay\Downloads\apache-maven-3.9.9-bin\apache-maven-3.9.9\lib\jansi-native -Dmaven.multiModuleProjectDirectory=C:\FoodieHub org.codehaus.plexus.classworlds.launcher.Launcher clean compile -DskipTests

Host: AMD Ryzen 7 6800H with Radeon Graphics         , 16 cores, 7G,  Windows 11 , 64 bit Build 26100 (10.0.26100.7920)
Time: Sun Mar 22 22:33:41 2026 India Standard Time elapsed time: 11.232528 seconds (0d 0h 0m 11s)

---------------  T H R E A D  ---------------

Current thread (0x00000267733397b0):  JavaThread "C2 CompilerThread1" daemon [_thread_in_native, id=25556, stack(0x000000c1d3f00000,0x000000c1d4000000) (1024K)]


Current CompileTask:
C2:  11232 4700   !   4       org.codehaus.plexus.interpolation.reflection.ReflectionValueExtractor::getPropertyValue (114 bytes)

Stack: [0x000000c1d3f00000,0x000000c1d4000000]
Native frames: (J=compiled Java code, j=interpreted, Vv=VM code, C=native code)
V  [jvm.dll+0x6c63b9]
V  [jvm.dll+0x84fa11]
V  [jvm.dll+0x851f3e]
V  [jvm.dll+0x852613]
V  [jvm.dll+0x27cd46]
V  [jvm.dll+0xc4aad]
V  [jvm.dll+0xc4fe3]
V  [jvm.dll+0x3b1d22]
V  [jvm.dll+0x37e485]
V  [jvm.dll+0x37d8fa]
V  [jvm.dll+0x245b40]
V  [jvm.dll+0x24511f]
V  [jvm.dll+0x1c689e]
V  [jvm.dll+0x254609]
V  [jvm.dll+0x252b9a]
V  [jvm.dll+0x3eb056]
V  [jvm.dll+0x7f9ffb]
V  [jvm.dll+0x6c4a9d]
C  [ucrtbase.dll+0x37b0]
C  [KERNEL32.DLL+0x2e8d7]
C  [ntdll.dll+0x8c48c]


---------------  P R O C E S S  ---------------

Threads class SMR info:
_java_thread_list=0x0000026772aacf80, length=17, elements={
0x000002674e121590, 0x000002676d503060, 0x000002676d508af0, 0x000002676d50bfe0,
0x000002676d50ca40, 0x000002676d50d4a0, 0x000002676d50ff10, 0x000002676d510ca0,
0x000002676d5301b0, 0x000002676d736440, 0x000002676d7baab0, 0x000002676d7bd2f0,
0x00000267721b7080, 0x00000267721c1b00, 0x0000026772e917a0, 0x00000267733397b0,
0x00000267730723d0
}

Java Threads: ( => current thread )
  0x000002674e121590 JavaThread "main"                              [_thread_in_native, id=31244, stack(0x000000c1d2a00000,0x000000c1d2b00000) (1024K)]
  0x000002676d503060 JavaThread "Reference Handler"          daemon [_thread_blocked, id=28820, stack(0x000000c1d3200000,0x000000c1d3300000) (1024K)]
  0x000002676d508af0 JavaThread "Finalizer"                  daemon [_thread_blocked, id=40580, stack(0x000000c1d3300000,0x000000c1d3400000) (1024K)]
  0x000002676d50bfe0 JavaThread "Signal Dispatcher"          daemon [_thread_blocked, id=14688, stack(0x000000c1d3400000,0x000000c1d3500000) (1024K)]
  0x000002676d50ca40 JavaThread "Attach Listener"            daemon [_thread_blocked, id=24540, stack(0x000000c1d3500000,0x000000c1d3600000) (1024K)]
  0x000002676d50d4a0 JavaThread "Service Thread"             daemon [_thread_blocked, id=29208, stack(0x000000c1d3600000,0x000000c1d3700000) (1024K)]
  0x000002676d50ff10 JavaThread "Monitor Deflation Thread"   daemon [_thread_blocked, id=21728, stack(0x000000c1d3700000,0x000000c1d3800000) (1024K)]
  0x000002676d510ca0 JavaThread "C2 CompilerThread0"         daemon [_thread_in_vm, id=9852, stack(0x000000c1d3800000,0x000000c1d3900000) (1024K)]
  0x000002676d5301b0 JavaThread "C1 CompilerThread0"         daemon [_thread_blocked, id=12112, stack(0x000000c1d3900000,0x000000c1d3a00000) (1024K)]
  0x000002676d736440 JavaThread "C1 CompilerThread1"         daemon [_thread_blocked, id=39812, stack(0x000000c1d3a00000,0x000000c1d3b00000) (1024K)]
  0x000002676d7baab0 JavaThread "Notification Thread"        daemon [_thread_blocked, id=40384, stack(0x000000c1d3b00000,0x000000c1d3c00000) (1024K)]
  0x000002676d7bd2f0 JavaThread "Common-Cleaner"             daemon [_thread_blocked, id=16480, stack(0x000000c1d3c00000,0x000000c1d3d00000) (1024K)]
  0x00000267721b7080 JavaThread "C1 CompilerThread2"         daemon [_thread_blocked, id=32856, stack(0x000000c1d3d00000,0x000000c1d3e00000) (1024K)]
  0x00000267721c1b00 JavaThread "C1 CompilerThread3"         daemon [_thread_blocked, id=13260, stack(0x000000c1d3e00000,0x000000c1d3f00000) (1024K)]
  0x0000026772e917a0 JavaThread "Thread-1"                   daemon [_thread_blocked, id=10764, stack(0x000000c1d4900000,0x000000c1d4a00000) (1024K)]
=>0x00000267733397b0 JavaThread "C2 CompilerThread1"         daemon [_thread_in_native, id=25556, stack(0x000000c1d3f00000,0x000000c1d4000000) (1024K)]
  0x00000267730723d0 JavaThread "C2 CompilerThread2"         daemon [_thread_in_native, id=27508, stack(0x000000c1d4d00000,0x000000c1d4e00000) (1024K)]
Total: 17

Other Threads:
  0x000002676d4e05d0 VMThread "VM Thread"                           [id=1560, stack(0x000000c1d3100000,0x000000c1d3200000) (1024K)]
  0x000002676d4cb150 WatcherThread "VM Periodic Task Thread"        [id=37532, stack(0x000000c1d3000000,0x000000c1d3100000) (1024K)]
  0x00000267504b8ac0 WorkerThread "GC Thread#0"                     [id=5028, stack(0x000000c1d2b00000,0x000000c1d2c00000) (1024K)]
  0x0000026772e94ba0 WorkerThread "GC Thread#1"                     [id=37376, stack(0x000000c1d4000000,0x000000c1d4100000) (1024K)]
  0x00000267729e67f0 WorkerThread "GC Thread#2"                     [id=29564, stack(0x000000c1d4100000,0x000000c1d4200000) (1024K)]
  0x0000026772f13a00 WorkerThread "GC Thread#3"                     [id=17584, stack(0x000000c1d4200000,0x000000c1d4300000) (1024K)]
  0x000002677276c0d0 WorkerThread "GC Thread#4"                     [id=14936, stack(0x000000c1d4300000,0x000000c1d4400000) (1024K)]
  0x000002677276c470 WorkerThread "GC Thread#5"                     [id=38408, stack(0x000000c1d4400000,0x000000c1d4500000) (1024K)]
  0x0000026772cccde0 WorkerThread "GC Thread#6"                     [id=3600, stack(0x000000c1d4500000,0x000000c1d4600000) (1024K)]
  0x0000026772ccc300 WorkerThread "GC Thread#7"                     [id=14652, stack(0x000000c1d4600000,0x000000c1d4700000) (1024K)]
  0x0000026772ccd180 WorkerThread "GC Thread#8"                     [id=15700, stack(0x000000c1d4700000,0x000000c1d4800000) (1024K)]
  0x0000026772ccdc60 WorkerThread "GC Thread#9"                     [id=40816, stack(0x000000c1d4800000,0x000000c1d4900000) (1024K)]
  0x0000026772f16f20 WorkerThread "GC Thread#10"                    [id=22420, stack(0x000000c1d4a00000,0x000000c1d4b00000) (1024K)]
  0x0000026772f15960 WorkerThread "GC Thread#11"                    [id=12976, stack(0x000000c1d4b00000,0x000000c1d4c00000) (1024K)]
  0x0000026772f15220 WorkerThread "GC Thread#12"                    [id=4844, stack(0x000000c1d4c00000,0x000000c1d4d00000) (1024K)]
  0x00000267504c80e0 ConcurrentGCThread "G1 Main Marker"            [id=15580, stack(0x000000c1d2c00000,0x000000c1d2d00000) (1024K)]
  0x00000267504c9a60 WorkerThread "G1 Conc#0"                       [id=29244, stack(0x000000c1d2d00000,0x000000c1d2e00000) (1024K)]
  0x000002676d39d550 ConcurrentGCThread "G1 Refine#0"               [id=3416, stack(0x000000c1d2e00000,0x000000c1d2f00000) (1024K)]
  0x000002676d39df60 ConcurrentGCThread "G1 Service"                [id=38996, stack(0x000000c1d2f00000,0x000000c1d3000000) (1024K)]
Total: 19

Threads with active compile tasks:
C2 CompilerThread0    11314 4900       4       java.util.stream.Collectors$$Lambda/0x000002670105a2f0::accept (17 bytes)
C1 CompilerThread3    11314 4933       3       org.apache.maven.model.io.xpp3.MavenXpp3Reader::parseContributor (482 bytes)
C2 CompilerThread1    11314 4700   !   4       org.codehaus.plexus.interpolation.reflection.ReflectionValueExtractor::getPropertyValue (114 bytes)
C2 CompilerThread2    11314 4807       4       org.codehaus.plexus.interpolation.util.StringUtils::capitalizeFirstLetter (52 bytes)
Total: 4

VM state: at safepoint (normal execution)

VM Mutex/Monitor currently owned by a thread:  ([mutex/lock_event])
[0x00007ff96bf02da8] Threads_lock - owner thread: 0x000002676d4e05d0
[0x00007ff96bf02ea8] Heap_lock - owner thread: 0x000002674e121590

Heap address: 0x000000008ce00000, size: 1842 MB, Compressed Oops mode: 32-bit

CDS archive(s) mapped at: [0x0000026700000000-0x0000026700c90000-0x0000026700c90000), size 13172736, SharedBaseAddress: 0x0000026700000000, ArchiveRelocationMode: 1.
Compressed class space mapped at: 0x0000026701000000-0x0000026741000000, reserved size: 1073741824
Narrow klass base: 0x0000026700000000, Narrow klass shift: 0, Narrow klass range: 0x100000000

GC Precious Log:
 CardTable entry size: 512
 Card Set container configuration: InlinePtr #cards 5 size 8 Array Of Cards #cards 12 size 40 Howl #buckets 4 coarsen threshold 1843 Howl Bitmap #cards 512 size 80 coarsen threshold 460 Card regions per heap region 1 cards per card region 2048
 CPUs: 16 total, 16 available
 Memory: 7365M
 Large Page Support: Disabled
 NUMA Support: Disabled
 Compressed Oops: Enabled (32-bit)
 Heap Region Size: 1M
 Heap Min Capacity: 8M
 Heap Initial Capacity: 116M
 Heap Max Capacity: 1842M
 Pre-touch: Disabled
 Parallel Workers: 13
 Concurrent Workers: 3
 Concurrent Refinement Workers: 13
 Periodic GC: Disabled

Heap:
 garbage-first heap   total 118784K, used 17920K [0x000000008ce00000, 0x0000000100000000)
  region size 1024K, 3 young (3072K), 1 survivors (1024K)
 Metaspace       used 16871K, committed 17152K, reserved 1114112K
  class space    used 1888K, committed 1984K, reserved 1048576K

Heap Regions: E=young(eden), S=young(survivor), O=old, HS=humongous(starts), HC=humongous(continues), CS=collection set, F=free, TAMS=top-at-mark-start, PB=parsable bottom
|   0|0x000000008ce00000, 0x000000008cf00000, 0x000000008cf00000|100%| O|  |TAMS 0x000000008ce00000| PB 0x000000008ce00000| Untracked 
|   1|0x000000008cf00000, 0x000000008d000000, 0x000000008d000000|100%| O|  |TAMS 0x000000008cf00000| PB 0x000000008cf00000| Untracked 
|   2|0x000000008d000000, 0x000000008d100000, 0x000000008d100000|100%| O|  |TAMS 0x000000008d000000| PB 0x000000008d000000| Untracked 
|   3|0x000000008d100000, 0x000000008d200000, 0x000000008d200000|100%| O|  |TAMS 0x000000008d100000| PB 0x000000008d100000| Untracked 
|   4|0x000000008d200000, 0x000000008d300000, 0x000000008d300000|100%| O|  |TAMS 0x000000008d200000| PB 0x000000008d200000| Untracked 
|   5|0x000000008d300000, 0x000000008d400000, 0x000000008d400000|100%| O|  |TAMS 0x000000008d300000| PB 0x000000008d300000| Untracked 
|   6|0x000000008d400000, 0x000000008d500000, 0x000000008d500000|100%| O|  |TAMS 0x000000008d400000| PB 0x000000008d400000| Untracked 
|   7|0x000000008d500000, 0x000000008d600000, 0x000000008d600000|100%| O|  |TAMS 0x000000008d500000| PB 0x000000008d500000| Untracked 
|   8|0x000000008d600000, 0x000000008d700000, 0x000000008d700000|100%| O|  |TAMS 0x000000008d600000| PB 0x000000008d600000| Untracked 
|   9|0x000000008d700000, 0x000000008d800000, 0x000000008d800000|100%| O|  |TAMS 0x000000008d700000| PB 0x000000008d700000| Untracked 
|  10|0x000000008d800000, 0x000000008d900000, 0x000000008d900000|100%| O|  |TAMS 0x000000008d800000| PB 0x000000008d800000| Untracked 
|  11|0x000000008d900000, 0x000000008da00000, 0x000000008da00000|100%| O|  |TAMS 0x000000008d900000| PB 0x000000008d900000| Untracked 
|  12|0x000000008da00000, 0x000000008db00000, 0x000000008db00000|100%| O|  |TAMS 0x000000008da00000| PB 0x000000008da00000| Untracked 
|  13|0x000000008db00000, 0x000000008dc00000, 0x000000008dc00000|100%| O|  |TAMS 0x000000008db00000| PB 0x000000008db00000| Untracked 
|  14|0x000000008dc00000, 0x000000008dc80000, 0x000000008dd00000| 50%| O|  |TAMS 0x000000008dc00000| PB 0x000000008dc00000| Untracked 
|  15|0x000000008dd00000, 0x000000008dd00000, 0x000000008de00000|  0%| F|  |TAMS 0x000000008dd00000| PB 0x000000008dd00000| Untracked 
|  16|0x000000008de00000, 0x000000008de00000, 0x000000008df00000|  0%| F|  |TAMS 0x000000008de00000| PB 0x000000008de00000| Untracked 
|  17|0x000000008df00000, 0x000000008df00000, 0x000000008e000000|  0%| F|  |TAMS 0x000000008df00000| PB 0x000000008df00000| Untracked 
|  18|0x000000008e000000, 0x000000008e000000, 0x000000008e100000|  0%| F|  |TAMS 0x000000008e000000| PB 0x000000008e000000| Untracked 
|  19|0x000000008e100000, 0x000000008e100000, 0x000000008e200000|  0%| F|  |TAMS 0x000000008e100000| PB 0x000000008e100000| Untracked 
|  20|0x000000008e200000, 0x000000008e200000, 0x000000008e300000|  0%| F|  |TAMS 0x000000008e200000| PB 0x000000008e200000| Untracked 
|  21|0x000000008e300000, 0x000000008e300000, 0x000000008e400000|  0%| F|  |TAMS 0x000000008e300000| PB 0x000000008e300000| Untracked 
|  22|0x000000008e400000, 0x000000008e400000, 0x000000008e500000|  0%| F|  |TAMS 0x000000008e400000| PB 0x000000008e400000| Untracked 
|  23|0x000000008e500000, 0x000000008e500000, 0x000000008e600000|  0%| F|  |TAMS 0x000000008e500000| PB 0x000000008e500000| Untracked 
|  24|0x000000008e600000, 0x000000008e600000, 0x000000008e700000|  0%| F|  |TAMS 0x000000008e600000| PB 0x000000008e600000| Untracked 
|  25|0x000000008e700000, 0x000000008e700000, 0x000000008e800000|  0%| F|  |TAMS 0x000000008e700000| PB 0x000000008e700000| Untracked 
|  26|0x000000008e800000, 0x000000008e800000, 0x000000008e900000|  0%| F|  |TAMS 0x000000008e800000| PB 0x000000008e800000| Untracked 
|  27|0x000000008e900000, 0x000000008e900000, 0x000000008ea00000|  0%| F|  |TAMS 0x000000008e900000| PB 0x000000008e900000| Untracked 
|  28|0x000000008ea00000, 0x000000008ea00000, 0x000000008eb00000|  0%| F|  |TAMS 0x000000008ea00000| PB 0x000000008ea00000| Untracked 
|  29|0x000000008eb00000, 0x000000008eb00000, 0x000000008ec00000|  0%| F|  |TAMS 0x000000008eb00000| PB 0x000000008eb00000| Untracked 
|  30|0x000000008ec00000, 0x000000008ec00000, 0x000000008ed00000|  0%| F|  |TAMS 0x000000008ec00000| PB 0x000000008ec00000| Untracked 
|  31|0x000000008ed00000, 0x000000008ed00000, 0x000000008ee00000|  0%| F|  |TAMS 0x000000008ed00000| PB 0x000000008ed00000| Untracked 
|  32|0x000000008ee00000, 0x000000008ee00000, 0x000000008ef00000|  0%| F|  |TAMS 0x000000008ee00000| PB 0x000000008ee00000| Untracked 
|  33|0x000000008ef00000, 0x000000008ef00000, 0x000000008f000000|  0%| F|  |TAMS 0x000000008ef00000| PB 0x000000008ef00000| Untracked 
|  34|0x000000008f000000, 0x000000008f000000, 0x000000008f100000|  0%| F|  |TAMS 0x000000008f000000| PB 0x000000008f000000| Untracked 
|  35|0x000000008f100000, 0x000000008f100000, 0x000000008f200000|  0%| F|  |TAMS 0x000000008f100000| PB 0x000000008f100000| Untracked 
|  36|0x000000008f200000, 0x000000008f200000, 0x000000008f300000|  0%| F|  |TAMS 0x000000008f200000| PB 0x000000008f200000| Untracked 
|  37|0x000000008f300000, 0x000000008f300000, 0x000000008f400000|  0%| F|  |TAMS 0x000000008f300000| PB 0x000000008f300000| Untracked 
|  38|0x000000008f400000, 0x000000008f400000, 0x000000008f500000|  0%| F|  |TAMS 0x000000008f400000| PB 0x000000008f400000| Untracked 
|  39|0x000000008f500000, 0x000000008f500000, 0x000000008f600000|  0%| F|  |TAMS 0x000000008f500000| PB 0x000000008f500000| Untracked 
|  40|0x000000008f600000, 0x000000008f600000, 0x000000008f700000|  0%| F|  |TAMS 0x000000008f600000| PB 0x000000008f600000| Untracked 
|  41|0x000000008f700000, 0x000000008f700000, 0x000000008f800000|  0%| F|  |TAMS 0x000000008f700000| PB 0x000000008f700000| Untracked 
|  42|0x000000008f800000, 0x000000008f800000, 0x000000008f900000|  0%| F|  |TAMS 0x000000008f800000| PB 0x000000008f800000| Untracked 
|  43|0x000000008f900000, 0x000000008f900000, 0x000000008fa00000|  0%| F|  |TAMS 0x000000008f900000| PB 0x000000008f900000| Untracked 
|  44|0x000000008fa00000, 0x000000008fa00000, 0x000000008fb00000|  0%| F|  |TAMS 0x000000008fa00000| PB 0x000000008fa00000| Untracked 
|  45|0x000000008fb00000, 0x000000008fb00000, 0x000000008fc00000|  0%| F|  |TAMS 0x000000008fb00000| PB 0x000000008fb00000| Untracked 
|  46|0x000000008fc00000, 0x000000008fc00000, 0x000000008fd00000|  0%| F|  |TAMS 0x000000008fc00000| PB 0x000000008fc00000| Untracked 
|  47|0x000000008fd00000, 0x000000008fd00000, 0x000000008fe00000|  0%| F|  |TAMS 0x000000008fd00000| PB 0x000000008fd00000| Untracked 
|  48|0x000000008fe00000, 0x000000008fe00000, 0x000000008ff00000|  0%| F|  |TAMS 0x000000008fe00000| PB 0x000000008fe00000| Untracked 
|  49|0x000000008ff00000, 0x000000008ff00000, 0x0000000090000000|  0%| F|  |TAMS 0x000000008ff00000| PB 0x000000008ff00000| Untracked 
|  50|0x0000000090000000, 0x0000000090000000, 0x0000000090100000|  0%| F|  |TAMS 0x0000000090000000| PB 0x0000000090000000| Untracked 
|  51|0x0000000090100000, 0x0000000090100000, 0x0000000090200000|  0%| F|  |TAMS 0x0000000090100000| PB 0x0000000090100000| Untracked 
|  52|0x0000000090200000, 0x0000000090200000, 0x0000000090300000|  0%| F|  |TAMS 0x0000000090200000| PB 0x0000000090200000| Untracked 
|  53|0x0000000090300000, 0x0000000090300000, 0x0000000090400000|  0%| F|  |TAMS 0x0000000090300000| PB 0x0000000090300000| Untracked 
|  54|0x0000000090400000, 0x0000000090400000, 0x0000000090500000|  0%| F|  |TAMS 0x0000000090400000| PB 0x0000000090400000| Untracked 
|  55|0x0000000090500000, 0x0000000090500000, 0x0000000090600000|  0%| F|  |TAMS 0x0000000090500000| PB 0x0000000090500000| Untracked 
|  56|0x0000000090600000, 0x0000000090600000, 0x0000000090700000|  0%| F|  |TAMS 0x0000000090600000| PB 0x0000000090600000| Untracked 
|  57|0x0000000090700000, 0x0000000090700000, 0x0000000090800000|  0%| F|  |TAMS 0x0000000090700000| PB 0x0000000090700000| Untracked 
|  58|0x0000000090800000, 0x0000000090800000, 0x0000000090900000|  0%| F|  |TAMS 0x0000000090800000| PB 0x0000000090800000| Untracked 
|  59|0x0000000090900000, 0x0000000090900000, 0x0000000090a00000|  0%| F|  |TAMS 0x0000000090900000| PB 0x0000000090900000| Untracked 
|  60|0x0000000090a00000, 0x0000000090a00000, 0x0000000090b00000|  0%| F|  |TAMS 0x0000000090a00000| PB 0x0000000090a00000| Untracked 
|  61|0x0000000090b00000, 0x0000000090b00000, 0x0000000090c00000|  0%| F|  |TAMS 0x0000000090b00000| PB 0x0000000090b00000| Untracked 
|  62|0x0000000090c00000, 0x0000000090c00000, 0x0000000090d00000|  0%| F|  |TAMS 0x0000000090c00000| PB 0x0000000090c00000| Untracked 
|  63|0x0000000090d00000, 0x0000000090d00000, 0x0000000090e00000|  0%| F|  |TAMS 0x0000000090d00000| PB 0x0000000090d00000| Untracked 
|  64|0x0000000090e00000, 0x0000000090e00000, 0x0000000090f00000|  0%| F|  |TAMS 0x0000000090e00000| PB 0x0000000090e00000| Untracked 
|  65|0x0000000090f00000, 0x0000000090f00000, 0x0000000091000000|  0%| F|  |TAMS 0x0000000090f00000| PB 0x0000000090f00000| Untracked 
|  66|0x0000000091000000, 0x0000000091000000, 0x0000000091100000|  0%| F|  |TAMS 0x0000000091000000| PB 0x0000000091000000| Untracked 
|  67|0x0000000091100000, 0x0000000091100000, 0x0000000091200000|  0%| F|  |TAMS 0x0000000091100000| PB 0x0000000091100000| Untracked 
|  68|0x0000000091200000, 0x0000000091200000, 0x0000000091300000|  0%| F|  |TAMS 0x0000000091200000| PB 0x0000000091200000| Untracked 
|  69|0x0000000091300000, 0x0000000091300000, 0x0000000091400000|  0%| F|  |TAMS 0x0000000091300000| PB 0x0000000091300000| Untracked 
|  70|0x0000000091400000, 0x0000000091400000, 0x0000000091500000|  0%| F|  |TAMS 0x0000000091400000| PB 0x0000000091400000| Untracked 
|  71|0x0000000091500000, 0x0000000091500000, 0x0000000091600000|  0%| F|  |TAMS 0x0000000091500000| PB 0x0000000091500000| Untracked 
|  72|0x0000000091600000, 0x0000000091600000, 0x0000000091700000|  0%| F|  |TAMS 0x0000000091600000| PB 0x0000000091600000| Untracked 
|  73|0x0000000091700000, 0x0000000091700000, 0x0000000091800000|  0%| F|  |TAMS 0x0000000091700000| PB 0x0000000091700000| Untracked 
|  74|0x0000000091800000, 0x0000000091800000, 0x0000000091900000|  0%| F|  |TAMS 0x0000000091800000| PB 0x0000000091800000| Untracked 
|  75|0x0000000091900000, 0x0000000091900000, 0x0000000091a00000|  0%| F|  |TAMS 0x0000000091900000| PB 0x0000000091900000| Untracked 
|  76|0x0000000091a00000, 0x0000000091a00000, 0x0000000091b00000|  0%| F|  |TAMS 0x0000000091a00000| PB 0x0000000091a00000| Untracked 
|  77|0x0000000091b00000, 0x0000000091b00000, 0x0000000091c00000|  0%| F|  |TAMS 0x0000000091b00000| PB 0x0000000091b00000| Untracked 
|  78|0x0000000091c00000, 0x0000000091c00000, 0x0000000091d00000|  0%| F|  |TAMS 0x0000000091c00000| PB 0x0000000091c00000| Untracked 
|  79|0x0000000091d00000, 0x0000000091d00000, 0x0000000091e00000|  0%| F|  |TAMS 0x0000000091d00000| PB 0x0000000091d00000| Untracked 
|  80|0x0000000091e00000, 0x0000000091e00000, 0x0000000091f00000|  0%| F|  |TAMS 0x0000000091e00000| PB 0x0000000091e00000| Untracked 
|  81|0x0000000091f00000, 0x0000000091f00000, 0x0000000092000000|  0%| F|  |TAMS 0x0000000091f00000| PB 0x0000000091f00000| Untracked 
|  82|0x0000000092000000, 0x0000000092000000, 0x0000000092100000|  0%| F|  |TAMS 0x0000000092000000| PB 0x0000000092000000| Untracked 
|  83|0x0000000092100000, 0x0000000092100000, 0x0000000092200000|  0%| F|  |TAMS 0x0000000092100000| PB 0x0000000092100000| Untracked 
|  84|0x0000000092200000, 0x0000000092200000, 0x0000000092300000|  0%| F|  |TAMS 0x0000000092200000| PB 0x0000000092200000| Untracked 
|  85|0x0000000092300000, 0x0000000092300000, 0x0000000092400000|  0%| F|  |TAMS 0x0000000092300000| PB 0x0000000092300000| Untracked 
|  86|0x0000000092400000, 0x0000000092400000, 0x0000000092500000|  0%| F|  |TAMS 0x0000000092400000| PB 0x0000000092400000| Untracked 
|  87|0x0000000092500000, 0x0000000092500000, 0x0000000092600000|  0%| F|  |TAMS 0x0000000092500000| PB 0x0000000092500000| Untracked 
|  88|0x0000000092600000, 0x0000000092600000, 0x0000000092700000|  0%| F|  |TAMS 0x0000000092600000| PB 0x0000000092600000| Untracked 
|  89|0x0000000092700000, 0x0000000092700000, 0x0000000092800000|  0%| F|  |TAMS 0x0000000092700000| PB 0x0000000092700000| Untracked 
|  90|0x0000000092800000, 0x0000000092800000, 0x0000000092900000|  0%| F|  |TAMS 0x0000000092800000| PB 0x0000000092800000| Untracked 
|  91|0x0000000092900000, 0x0000000092900000, 0x0000000092a00000|  0%| F|  |TAMS 0x0000000092900000| PB 0x0000000092900000| Untracked 
|  92|0x0000000092a00000, 0x0000000092a00000, 0x0000000092b00000|  0%| F|  |TAMS 0x0000000092a00000| PB 0x0000000092a00000| Untracked 
|  93|0x0000000092b00000, 0x0000000092b00000, 0x0000000092c00000|  0%| F|  |TAMS 0x0000000092b00000| PB 0x0000000092b00000| Untracked 
|  94|0x0000000092c00000, 0x0000000092c00000, 0x0000000092d00000|  0%| F|  |TAMS 0x0000000092c00000| PB 0x0000000092c00000| Untracked 
|  95|0x0000000092d00000, 0x0000000092d00000, 0x0000000092e00000|  0%| F|  |TAMS 0x0000000092d00000| PB 0x0000000092d00000| Untracked 
|  96|0x0000000092e00000, 0x0000000092e00000, 0x0000000092f00000|  0%| F|  |TAMS 0x0000000092e00000| PB 0x0000000092e00000| Untracked 
|  97|0x0000000092f00000, 0x0000000092f00000, 0x0000000093000000|  0%| F|  |TAMS 0x0000000092f00000| PB 0x0000000092f00000| Untracked 
|  98|0x0000000093000000, 0x0000000093000000, 0x0000000093100000|  0%| F|  |TAMS 0x0000000093000000| PB 0x0000000093000000| Untracked 
|  99|0x0000000093100000, 0x0000000093100000, 0x0000000093200000|  0%| F|  |TAMS 0x0000000093100000| PB 0x0000000093100000| Untracked 
| 100|0x0000000093200000, 0x0000000093200000, 0x0000000093300000|  0%| F|  |TAMS 0x0000000093200000| PB 0x0000000093200000| Untracked 
| 101|0x0000000093300000, 0x0000000093300000, 0x0000000093400000|  0%| F|  |TAMS 0x0000000093300000| PB 0x0000000093300000| Untracked 
| 102|0x0000000093400000, 0x0000000093400000, 0x0000000093500000|  0%| F|  |TAMS 0x0000000093400000| PB 0x0000000093400000| Untracked 
| 103|0x0000000093500000, 0x0000000093500000, 0x0000000093600000|  0%| F|  |TAMS 0x0000000093500000| PB 0x0000000093500000| Untracked 
| 104|0x0000000093600000, 0x0000000093600000, 0x0000000093700000|  0%| F|  |TAMS 0x0000000093600000| PB 0x0000000093600000| Untracked 
| 105|0x0000000093700000, 0x0000000093700000, 0x0000000093800000|  0%| F|  |TAMS 0x0000000093700000| PB 0x0000000093700000| Untracked 
| 106|0x0000000093800000, 0x0000000093800000, 0x0000000093900000|  0%| F|  |TAMS 0x0000000093800000| PB 0x0000000093800000| Untracked 
| 107|0x0000000093900000, 0x0000000093900000, 0x0000000093a00000|  0%| F|  |TAMS 0x0000000093900000| PB 0x0000000093900000| Untracked 
| 108|0x0000000093a00000, 0x0000000093a00000, 0x0000000093b00000|  0%| F|  |TAMS 0x0000000093a00000| PB 0x0000000093a00000| Untracked 
| 109|0x0000000093b00000, 0x0000000093b00000, 0x0000000093c00000|  0%| F|  |TAMS 0x0000000093b00000| PB 0x0000000093b00000| Untracked 
| 110|0x0000000093c00000, 0x0000000093c00000, 0x0000000093d00000|  0%| F|  |TAMS 0x0000000093c00000| PB 0x0000000093c00000| Untracked 
| 111|0x0000000093d00000, 0x0000000093d00000, 0x0000000093e00000|  0%| F|  |TAMS 0x0000000093d00000| PB 0x0000000093d00000| Untracked 
| 112|0x0000000093e00000, 0x0000000093e00000, 0x0000000093f00000|  0%| F|  |TAMS 0x0000000093e00000| PB 0x0000000093e00000| Untracked 
| 113|0x0000000093f00000, 0x0000000093fae870, 0x0000000094000000| 68%| S|CS|TAMS 0x0000000093f00000| PB 0x0000000093f00000| Complete 
| 114|0x0000000094000000, 0x0000000094000000, 0x0000000094100000|  0%| F|  |TAMS 0x0000000094000000| PB 0x0000000094000000| Untracked 
| 115|0x0000000094100000, 0x0000000094126188, 0x0000000094200000| 14%| E|  |TAMS 0x0000000094100000| PB 0x0000000094100000| Complete 

Card table byte_map: [0x0000026768510000,0x00000267688b0000] _byte_map_base: 0x00000267680a9000

Marking Bits: (CMBitMap*) 0x00000267504b91c0
 Bits: [0x00000267688b0000, 0x000002676a578000)

Polling page: 0x000002674e3d0000

Metaspace:

Usage:
  Non-class:     14.63 MB used.
      Class:      1.84 MB used.
       Both:     16.48 MB used.

Virtual space:
  Non-class space:       64.00 MB reserved,      14.81 MB ( 23%) committed,  1 nodes.
      Class space:        1.00 GB reserved,       1.94 MB ( <1%) committed,  1 nodes.
             Both:        1.06 GB reserved,      16.75 MB (  2%) committed. 

Chunk freelists:
   Non-Class:  1.09 MB
       Class:  13.89 MB
        Both:  14.98 MB

MaxMetaspaceSize: unlimited
CompressedClassSpaceSize: 1.00 GB
Initial GC threshold: 21.00 MB
Current GC threshold: 21.00 MB
CDS: on
 - commit_granule_bytes: 65536.
 - commit_granule_words: 8192.
 - virtual_space_node_default_size: 8388608.
 - enlarge_chunks_in_place: 1.
 - use_allocation_guard: 0.


Internal statistics:

num_allocs_failed_limit: 0.
num_arena_births: 180.
num_arena_deaths: 0.
num_vsnodes_births: 2.
num_vsnodes_deaths: 0.
num_space_committed: 268.
num_space_uncommitted: 0.
num_chunks_returned_to_freelist: 0.
num_chunks_taken_from_freelist: 745.
num_chunk_merges: 0.
num_chunk_splits: 518.
num_chunks_enlarged: 425.
num_inconsistent_stats: 0.

CodeHeap 'non-profiled nmethods': size=119168Kb used=2398Kb max_used=2398Kb free=116769Kb
 bounds [0x0000026760480000, 0x00000267606f0000, 0x00000267678e0000]
CodeHeap 'profiled nmethods': size=119104Kb used=10729Kb max_used=10729Kb free=108375Kb
 bounds [0x00000267588e0000, 0x0000026759360000, 0x000002675fd30000]
CodeHeap 'non-nmethods': size=7488Kb used=3087Kb max_used=3140Kb free=4400Kb
 bounds [0x000002675fd30000, 0x0000026760050000, 0x0000026760480000]
 total_blobs=5422 nmethods=4927 adapters=396
 compilation: enabled
              stopped_count=0, restarted_count=0
 full_count=0

Compilation events (20 events):
Event: 7.169 Thread 0x00000267721b7080 nmethod 4908 0x000002675933b810 code [0x000002675933b9e0, 0x000002675933bc60]
Event: 7.170 Thread 0x000002676d736440 nmethod 4907 0x000002675933bd90 code [0x000002675933bfa0, 0x000002675933c768]
Event: 7.188 Thread 0x000002676d736440 4909       3       org.apache.maven.repository.internal.DefaultModelResolver::addRepository (77 bytes)
Event: 7.188 Thread 0x00000267721c1b00 4910       3       org.eclipse.aether.graph.DefaultDependencyNode::<init> (72 bytes)
Event: 7.188 Thread 0x00000267721b7080 4911       3       org.eclipse.aether.internal.impl.collect.PremanagedDependency::applyTo (66 bytes)
Event: 7.188 Thread 0x000002676d5301b0 4912       3       org.eclipse.aether.internal.impl.collect.CollectStepDataImpl::<init> (38 bytes)
Event: 7.189 Thread 0x00000267721b7080 nmethod 4911 0x000002675933c990 code [0x000002675933cb80, 0x000002675933ce88]
Event: 7.189 Thread 0x00000267721b7080 4913       3       org.eclipse.aether.util.graph.manager.ClassicDependencyManager::manageDependency (359 bytes)
Event: 7.189 Thread 0x00000267721c1b00 nmethod 4910 0x000002675933d010 code [0x000002675933d220, 0x000002675933d948]
Event: 7.189 Thread 0x000002676d736440 nmethod 4909 0x000002675933db10 code [0x000002675933dd60, 0x000002675933e628]
Event: 7.189 Thread 0x000002676d736440 4915       3       org.eclipse.aether.internal.impl.collect.DataPool$ConstraintKey::<init> (34 bytes)
Event: 7.189 Thread 0x00000267721c1b00 4914       3       org.eclipse.aether.internal.impl.collect.PremanagedDependency::<init> (88 bytes)
Event: 7.190 Thread 0x000002676d5301b0 nmethod 4912 0x000002675933e910 code [0x000002675933eb20, 0x000002675933f2a8]
Event: 7.190 Thread 0x000002676d736440 nmethod 4915 0x000002675933f510 code [0x000002675933f6e0, 0x000002675933fa40]
Event: 7.191 Thread 0x00000267721c1b00 nmethod 4914 0x000002675933fb90 code [0x000002675933fde0, 0x0000026759340a88]
Event: 7.193 Thread 0x00000267721b7080 nmethod 4913 0x0000026759340e10 code [0x0000026759341300, 0x0000026759343e20]
Event: 7.211 Thread 0x00000267721b7080 4917       3       java.io.File::getAbsoluteFile (38 bytes)
Event: 7.214 Thread 0x000002676d5301b0 4920       3       org.apache.maven.model.interpolation.StringVisitorModelInterpolator$ModelVisitor::visit (89 bytes)
Event: 7.214 Thread 0x00000267721c1b00 4918       3       org.apache.maven.model.interpolation.StringVisitorModelInterpolator$ModelVisitor::visit (156 bytes)
Event: 7.215 Thread 0x000002676d736440 4919       3       org.apache.maven.model.interpolation.StringVisitorModelInterpolator$ModelVisitor::visit (58 bytes)

GC Heap History (7 events):
Event: 1.194 GC heap before
{Heap before GC invocations=0 (full 0):
 garbage-first heap   total 118784K, used 22528K [0x000000008ce00000, 0x0000000100000000)
  region size 1024K, 23 young (23552K), 0 survivors (0K)
 Metaspace       used 5691K, committed 5888K, reserved 1114112K
  class space    used 663K, committed 768K, reserved 1048576K
}
Event: 1.205 GC heap after
{Heap after GC invocations=1 (full 0):
 garbage-first heap   total 118784K, used 3696K [0x000000008ce00000, 0x0000000100000000)
  region size 1024K, 3 young (3072K), 3 survivors (3072K)
 Metaspace       used 5691K, committed 5888K, reserved 1114112K
  class space    used 663K, committed 768K, reserved 1048576K
}
Event: 2.012 GC heap before
{Heap before GC invocations=1 (full 0):
 garbage-first heap   total 118784K, used 34416K [0x000000008ce00000, 0x0000000100000000)
  region size 1024K, 33 young (33792K), 3 survivors (3072K)
 Metaspace       used 9954K, committed 10176K, reserved 1114112K
  class space    used 1176K, committed 1280K, reserved 1048576K
}
Event: 2.023 GC heap after
{Heap after GC invocations=2 (full 0):
 garbage-first heap   total 118784K, used 5698K [0x000000008ce00000, 0x0000000100000000)
  region size 1024K, 2 young (2048K), 2 survivors (2048K)
 Metaspace       used 9954K, committed 10176K, reserved 1114112K
  class space    used 1176K, committed 1280K, reserved 1048576K
}
Event: 5.160 GC heap before
{Heap before GC invocations=2 (full 0):
 garbage-first heap   total 118784K, used 74306K [0x000000008ce00000, 0x0000000100000000)
  region size 1024K, 69 young (70656K), 2 survivors (2048K)
 Metaspace       used 16193K, committed 16448K, reserved 1114112K
  class space    used 1880K, committed 1984K, reserved 1048576K
}
Event: 5.192 GC heap after
{Heap after GC invocations=3 (full 0):
 garbage-first heap   total 118784K, used 13260K [0x000000008ce00000, 0x0000000100000000)
  region size 1024K, 9 young (9216K), 9 survivors (9216K)
 Metaspace       used 16193K, committed 16448K, reserved 1114112K
  class space    used 1880K, committed 1984K, reserved 1048576K
}
Event: 7.306 GC heap before
{Heap before GC invocations=3 (full 0):
 garbage-first heap   total 118784K, used 74700K [0x000000008ce00000, 0x0000000100000000)
  region size 1024K, 69 young (70656K), 9 survivors (9216K)
 Metaspace       used 16857K, committed 17152K, reserved 1114112K
  class space    used 1888K, committed 1984K, reserved 1048576K
}

Dll operation events (8 events):
Event: 0.016 Loaded shared library C:\Program Files\Java\jdk-21\bin\java.dll
Event: 0.090 Loaded shared library C:\Program Files\Java\jdk-21\bin\jsvml.dll
Event: 0.123 Loaded shared library C:\Program Files\Java\jdk-21\bin\net.dll
Event: 0.128 Loaded shared library C:\Program Files\Java\jdk-21\bin\nio.dll
Event: 0.135 Loaded shared library C:\Program Files\Java\jdk-21\bin\zip.dll
Event: 0.445 Loaded shared library C:\Program Files\Java\jdk-21\bin\jimage.dll
Event: 0.453 Loaded shared library C:\Users\vinay\Downloads\apache-maven-3.9.9-bin\apache-maven-3.9.9\lib\jansi-native\Windows\x86_64\jansi.dll
Event: 0.484 Loaded shared library C:\Program Files\Java\jdk-21\bin\verify.dll

Deoptimization events (20 events):
Event: 6.835 Thread 0x000002674e121590 DEOPT PACKING pc=0x00000267606b791c sp=0x000000c1d2afbb40
Event: 6.835 Thread 0x000002674e121590 DEOPT UNPACKING pc=0x000002675fd846a2 sp=0x000000c1d2afbac8 mode 2
Event: 6.835 Thread 0x000002674e121590 Uncommon trap: trap_request=0xffffffd6 fr.pc=0x00000267606b791c relative=0x000000000000045c
Event: 6.835 Thread 0x000002674e121590 Uncommon trap: reason=array_check action=maybe_recompile pc=0x00000267606b791c method=java.util.HashMap.keysToArray([Ljava/lang/Object;)[Ljava/lang/Object; @ 62 c2
Event: 6.835 Thread 0x000002674e121590 DEOPT PACKING pc=0x00000267606b791c sp=0x000000c1d2afbb40
Event: 6.835 Thread 0x000002674e121590 DEOPT UNPACKING pc=0x000002675fd846a2 sp=0x000000c1d2afbac8 mode 2
Event: 6.835 Thread 0x000002674e121590 Uncommon trap: trap_request=0xffffffd6 fr.pc=0x00000267606b791c relative=0x000000000000045c
Event: 6.835 Thread 0x000002674e121590 Uncommon trap: reason=array_check action=maybe_recompile pc=0x00000267606b791c method=java.util.HashMap.keysToArray([Ljava/lang/Object;)[Ljava/lang/Object; @ 62 c2
Event: 6.835 Thread 0x000002674e121590 DEOPT PACKING pc=0x00000267606b791c sp=0x000000c1d2afbb40
Event: 6.835 Thread 0x000002674e121590 DEOPT UNPACKING pc=0x000002675fd846a2 sp=0x000000c1d2afbac8 mode 2
Event: 6.835 Thread 0x000002674e121590 Uncommon trap: trap_request=0xffffffd6 fr.pc=0x00000267606b791c relative=0x000000000000045c
Event: 6.835 Thread 0x000002674e121590 Uncommon trap: reason=array_check action=maybe_recompile pc=0x00000267606b791c method=java.util.HashMap.keysToArray([Ljava/lang/Object;)[Ljava/lang/Object; @ 62 c2
Event: 6.835 Thread 0x000002674e121590 DEOPT PACKING pc=0x00000267606b791c sp=0x000000c1d2afbb40
Event: 6.835 Thread 0x000002674e121590 DEOPT UNPACKING pc=0x000002675fd846a2 sp=0x000000c1d2afbac8 mode 2
Event: 7.113 Thread 0x000002674e121590 DEOPT PACKING pc=0x00000267589932c1 sp=0x000000c1d2afbfa0
Event: 7.113 Thread 0x000002674e121590 DEOPT UNPACKING pc=0x000002675fd84e42 sp=0x000000c1d2afb4a0 mode 0
Event: 7.151 Thread 0x000002674e121590 Uncommon trap: trap_request=0xffffff76 fr.pc=0x0000026760506b4c relative=0x00000000000002ec
Event: 7.151 Thread 0x000002674e121590 Uncommon trap: reason=predicate action=maybe_recompile pc=0x0000026760506b4c method=java.nio.charset.CharsetDecoder.decode(Ljava/nio/ByteBuffer;Ljava/nio/CharBuffer;Z)Ljava/nio/charset/CoderResult; @ 54 c2
Event: 7.151 Thread 0x000002674e121590 DEOPT PACKING pc=0x0000026760506b4c sp=0x000000c1d2afc010
Event: 7.151 Thread 0x000002674e121590 DEOPT UNPACKING pc=0x000002675fd846a2 sp=0x000000c1d2afbfa0 mode 2

Classes loaded (20 events):
Event: 2.842 Loading class sun/util/resources/Bundles$2
Event: 2.842 Loading class sun/util/resources/Bundles$2 done
Event: 2.878 Loading class java/util/StringTokenizer
Event: 2.878 Loading class java/util/StringTokenizer done
Event: 2.977 Loading class java/util/stream/Streams$RangeIntSpliterator
Event: 2.977 Loading class java/util/stream/Streams$RangeIntSpliterator done
Event: 3.880 Loading class java/util/stream/MatchOps$MatchKind
Event: 3.881 Loading class java/util/stream/MatchOps$MatchKind done
Event: 3.881 Loading class java/util/stream/MatchOps
Event: 3.881 Loading class java/util/stream/MatchOps done
Event: 3.881 Loading class java/util/stream/MatchOps$MatchOp
Event: 3.882 Loading class java/util/stream/MatchOps$MatchOp done
Event: 3.882 Loading class java/util/stream/MatchOps$BooleanTerminalSink
Event: 3.882 Loading class java/util/stream/MatchOps$BooleanTerminalSink done
Event: 3.882 Loading class java/util/stream/MatchOps$1MatchSink
Event: 3.883 Loading class java/util/stream/MatchOps$1MatchSink done
Event: 6.722 Loading class java/util/Collections$UnmodifiableList$1
Event: 6.723 Loading class java/util/Collections$UnmodifiableList$1 done
Event: 7.150 Loading class sun/nio/cs/ISO_8859_1$Decoder
Event: 7.151 Loading class sun/nio/cs/ISO_8859_1$Decoder done

Classes unloaded (0 events):
No events

Classes redefined (0 events):
No events

Internal exceptions (20 events):
Event: 2.178 Thread 0x000002674e121590 Exception <a 'java/lang/NoSuchMethodError'{0x0000000093c35f70}: 'long java.lang.invoke.DirectMethodHandle$Holder.invokeStatic(java.lang.Object, java.lang.Object, int)'> (0x0000000093c35f70) 
thrown [s\open\src\hotspot\share\interpreter\linkResolver.cpp, line 773]
Event: 2.180 Thread 0x000002674e121590 Exception <a 'java/lang/NoSuchMethodError'{0x0000000093c49008}: 'java.lang.Object java.lang.invoke.DirectMethodHandle$Holder.invokeStatic(java.lang.Object, java.lang.Object, java.lang.Object, java.lang.Object, int)'> (0x0000000093c49008) 
thrown [s\open\src\hotspot\share\interpreter\linkResolver.cpp, line 773]
Event: 2.181 Thread 0x000002674e121590 Exception <a 'java/lang/NoSuchMethodError'{0x0000000093c50f20}: 'java.lang.Object java.lang.invoke.DirectMethodHandle$Holder.invokeSpecial(java.lang.Object, java.lang.Object, java.lang.Object, java.lang.Object, long)'> (0x0000000093c50f20) 
thrown [s\open\src\hotspot\share\interpreter\linkResolver.cpp, line 773]
Event: 2.184 Thread 0x000002674e121590 Exception <a 'java/lang/NoSuchMethodError'{0x0000000093c5ca10}: 'java.lang.Object java.lang.invoke.DirectMethodHandle$Holder.invokeSpecial(java.lang.Object, java.lang.Object, java.lang.Object, int, java.lang.Object)'> (0x0000000093c5ca10) 
thrown [s\open\src\hotspot\share\interpreter\linkResolver.cpp, line 773]
Event: 2.186 Thread 0x000002674e121590 Exception <a 'java/lang/NoSuchMethodError'{0x0000000093c64b30}: 'int java.lang.invoke.DirectMethodHandle$Holder.invokeSpecial(java.lang.Object, java.lang.Object, java.lang.Object, int)'> (0x0000000093c64b30) 
thrown [s\open\src\hotspot\share\interpreter\linkResolver.cpp, line 773]
Event: 2.194 Thread 0x000002674e121590 Implicit null exception at 0x000002676052cedd to 0x000002676052d0cc
Event: 2.196 Thread 0x000002674e121590 Exception <a 'java/lang/NoSuchMethodError'{0x0000000093cbd578}: 'java.lang.Object java.lang.invoke.Invokers$Holder.invokeExact_MT(java.lang.Object, int, java.lang.Object)'> (0x0000000093cbd578) 
thrown [s\open\src\hotspot\share\interpreter\linkResolver.cpp, line 773]
Event: 2.457 Thread 0x000002674e121590 Exception <a 'java/lang/NoSuchMethodError'{0x00000000934c5160}: 'void java.lang.invoke.Invokers$Holder.invokeExact_MT(java.lang.Object, java.lang.Object, java.lang.Object, java.lang.Object)'> (0x00000000934c5160) 
thrown [s\open\src\hotspot\share\interpreter\linkResolver.cpp, line 773]
Event: 2.484 Thread 0x000002674e121590 Exception <a 'java/lang/NoClassDefFoundError'{0x0000000093351598}: com/google/inject/servlet/ServletModuleTargetVisitor> (0x0000000093351598) 
thrown [s\open\src\hotspot\share\classfile\systemDictionary.cpp, line 301]
Event: 2.554 Thread 0x000002674e121590 Exception <a 'java/lang/NoSuchMethodError'{0x00000000931146a8}: 'void java.lang.invoke.DirectMethodHandle$Holder.invokeVirtual(java.lang.Object, java.lang.Object)'> (0x00000000931146a8) 
thrown [s\open\src\hotspot\share\interpreter\linkResolver.cpp, line 773]
Event: 2.600 Thread 0x000002674e121590 Exception <a 'java/lang/NoSuchMethodError'{0x00000000931938c8}: 'java.lang.Object java.lang.invoke.DirectMethodHandle$Holder.invokeStaticInit(java.lang.Object, int, int, int, int)'> (0x00000000931938c8) 
thrown [s\open\src\hotspot\share\interpreter\linkResolver.cpp, line 773]
Event: 2.745 Thread 0x000002674e121590 Implicit null exception at 0x00000267604cf824 to 0x00000267604cfe7c
Event: 2.745 Thread 0x000002674e121590 Implicit null exception at 0x00000267604baca0 to 0x00000267604bb2ec
Event: 2.801 Thread 0x000002674e121590 Exception <a 'java/lang/NoSuchMethodError'{0x0000000092ceaf40}: 'void java.lang.invoke.DirectMethodHandle$Holder.invokeSpecial(java.lang.Object, java.lang.Object, java.lang.Object, java.lang.Object, java.lang.Object)'> (0x0000000092ceaf40) 
thrown [s\open\src\hotspot\share\interpreter\linkResolver.cpp, line 773]
Event: 2.804 Thread 0x000002674e121590 Exception <a 'java/lang/NoSuchMethodError'{0x0000000092b012e0}: 'void java.lang.invoke.DirectMethodHandle$Holder.invokeSpecial(java.lang.Object, java.lang.Object, java.lang.Object, java.lang.Object, java.lang.Object, java.lang.Object)'> (0x0000000092b012e0) 
thrown [s\open\src\hotspot\share\interpreter\linkResolver.cpp, line 773]
Event: 2.823 Thread 0x000002674e121590 Exception <a 'java/lang/NoSuchMethodError'{0x0000000092bfdd18}: 'java.lang.Object java.lang.invoke.DirectMethodHandle$Holder.invokeVirtual(java.lang.Object, java.lang.Object, java.lang.Object)'> (0x0000000092bfdd18) 
thrown [s\open\src\hotspot\share\interpreter\linkResolver.cpp, line 773]
Event: 2.888 Thread 0x000002674e121590 Exception <a 'java/lang/NoSuchMethodError'{0x00000000929d5988}: 'void java.lang.invoke.DirectMethodHandle$Holder.invokeVirtual(java.lang.Object, java.lang.Object, int)'> (0x00000000929d5988) 
thrown [s\open\src\hotspot\share\interpreter\linkResolver.cpp, line 773]
Event: 2.889 Thread 0x000002674e121590 Exception <a 'java/lang/NoSuchMethodError'{0x00000000929d9728}: 'void java.lang.invoke.DirectMethodHandle$Holder.invokeSpecial(java.lang.Object, java.lang.Object, java.lang.Object, int)'> (0x00000000929d9728) 
thrown [s\open\src\hotspot\share\interpreter\linkResolver.cpp, line 773]
Event: 2.890 Thread 0x000002674e121590 Exception <a 'java/lang/NoSuchMethodError'{0x00000000929dcde8}: 'void java.lang.invoke.DelegatingMethodHandle$Holder.reinvoke_L(java.lang.Object, java.lang.Object, int)'> (0x00000000929dcde8) 
thrown [s\open\src\hotspot\share\interpreter\linkResolver.cpp, line 773]
Event: 4.281 Thread 0x000002674e121590 Exception <a 'java/lang/NoSuchMethodError'{0x0000000090c14250}: 'int java.lang.invoke.DirectMethodHandle$Holder.invokeSpecialIFC(java.lang.Object, java.lang.Object, java.lang.Object, java.lang.Object)'> (0x0000000090c14250) 
thrown [s\open\src\hotspot\share\interpreter\linkResolver.cpp, line 773]

ZGC Phase Switch (0 events):
No events

VM Operations (20 events):
Event: 2.613 Executing VM operation: HandshakeAllThreads (Deoptimize) done
Event: 2.645 Executing VM operation: HandshakeAllThreads (Deoptimize)
Event: 2.646 Executing VM operation: HandshakeAllThreads (Deoptimize) done
Event: 2.667 Executing VM operation: ICBufferFull
Event: 2.667 Executing VM operation: ICBufferFull done
Event: 2.698 Executing VM operation: HandshakeAllThreads (Deoptimize)
Event: 2.698 Executing VM operation: HandshakeAllThreads (Deoptimize) done
Event: 2.699 Executing VM operation: HandshakeAllThreads (Deoptimize)
Event: 2.699 Executing VM operation: HandshakeAllThreads (Deoptimize) done
Event: 3.285 Executing VM operation: ICBufferFull
Event: 3.285 Executing VM operation: ICBufferFull done
Event: 4.286 Executing VM operation: Cleanup
Event: 4.287 Executing VM operation: Cleanup done
Event: 5.160 Executing VM operation: G1CollectForAllocation (G1 Evacuation Pause)
Event: 5.192 Executing VM operation: G1CollectForAllocation (G1 Evacuation Pause) done
Event: 6.181 Executing VM operation: ICBufferFull
Event: 6.181 Executing VM operation: ICBufferFull done
Event: 6.909 Executing VM operation: ICBufferFull
Event: 6.909 Executing VM operation: ICBufferFull done
Event: 7.305 Executing VM operation: G1CollectForAllocation (G1 Evacuation Pause)

Events (20 events):
Event: 0.046 Thread 0x000002674e121590 Thread added: 0x000002674e121590
Event: 0.082 Thread 0x000002676d503060 Thread added: 0x000002676d503060
Event: 0.082 Thread 0x000002676d508af0 Thread added: 0x000002676d508af0
Event: 0.084 Thread 0x000002676d50bfe0 Thread added: 0x000002676d50bfe0
Event: 0.084 Thread 0x000002676d50ca40 Thread added: 0x000002676d50ca40
Event: 0.084 Thread 0x000002676d50d4a0 Thread added: 0x000002676d50d4a0
Event: 0.084 Thread 0x000002676d50ff10 Thread added: 0x000002676d50ff10
Event: 0.084 Thread 0x000002676d510ca0 Thread added: 0x000002676d510ca0
Event: 0.084 Thread 0x000002676d5301b0 Thread added: 0x000002676d5301b0
Event: 0.104 Thread 0x000002676d736440 Thread added: 0x000002676d736440
Event: 0.114 Thread 0x000002676d7baab0 Thread added: 0x000002676d7baab0
Event: 0.117 Thread 0x000002676d7bd2f0 Thread added: 0x000002676d7bd2f0
Event: 0.442 Thread 0x00000267720e5160 Thread added: 0x00000267720e5160
Event: 0.480 Thread 0x00000267720e5160 Thread exited: 0x00000267720e5160
Event: 0.659 Thread 0x00000267721b7080 Thread added: 0x00000267721b7080
Event: 0.660 Thread 0x00000267721c1b00 Thread added: 0x00000267721c1b00
Event: 0.687 Thread 0x00000267721fcb70 Thread added: 0x00000267721fcb70
Event: 2.662 Thread 0x0000026772e917a0 Thread added: 0x0000026772e917a0
Event: 4.549 Thread 0x00000267721fcb70 Thread exited: 0x00000267721fcb70
Event: 4.692 Thread 0x00000267733397b0 Thread added: 0x00000267733397b0


Dynamic libraries:
0x00007ff726550000 - 0x00007ff726560000 	C:\Program Files\Java\jdk-21\bin\java.exe
0x00007ff9ecda0000 - 0x00007ff9ed007000 	C:\WINDOWS\SYSTEM32\ntdll.dll
0x00007ff9eb6c0000 - 0x00007ff9eb789000 	C:\WINDOWS\System32\KERNEL32.DLL
0x00007ff9e9d10000 - 0x00007ff9ea101000 	C:\WINDOWS\System32\KERNELBASE.dll
0x00007ff9e9a50000 - 0x00007ff9e9b9b000 	C:\WINDOWS\System32\ucrtbase.dll
0x00007ff9d1f70000 - 0x00007ff9d1f8b000 	C:\Program Files\Java\jdk-21\bin\VCRUNTIME140.dll
0x00007ff9d2700000 - 0x00007ff9d2719000 	C:\Program Files\Java\jdk-21\bin\jli.dll
0x00007ff9ec1d0000 - 0x00007ff9ec28b000 	C:\WINDOWS\System32\ADVAPI32.dll
0x00007ff9eb0c0000 - 0x00007ff9eb169000 	C:\WINDOWS\System32\msvcrt.dll
0x00007ff9eb790000 - 0x00007ff9eb837000 	C:\WINDOWS\System32\sechost.dll
0x00007ff9eb200000 - 0x00007ff9eb318000 	C:\WINDOWS\System32\RPCRT4.dll
0x00007ff9ecaf0000 - 0x00007ff9eccb5000 	C:\WINDOWS\System32\USER32.dll
0x00007ff9e9680000 - 0x00007ff9e96a7000 	C:\WINDOWS\System32\win32u.dll
0x00007ff9d0f90000 - 0x00007ff9d1223000 	C:\WINDOWS\WinSxS\amd64_microsoft.windows.common-controls_6595b64144ccf1df_6.0.26100.8037_none_3e092faae333b53b\COMCTL32.dll
0x00007ff9eb590000 - 0x00007ff9eb5bb000 	C:\WINDOWS\System32\GDI32.dll
0x00007ff9eaa10000 - 0x00007ff9eab3b000 	C:\WINDOWS\System32\gdi32full.dll
0x00007ff9e96b0000 - 0x00007ff9e9753000 	C:\WINDOWS\System32\msvcp_win.dll
0x00007ff9dc860000 - 0x00007ff9dc86b000 	C:\WINDOWS\SYSTEM32\VERSION.dll
0x00007ff9eccc0000 - 0x00007ff9eccf1000 	C:\WINDOWS\System32\IMM32.DLL
0x00007ff9d8360000 - 0x00007ff9d836c000 	C:\Program Files\Java\jdk-21\bin\vcruntime140_1.dll
0x00007ff96bfe0000 - 0x00007ff96c06e000 	C:\Program Files\Java\jdk-21\bin\msvcp140.dll
0x00007ff96b2d0000 - 0x00007ff96bfdd000 	C:\Program Files\Java\jdk-21\bin\server\jvm.dll
0x00007ff9eb040000 - 0x00007ff9eb0b4000 	C:\WINDOWS\System32\WS2_32.dll
0x00007ff9e94e0000 - 0x00007ff9e953e000 	C:\WINDOWS\SYSTEM32\POWRPROF.dll
0x00007ff9ddc40000 - 0x00007ff9ddc75000 	C:\WINDOWS\SYSTEM32\WINMM.dll
0x00007ff9e94c0000 - 0x00007ff9e94d4000 	C:\WINDOWS\SYSTEM32\UMPDC.dll
0x00007ff9e8410000 - 0x00007ff9e842b000 	C:\WINDOWS\SYSTEM32\kernel.appcore.dll
0x00007ff9d02a0000 - 0x00007ff9d02aa000 	C:\Program Files\Java\jdk-21\bin\jimage.dll
0x00007ff9e7800000 - 0x00007ff9e7a42000 	C:\WINDOWS\SYSTEM32\DBGHELP.DLL
0x00007ff9eab50000 - 0x00007ff9eaed2000 	C:\WINDOWS\System32\combase.dll
0x00007ff9eb840000 - 0x00007ff9eb917000 	C:\WINDOWS\System32\OLEAUT32.dll
0x00007ff9cf9c0000 - 0x00007ff9cf9fb000 	C:\WINDOWS\SYSTEM32\dbgcore.DLL
0x00007ff9e9ba0000 - 0x00007ff9e9c45000 	C:\WINDOWS\System32\bcryptPrimitives.dll
0x00007ff9cdc90000 - 0x00007ff9cdcaf000 	C:\Program Files\Java\jdk-21\bin\java.dll
0x00007ff9ec2a0000 - 0x00007ff9ec9ff000 	C:\WINDOWS\System32\SHELL32.dll
0x00007ff9e9760000 - 0x00007ff9e98ca000 	C:\WINDOWS\System32\wintypes.dll
0x00007ff9ea1a0000 - 0x00007ff9eaa04000 	C:\WINDOWS\System32\windows.storage.dll
0x00007ff9eb990000 - 0x00007ff9eba87000 	C:\WINDOWS\System32\SHCORE.dll
0x00007ff9eb920000 - 0x00007ff9eb987000 	C:\WINDOWS\System32\shlwapi.dll
0x00007ff9e95a0000 - 0x00007ff9e95c9000 	C:\WINDOWS\SYSTEM32\profapi.dll
0x00007ff96b1f0000 - 0x00007ff96b2c7000 	C:\Program Files\Java\jdk-21\bin\jsvml.dll
0x00007ff9d0290000 - 0x00007ff9d02a0000 	C:\Program Files\Java\jdk-21\bin\net.dll
0x00007ff9ddac0000 - 0x00007ff9ddbe7000 	C:\WINDOWS\SYSTEM32\WINHTTP.dll
0x00007ff9e8980000 - 0x00007ff9e89eb000 	C:\WINDOWS\system32\mswsock.dll
0x00007ff9cc6a0000 - 0x00007ff9cc6b6000 	C:\Program Files\Java\jdk-21\bin\nio.dll
0x00007ff9cc680000 - 0x00007ff9cc698000 	C:\Program Files\Java\jdk-21\bin\zip.dll
0x00007ff976f30000 - 0x00007ff976f54000 	C:\Users\vinay\Downloads\apache-maven-3.9.9-bin\apache-maven-3.9.9\lib\jansi-native\Windows\x86_64\jansi.dll
0x00007ff9daf10000 - 0x00007ff9daf20000 	C:\Program Files\Java\jdk-21\bin\verify.dll

dbghelp: loaded successfully - version: 4.0.5 - missing functions: none
symbol engine: initialized successfully - sym options: 0x614 - pdb path: .;C:\Program Files\Java\jdk-21\bin;C:\WINDOWS\SYSTEM32;C:\WINDOWS\WinSxS\amd64_microsoft.windows.common-controls_6595b64144ccf1df_6.0.26100.8037_none_3e092faae333b53b;C:\Program Files\Java\jdk-21\bin\server;C:\Users\vinay\Downloads\apache-maven-3.9.9-bin\apache-maven-3.9.9\lib\jansi-native\Windows\x86_64

VM Arguments:
jvm_args: -Dclassworlds.conf=C:\Users\vinay\Downloads\apache-maven-3.9.9-bin\apache-maven-3.9.9\bin\m2.conf -Dmaven.home=C:\Users\vinay\Downloads\apache-maven-3.9.9-bin\apache-maven-3.9.9 -Dlibrary.jansi.path=C:\Users\vinay\Downloads\apache-maven-3.9.9-bin\apache-maven-3.9.9\lib\jansi-native -Dmaven.multiModuleProjectDirectory=C:\FoodieHub 
java_command: org.codehaus.plexus.classworlds.launcher.Launcher clean compile -DskipTests
java_class_path (initial): C:\Users\vinay\Downloads\apache-maven-3.9.9-bin\apache-maven-3.9.9\boot\plexus-classworlds-2.8.0.jar
Launcher Type: SUN_STANDARD

[Global flags]
     intx CICompilerCount                          = 12                                        {product} {ergonomic}
     uint ConcGCThreads                            = 3                                         {product} {ergonomic}
     uint G1ConcRefinementThreads                  = 13                                        {product} {ergonomic}
   size_t G1HeapRegionSize                         = 1048576                                   {product} {ergonomic}
    uintx GCDrainStackTargetSize                   = 64                                        {product} {ergonomic}
   size_t InitialHeapSize                          = 121634816                                 {product} {ergonomic}
   size_t MarkStackSize                            = 4194304                                   {product} {ergonomic}
   size_t MaxHeapSize                              = 1931476992                                {product} {ergonomic}
   size_t MaxNewSize                               = 1158676480                                {product} {ergonomic}
   size_t MinHeapDeltaBytes                        = 1048576                                   {product} {ergonomic}
   size_t MinHeapSize                              = 8388608                                   {product} {ergonomic}
    uintx NonNMethodCodeHeapSize                   = 7602480                                {pd product} {ergonomic}
    uintx NonProfiledCodeHeapSize                  = 122027880                              {pd product} {ergonomic}
    uintx ProfiledCodeHeapSize                     = 122027880                              {pd product} {ergonomic}
    uintx ReservedCodeCacheSize                    = 251658240                              {pd product} {ergonomic}
     bool SegmentedCodeCache                       = true                                      {product} {ergonomic}
   size_t SoftMaxHeapSize                          = 1931476992                             {manageable} {ergonomic}
     bool UseCompressedOops                        = true                           {product lp64_product} {ergonomic}
     bool UseG1GC                                  = true                                      {product} {ergonomic}
     bool UseLargePagesIndividualAllocation        = false                                  {pd product} {ergonomic}

Logging:
Log output configuration:
 #0: stdout all=warning uptime,level,tags foldmultilines=false
 #1: stderr all=off uptime,level,tags foldmultilines=false

Environment Variables:
PATH=C:\TOOLSGRADLE\gradle-8.13\bin;C:\Program Files\Common Files\Oracle\Java\javapath;C:\Windows\system32;C:\Windows;C:\Windows\System32\Wbem;C:\Windows\System32\WindowsPowerShell\v1.0\;C:\Windows\System32\OpenSSH\;C:\Program Files (x86)\NVIDIA Corporation\PhysX\Common;C:\MinGW\bin;C:\Program Files\NVIDIA Corporation\NVIDIA app\NvDLISR;C:\Program Files\Git\cmd;C:\WINDOWS\system32;C:\WINDOWS;C:\WINDOWS\System32\Wbem;C:\WINDOWS\System32\WindowsPowerShell\v1.0\;C:\WINDOWS\System32\OpenSSH\;C:\Users\vinay\Downloads\apache-maven-3.9.9-bin\apache-maven-3.9.9\bin;C:\Program Files\nodejs\;C:\MangoDB SHELL (Mangosh)\mongosh-2.5.1-win32-x64\bin;C:\MANGO-DB-CommunitySErver\bin;C:\Program Files\MySQL\MySQL Shell 8.0\bin\;C:\Users\vinay\AppData\Local\Programs\Python\Python312\Scripts\;C:\Users\vinay\AppData\Local\Programs\Python\Python312\;C:\Program Files\Java\jdk-21\bin;C:\Users\vinay\Desktop\intelligent\IntelliJ IDEA Community Edition 2024.1.1\bin;C:\ProgramData\Microsoft\Windows\Start Menu\Programs\MySQL\MySQL Server 8.0;;C:\MinGW\bin;C:\Users\vinay\AppData\Local\Microsoft\WindowsApps;C:\Users\vinay\AppData\Local\Programs\Microsoft VS Code\bin;C:\Users\vinay\AppData\Local\Programs\cursor\resources\app\bin;C:\Users\vinay\AppData\Roaming\npm;C:\Users\vinay\AppData\Local\Programs\Antigravity\bin
USERNAME=vinay
LANG=en_US.UTF-8
OS=Windows_NT
PROCESSOR_IDENTIFIER=AMD64 Family 25 Model 68 Stepping 1, AuthenticAMD
TMP=C:\Users\vinay\AppData\Local\Temp
TEMP=C:\Users\vinay\AppData\Local\Temp




Periodic native trim disabled

---------------  S Y S T E M  ---------------

OS:
 Windows 11 , 64 bit Build 26100 (10.0.26100.7920)
OS uptime: 4 days 3:57 hours
Hyper-V role detected

CPU: total 16 (initial active 16) (16 cores per cpu, 2 threads per core) family 25 model 68 stepping 1 microcode 0xa404107, cx8, cmov, fxsr, ht, mmx, 3dnowpref, sse, sse2, sse3, ssse3, sse4a, sse4.1, sse4.2, popcnt, lzcnt, tsc, tscinvbit, avx, avx2, aes, erms, clmul, bmi1, bmi2, adx, sha, fma, vzeroupper, clflush, clflushopt, hv, rdtscp, rdpid, fsrm, f16c, cet_ss
Processor Information for processor 0
  Max Mhz: 3201, Current Mhz: 1989, Mhz Limit: 3201
Processor Information for processor 1
  Max Mhz: 3201, Current Mhz: 3201, Mhz Limit: 3201
Processor Information for processor 2
  Max Mhz: 3201, Current Mhz: 1989, Mhz Limit: 3201
Processor Information for processor 3
  Max Mhz: 3201, Current Mhz: 3201, Mhz Limit: 3201
Processor Information for processor 4
  Max Mhz: 3201, Current Mhz: 1989, Mhz Limit: 3201
Processor Information for processor 5
  Max Mhz: 3201, Current Mhz: 1989, Mhz Limit: 3201
Processor Information for processor 6
  Max Mhz: 3201, Current Mhz: 3201, Mhz Limit: 3201
Processor Information for processor 7
  Max Mhz: 3201, Current Mhz: 3201, Mhz Limit: 3201
Processor Information for processor 8
  Max Mhz: 3201, Current Mhz: 1989, Mhz Limit: 3201
Processor Information for processor 9
  Max Mhz: 3201, Current Mhz: 1989, Mhz Limit: 3201
Processor Information for processor 10
  Max Mhz: 3201, Current Mhz: 1989, Mhz Limit: 3201
Processor Information for processor 11
  Max Mhz: 3201, Current Mhz: 1989, Mhz Limit: 3201
Processor Information for processor 12
  Max Mhz: 3201, Current Mhz: 1989, Mhz Limit: 3201
Processor Information for processor 13
  Max Mhz: 3201, Current Mhz: 1989, Mhz Limit: 3201
Processor Information for processor 14
  Max Mhz: 3201, Current Mhz: 1989, Mhz Limit: 3201
Processor Information for processor 15
  Max Mhz: 3201, Current Mhz: 1989, Mhz Limit: 3201

Memory: 4k page, system-wide physical 7365M (836M free)
TotalPageFile size 29893M (AvailPageFile size 66M)
current process WorkingSet (physical memory assigned to process): 183M, peak: 183M
current process commit charge ("private bytes"): 259M, peak: 268M

vm_info: Java HotSpot(TM) 64-Bit Server VM (21.0.3+7-LTS-152) for windows-amd64 JRE (21.0.3+7-LTS-152), built on 2024-03-11T17:42:26Z by "mach5one" with MS VC++ 17.6 (VS2022)

END.
